E:\E3PRO2\PROGRAM\LDNS\CODE\PLUNGINS\COMMMODBUSRTUSTD\RELEASE\COMMMODBUSRTUSTD.DLL.INTERMEDIATE.MANIFEST
E:\E3PRO2\PROGRAM\LDNS\CODE\PLUNGINS\COMMMODBUSRTUSTD\RELEASE\COMMMODBUSRTUSTD.RES
E:\E3PRO2\PROGRAM\LDNS\CODE\PLUNGINS\COMMMODBUSRTUSTD\RELEASE\Q_PROTOCOLMODBUSRTUSTD.OBJ
E:\E3PRO2\PROGRAM\LDNS\CODE\PLUNGINS\COMMMODBUSRTUSTD\RELEASE\VC100.PDB
E:\E3PRO2\PROGRAM\LDNS\CODE\RELEASE\COMMMODBUSRTUSTD.DLL
E:\e3pro2\program\ldns\code\Release\CommModbusRtuStd.exp
E:\e3pro2\program\ldns\code\Release\CommModbusRtuStd.lib
E:\E3PRO2\PROGRAM\LDNS\CODE\RELEASE\COMMMODBUSRTUSTD.PDB
F:\Gkpro\program\ldns\plungins\CommModbusRtuStd\Release\cl.command.1.tlog
F:\Gkpro\program\ldns\plungins\CommModbusRtuStd\Release\CL.read.1.tlog
F:\Gkpro\program\ldns\plungins\CommModbusRtuStd\Release\CL.write.1.tlog
F:\Gkpro\program\ldns\plungins\CommModbusRtuStd\Release\CommModbusRtuStd.dll.intermediate.manifest
F:\GKPRO\PROGRAM\LDNS\PLUNGINS\COMMMODBUSRTUSTD\RELEASE\COMMMODBUSRTUSTD.RES
F:\Gkpro\program\ldns\plungins\CommModbusRtuStd\Release\CommModbusRtuStd.vcxprojResolveAssemblyReference.cache
F:\Gkpro\program\ldns\plungins\CommModbusRtuStd\Release\CommModbusRtuStd.write.1.tlog
F:\Gkpro\program\ldns\plungins\CommModbusRtuStd\Release\link.command.1.tlog
F:\Gkpro\program\ldns\plungins\CommModbusRtuStd\Release\link.read.1.tlog
F:\Gkpro\program\ldns\plungins\CommModbusRtuStd\Release\link.write.1.tlog
F:\Gkpro\program\ldns\plungins\CommModbusRtuStd\Release\link-cvtres.read.1.tlog
F:\Gkpro\program\ldns\plungins\CommModbusRtuStd\Release\link-cvtres.write.1.tlog
F:\Gkpro\program\ldns\plungins\CommModbusRtuStd\Release\mt.command.1.tlog
F:\Gkpro\program\ldns\plungins\CommModbusRtuStd\Release\mt.read.1.tlog
F:\Gkpro\program\ldns\plungins\CommModbusRtuStd\Release\mt.write.1.tlog
F:\GKPRO\PROGRAM\LDNS\PLUNGINS\COMMMODBUSRTUSTD\RELEASE\Q_PROTOCOLMODBUSRTUSTD.OBJ
F:\Gkpro\program\ldns\plungins\CommModbusRtuStd\Release\rc.command.1.tlog
F:\Gkpro\program\ldns\plungins\CommModbusRtuStd\Release\rc.read.1.tlog
F:\Gkpro\program\ldns\plungins\CommModbusRtuStd\Release\rc.write.1.tlog
F:\GKPRO\PROGRAM\LDNS\PLUNGINS\COMMMODBUSRTUSTD\RELEASE\VC100.PDB
F:\GKPRO\PROGRAM\LDNS\RELEASE\COMMMODBUSRTUSTD.DLL
F:\Gkpro\program\ldns\Release\CommModbusRtuStd.exp
F:\Gkpro\program\ldns\Release\CommModbusRtuStd.lib
