生成启动时间为 2017/12/12 11:44:20。
     1>项目“F:\Gkpro\program\ldns\plungins\CommModbusRtuStd\CommModbusRtuStd.vcxproj”在节点 2 上(build 个目标)。
     1>InitializeBuildStatus:
         正在对“Release\CommModbusRtuStd.unsuccessfulbuild”执行 Touch 任务。
       ClCompile:
         所有输出均为最新。
       ResourceCompile:
         所有输出均为最新。
       Link:
         C:\Program Files (x86)\Microsoft Visual Studio 10.0\VC\bin\link.exe /ERRORREPORT:PROMPT /OUT:"..\..\bin\CommModbusRtuStd.dll" /INCREMENTAL:NO /NOLOGO /LIBPATH:..\..\bin\ RealDB.lib ScadaProcess.lib CommFrame.lib tinyxml.lib Log.lib /DEF:"CommModbusRtuStd.def" /MANIFEST /ManifestFile:"Release\CommModbusRtuStd.dll.intermediate.manifest" /MANIFESTUAC:"level='asInvoker' uiAccess='false'" /DEBUG /PDB:"F:\Gkpro\program\ldns\bin\CommModbusRtuStd.pdb" /SUBSYSTEM:WINDOWS /OPT:REF /OPT:ICF /LTCG /TLBID:1 /DYNAMICBASE /NXCOMPAT /IMPLIB:"..\..\bin\CommModbusRtuStd.lib" /MACHINE:X86 /DLL Release\CommModbusRtuStd.res
         Release\Q_protocolModbusRtuStd.obj
            正在创建库 ..\..\bin\CommModbusRtuStd.lib 和对象 ..\..\bin\CommModbusRtuStd.exp
         正在生成代码
         已完成代码的生成
         CommModbusRtuStd.vcxproj -> F:\Gkpro\program\ldns\plungins\CommModbusRtuStd\..\..\bin\CommModbusRtuStd.dll
       Manifest:
         C:\Program Files (x86)\Microsoft SDKs\Windows\v7.0A\bin\mt.exe /nologo /verbose /outputresource:"..\..\bin\CommModbusRtuStd.dll;#2" /manifest Release\CommModbusRtuStd.dll.intermediate.manifest "C:\Program Files (x86)\Microsoft Visual Studio 10.0\VC\Include\Manifest\dpiaware.manifest"
       FinalizeBuildStatus:
         正在删除文件“Release\CommModbusRtuStd.unsuccessfulbuild”。
         正在对“Release\CommModbusRtuStd.lastbuildstate”执行 Touch 任务。
     1>已完成生成项目“F:\Gkpro\program\ldns\plungins\CommModbusRtuStd\CommModbusRtuStd.vcxproj”(build 个目标)的操作。

生成成功。

已用时间 00:00:01.05
