..\..\Bin\CommModbusRtuStd.pdb
F:\Gkpro\program\ldns\plungins\CommModbusRtuStd\Debug\cl.command.1.tlog
F:\Gkpro\program\ldns\plungins\CommModbusRtuStd\Debug\CL.read.1.tlog
F:\Gkpro\program\ldns\plungins\CommModbusRtuStd\Debug\CL.write.1.tlog
F:\Gkpro\program\ldns\plungins\CommModbusRtuStd\Debug\CommModbusRtuStd.dll.embed.manifest
F:\GKPRO\PROGRAM\LDNS\PLUNGINS\COMMMODBUSRTUSTD\DEBUG\COMMMODBUSRTUSTD.DLL.EMBED.MANIFEST.RES
F:\Gkpro\program\ldns\plungins\CommModbusRtuStd\Debug\CommModbusRtuStd.dll.intermediate.manifest
F:\GKPRO\PROGRAM\LDNS\PLUNGINS\COMMMODBUSRTUSTD\DEBUG\COMMMODBUSRTUSTD.RES
F:\Gkpro\program\ldns\plungins\CommModbusRtuStd\Debug\CommModbusRtuStd.write.1.tlog
F:\Gkpro\program\ldns\plungins\CommModbusRtuStd\Debug\CommModbusRtuStd_manifest.rc
F:\Gkpro\program\ldns\plungins\CommModbusRtuStd\Debug\link.command.1.tlog
F:\Gkpro\program\ldns\plungins\CommModbusRtuStd\Debug\link.read.1.tlog
F:\Gkpro\program\ldns\plungins\CommModbusRtuStd\Debug\link.write.1.tlog
F:\Gkpro\program\ldns\plungins\CommModbusRtuStd\Debug\link-cvtres.read.1.tlog
F:\Gkpro\program\ldns\plungins\CommModbusRtuStd\Debug\link-cvtres.write.1.tlog
F:\GKPRO\PROGRAM\LDNS\PLUNGINS\COMMMODBUSRTUSTD\DEBUG\Q_PROTOCOLMODBUSRTUSTD.OBJ
F:\Gkpro\program\ldns\plungins\CommModbusRtuStd\Debug\rc.command.1.tlog
F:\Gkpro\program\ldns\plungins\CommModbusRtuStd\Debug\rc.read.1.tlog
F:\Gkpro\program\ldns\plungins\CommModbusRtuStd\Debug\rc.write.1.tlog
F:\Gkpro\program\ldns\plungins\CommModbusRtuStd\Debug\vc100.idb
F:\GKPRO\PROGRAM\LDNS\PLUNGINS\COMMMODBUSRTUSTD\DEBUG\VC100.PDB
