10:19:19:386, Q_tcpServerLink::tcp socket selcet error

10:19:22:891, Q_tcpServerLink::tcp socket selcet error

10:19:26:400, Q_tcpServerLink::tcp socket selcet error

10:19:29:902, Q_tcpServerLink::tcp socket selcet error

10:19:33:408, Q_tcpServerLink::tcp socket selcet error

10:19:36:912, Q_tcpServerLink::tcp socket selcet error

10:30:42:66, Q_tcpServerLink::acceptClient A new IP:192.168.60.125 connected

10:30:53:927, Q_tcpServerLink::tcp socket selcet error

10:31:24:761, Q_tcpServerLink::tcp socket selcet error

10:31:28:272, Q_tcpServerLink::tcp socket selcet error

10:31:31:778, Q_tcpServerLink::tcp socket selcet error

10:31:35:283, Q_tcpServerLink::tcp socket selcet error

10:31:38:785, Q_tcpServerLink::tcp socket selcet error

10:31:42:286, Q_tcpServerLink::tcp socket selcet error

10:31:45:791, Q_tcpServerLink::tcp socket selcet error

10:31:49:292, Q_tcpServerLink::tcp socket selcet error

10:31:57:420, Q_tcpServerLink::acceptClient A new IP:192.168.40.59 connected

10:31:57:422, Q_tcpServerLink IP didn't find in allow list,IP=192.168.40.59 close this socket

10:31:57:423, Q_tcpServerLink::disconnectClient close socket IP=192.168.40.59

10:32:03:960, Q_tcpServerLink::tcp socket selcet error

10:32:11:713, Q_tcpServerLink::tcp socket selcet error

10:32:15:216, Q_tcpServerLink::tcp socket selcet error

10:32:18:718, Q_tcpServerLink::tcp socket selcet error

10:32:22:230, Q_tcpServerLink::tcp socket selcet error

10:32:25:732, Q_tcpServerLink::tcp socket selcet error

10:32:29:233, Q_tcpServerLink::tcp socket selcet error

10:32:32:737, Q_tcpServerLink::tcp socket selcet error

10:32:36:242, Q_tcpServerLink::tcp socket selcet error

10:32:39:746, Q_tcpServerLink::tcp socket selcet error

10:32:43:247, Q_tcpServerLink::tcp socket selcet error

10:32:46:751, Q_tcpServerLink::tcp socket selcet error

10:32:50:253, Q_tcpServerLink::tcp socket selcet error

10:32:53:755, Q_tcpServerLink::tcp socket selcet error

10:32:57:256, Q_tcpServerLink::tcp socket selcet error

10:33:00:770, Q_tcpServerLink::tcp socket selcet error

10:33:04:271, Q_tcpServerLink::tcp socket selcet error

10:33:07:773, Q_tcpServerLink::tcp socket selcet error

10:33:11:275, Q_tcpServerLink::tcp socket selcet error

10:33:14:778, Q_tcpServerLink::tcp socket selcet error

10:33:18:285, Q_tcpServerLink::tcp socket selcet error

10:33:21:801, Q_tcpServerLink::tcp socket selcet error

10:33:25:307, Q_tcpServerLink::tcp socket selcet error

10:33:28:810, Q_tcpServerLink::tcp socket selcet error

10:33:32:313, Q_tcpServerLink::tcp socket selcet error

10:33:35:814, Q_tcpServerLink::tcp socket selcet error

10:34:32:342, Q_tcpServerLink::tcp socket selcet error

10:34:37:156, Q_tcpServerLink::tcp socket selcet error

10:34:42:262, Q_tcpServerLink::tcp socket selcet error

10:35:19:530, Q_tcpServerLink::acceptClient A new IP:192.168.60.125 connected

10:35:23:67, Q_tcpServerLink::tcp socket selcet error

10:35:30:326, Q_tcpServerLink::acceptClient A new IP:192.168.40.59 connected

10:35:30:327, Q_tcpServerLink IP didn't find in allow list,IP=192.168.40.59 close this socket

10:35:30:331, Q_tcpServerLink::disconnectClient close socket IP=192.168.40.59

10:35:34:342, Q_tcpServerLink::tcp socket selcet error

10:35:37:843, Q_tcpServerLink::tcp socket selcet error

10:35:41:344, Q_tcpServerLink::tcp socket selcet error

10:35:44:846, Q_tcpServerLink::tcp socket selcet error

10:35:48:349, Q_tcpServerLink::tcp socket selcet error

10:35:51:851, Q_tcpServerLink::tcp socket selcet error

10:35:55:356, Q_tcpServerLink::tcp socket selcet error

10:35:58:860, Q_tcpServerLink::tcp socket selcet error

10:36:02:367, Q_tcpServerLink::tcp socket selcet error

10:36:05:871, Q_tcpServerLink::tcp socket selcet error

10:36:09:378, Q_tcpServerLink::tcp socket selcet error

10:36:12:879, Q_tcpServerLink::tcp socket selcet error

10:36:16:382, Q_tcpServerLink::tcp socket selcet error

10:36:19:887, Q_tcpServerLink::tcp socket selcet error

10:39:01:504, Q_tcpServerLink::acceptClient A new IP:192.168.40.59 connected

10:39:01:505, Q_tcpServerLink IP didn't find in allow list,IP=192.168.40.59 close this socket

10:39:03:219, Q_tcpServerLink::acceptClient A new IP:192.168.60.125 connected

10:39:06:748, Q_tcpServerLink::tcp socket selcet error

10:39:10:254, Q_tcpServerLink::tcp socket selcet error

10:39:17:633, Q_tcpServerLink::acceptClient A new IP:192.168.60.125 connected

10:39:21:159, Q_tcpServerLink::tcp socket selcet error

10:39:24:661, Q_tcpServerLink::tcp socket selcet error

10:48:11:118, Q_tcpServerLink::acceptClient A new IP:192.168.60.125 connected

10:48:14:690, Q_tcpServerLink::tcp socket selcet error

10:48:18:192, Q_tcpServerLink::tcp socket selcet error

10:48:21:703, Q_tcpServerLink::tcp socket selcet error

10:48:25:703, Q_tcpServerLink::acceptClient A new IP:192.168.40.59 connected

10:48:25:704, Q_tcpServerLink IP didn't find in allow list,IP=192.168.40.59 close this socket

10:48:29:210, Q_tcpServerLink::tcp socket selcet error

10:48:32:711, Q_tcpServerLink::tcp socket selcet error

10:48:36:366, Q_tcpServerLink::acceptClient A new IP:192.168.60.125 connected

10:48:39:894, Q_tcpServerLink::tcp socket selcet error

10:48:43:400, Q_tcpServerLink::tcp socket selcet error

10:48:46:902, Q_tcpServerLink::tcp socket selcet error

10:51:28:369, Q_tcpServerLink::acceptClient A new IP:192.168.60.125 connected

10:51:31:892, Q_tcpServerLink::tcp socket selcet error

10:51:35:394, Q_tcpServerLink::tcp socket selcet error

10:51:38:897, Q_tcpServerLink::tcp socket selcet error

10:51:42:398, Q_tcpServerLink::tcp socket selcet error

10:51:45:904, Q_tcpServerLink::tcp socket selcet error

10:51:49:405, Q_tcpServerLink::tcp socket selcet error

10:51:52:911, Q_tcpServerLink::tcp socket selcet error

10:51:57:915, Q_tcpServerLink::acceptClient A new IP:192.168.60.125 connected

10:52:01:436, Q_tcpServerLink::tcp socket selcet error

10:52:04:248, Q_tcpServerLink::acceptClient A new IP:192.168.40.59 connected

10:52:04:249, Q_tcpServerLink IP didn't find in allow list,IP=192.168.40.59 close this socket

10:52:04:251, Q_tcpServerLink::disconnectClient close socket IP=192.168.40.59

10:52:07:754, Q_tcpServerLink::tcp socket selcet error

10:52:11:256, Q_tcpServerLink::tcp socket selcet error

10:52:14:763, Q_tcpServerLink::tcp socket selcet error

10:52:18:265, Q_tcpServerLink::tcp socket selcet error

10:52:21:767, Q_tcpServerLink::tcp socket selcet error

10:52:26:420, Q_tcpServerLink::acceptClient A new IP:192.168.40.59 connected

10:52:26:421, Q_tcpServerLink IP didn't find in allow list,IP=192.168.40.59 close this socket

10:52:26:424, Q_tcpServerLink::disconnectClient close socket IP=192.168.40.59

10:52:29:925, Q_tcpServerLink::tcp socket selcet error

10:52:33:426, Q_tcpServerLink::tcp socket selcet error

10:52:34:416, Q_tcpServerLink::acceptClient A new IP:192.168.40.59 connected

10:52:34:418, Q_tcpServerLink IP didn't find in allow list,IP=192.168.40.59 close this socket

10:52:34:420, Q_tcpServerLink::disconnectClient close socket IP=192.168.40.59

10:52:35:367, Q_tcpServerLink::acceptClient A new IP:192.168.40.59 connected

10:52:35:368, Q_tcpServerLink IP didn't find in allow list,IP=192.168.40.59 close this socket

10:52:35:370, Q_tcpServerLink::disconnectClient close socket IP=192.168.40.59

10:52:35:883, Q_tcpServerLink::acceptClient A new IP:192.168.40.59 connected

10:52:35:886, Q_tcpServerLink IP didn't find in allow list,IP=192.168.40.59 close this socket

10:52:35:891, Q_tcpServerLink::disconnectClient close socket IP=192.168.40.59

10:52:36:394, Q_tcpServerLink::acceptClient A new IP:192.168.40.59 connected

10:52:36:396, Q_tcpServerLink IP didn't find in allow list,IP=192.168.40.59 close this socket

10:52:36:398, Q_tcpServerLink::disconnectClient close socket IP=192.168.40.59

10:52:36:900, Q_tcpServerLink::acceptClient A new IP:192.168.40.59 connected

10:52:36:902, Q_tcpServerLink IP didn't find in allow list,IP=192.168.40.59 close this socket

10:52:36:905, Q_tcpServerLink::disconnectClient close socket IP=192.168.40.59

10:52:37:420, Q_tcpServerLink::acceptClient A new IP:192.168.40.59 connected

10:52:37:422, Q_tcpServerLink IP didn't find in allow list,IP=192.168.40.59 close this socket

10:52:37:426, Q_tcpServerLink::disconnectClient close socket IP=192.168.40.59

10:52:37:953, Q_tcpServerLink::acceptClient A new IP:192.168.40.59 connected

10:52:37:956, Q_tcpServerLink IP didn't find in allow list,IP=192.168.40.59 close this socket

10:52:37:959, Q_tcpServerLink::disconnectClient close socket IP=192.168.40.59

10:52:38:474, Q_tcpServerLink::acceptClient A new IP:192.168.40.59 connected

10:52:38:476, Q_tcpServerLink IP didn't find in allow list,IP=192.168.40.59 close this socket

10:52:38:477, Q_tcpServerLink::disconnectClient close socket IP=192.168.40.59

10:52:38:991, Q_tcpServerLink::acceptClient A new IP:192.168.40.59 connected

10:52:38:999, Q_tcpServerLink IP didn't find in allow list,IP=192.168.40.59 close this socket

10:52:39:1, Q_tcpServerLink::disconnectClient close socket IP=192.168.40.59

10:52:39:507, Q_tcpServerLink::acceptClient A new IP:192.168.40.59 connected

10:52:39:509, Q_tcpServerLink IP didn't find in allow list,IP=192.168.40.59 close this socket

10:52:39:511, Q_tcpServerLink::disconnectClient close socket IP=192.168.40.59

10:52:40:18, Q_tcpServerLink::acceptClient A new IP:192.168.40.59 connected

10:52:40:21, Q_tcpServerLink IP didn't find in allow list,IP=192.168.40.59 close this socket

10:52:40:23, Q_tcpServerLink::disconnectClient close socket IP=192.168.40.59

10:52:43:549, Q_tcpServerLink::tcp socket selcet error

10:52:47:55, Q_tcpServerLink::tcp socket selcet error

10:52:50:556, Q_tcpServerLink::tcp socket selcet error

10:52:54:59, Q_tcpServerLink::tcp socket selcet error

10:52:57:566, Q_tcpServerLink::tcp socket selcet error

10:53:01:72, Q_tcpServerLink::tcp socket selcet error

10:53:04:573, Q_tcpServerLink::tcp socket selcet error

10:53:08:79, Q_tcpServerLink::tcp socket selcet error

10:53:11:582, Q_tcpServerLink::tcp socket selcet error

10:53:15:88, Q_tcpServerLink::tcp socket selcet error

10:53:18:602, Q_tcpServerLink::tcp socket selcet error

10:53:22:104, Q_tcpServerLink::tcp socket selcet error

10:53:25:607, Q_tcpServerLink::tcp socket selcet error

10:53:29:110, Q_tcpServerLink::tcp socket selcet error

10:53:32:611, Q_tcpServerLink::tcp socket selcet error

10:53:36:115, Q_tcpServerLink::tcp socket selcet error

10:53:39:619, Q_tcpServerLink::tcp socket selcet error

10:53:43:121, Q_tcpServerLink::tcp socket selcet error

10:53:46:625, Q_tcpServerLink::tcp socket selcet error

10:53:50:128, Q_tcpServerLink::tcp socket selcet error

10:53:53:632, Q_tcpServerLink::tcp socket selcet error

10:53:57:134, Q_tcpServerLink::tcp socket selcet error

10:54:00:636, Q_tcpServerLink::tcp socket selcet error

10:54:04:138, Q_tcpServerLink::tcp socket selcet error

10:54:07:641, Q_tcpServerLink::tcp socket selcet error

10:54:11:144, Q_tcpServerLink::tcp socket selcet error

10:54:14:646, Q_tcpServerLink::tcp socket selcet error

10:54:18:149, Q_tcpServerLink::tcp socket selcet error

10:54:21:650, Q_tcpServerLink::tcp socket selcet error

10:54:25:151, Q_tcpServerLink::tcp socket selcet error

10:54:28:654, Q_tcpServerLink::tcp socket selcet error

10:54:32:155, Q_tcpServerLink::tcp socket selcet error

10:54:35:656, Q_tcpServerLink::tcp socket selcet error

10:54:39:159, Q_tcpServerLink::tcp socket selcet error

10:54:42:660, Q_tcpServerLink::tcp socket selcet error

10:54:46:162, Q_tcpServerLink::tcp socket selcet error

10:54:49:664, Q_tcpServerLink::tcp socket selcet error

10:54:53:165, Q_tcpServerLink::tcp socket selcet error

10:54:56:667, Q_tcpServerLink::tcp socket selcet error

10:55:00:169, Q_tcpServerLink::tcp socket selcet error

10:55:03:672, Q_tcpServerLink::tcp socket selcet error

10:55:07:175, Q_tcpServerLink::tcp socket selcet error

10:55:10:678, Q_tcpServerLink::tcp socket selcet error

10:55:14:179, Q_tcpServerLink::tcp socket selcet error

10:55:17:515, Q_tcpServerLink::acceptClient A new IP:192.168.60.120 connected

10:55:17:517, Q_tcpServerLink IP didn't find in allow list,IP=192.168.60.120 close this socket

10:55:17:523, Q_tcpServerLink::disconnectClient close socket IP=192.168.60.120

10:55:21:30, Q_tcpServerLink::tcp socket selcet error

10:55:24:532, Q_tcpServerLink::tcp socket selcet error

10:55:28:50, Q_tcpServerLink::tcp socket selcet error

10:55:30:22, Q_tcpServerLink::acceptClient A new IP:192.168.60.120 connected

10:55:30:24, Q_tcpServerLink IP didn't find in allow list,IP=192.168.60.120 close this socket

10:55:30:28, Q_tcpServerLink::disconnectClient close socket IP=192.168.60.120

10:55:31:57, Q_tcpServerLink::acceptClient A new IP:192.168.60.120 connected

10:55:31:59, Q_tcpServerLink IP didn't find in allow list,IP=192.168.60.120 close this socket

10:55:31:61, Q_tcpServerLink::disconnectClient close socket IP=192.168.60.120

10:55:31:563, Q_tcpServerLink::acceptClient A new IP:192.168.60.120 connected

10:55:31:566, Q_tcpServerLink IP didn't find in allow list,IP=192.168.60.120 close this socket

10:55:31:570, Q_tcpServerLink::disconnectClient close socket IP=192.168.60.120

10:55:32:78, Q_tcpServerLink::acceptClient A new IP:192.168.60.120 connected

10:55:32:81, Q_tcpServerLink IP didn't find in allow list,IP=192.168.60.120 close this socket

10:55:32:85, Q_tcpServerLink::disconnectClient close socket IP=192.168.60.120

10:55:32:591, Q_tcpServerLink::acceptClient A new IP:192.168.60.120 connected

10:55:32:592, Q_tcpServerLink IP didn't find in allow list,IP=192.168.60.120 close this socket

10:55:32:595, Q_tcpServerLink::disconnectClient close socket IP=192.168.60.120

10:55:36:101, Q_tcpServerLink::tcp socket selcet error

10:55:39:606, Q_tcpServerLink::tcp socket selcet error

10:55:43:112, Q_tcpServerLink::tcp socket selcet error

10:55:46:615, Q_tcpServerLink::tcp socket selcet error

10:55:50:122, Q_tcpServerLink::tcp socket selcet error

10:55:53:623, Q_tcpServerLink::tcp socket selcet error

10:55:57:152, Q_tcpServerLink::tcp socket selcet error

10:56:00:655, Q_tcpServerLink::tcp socket selcet error

10:56:04:169, Q_tcpServerLink::tcp socket selcet error

10:56:07:673, Q_tcpServerLink::tcp socket selcet error

10:56:11:182, Q_tcpServerLink::tcp socket selcet error

10:56:14:686, Q_tcpServerLink::tcp socket selcet error

10:56:18:192, Q_tcpServerLink::tcp socket selcet error

10:56:21:701, Q_tcpServerLink::tcp socket selcet error

10:56:25:210, Q_tcpServerLink::tcp socket selcet error

10:56:28:717, Q_tcpServerLink::tcp socket selcet error

10:56:32:221, Q_tcpServerLink::tcp socket selcet error

10:56:35:724, Q_tcpServerLink::tcp socket selcet error

10:56:39:227, Q_tcpServerLink::tcp socket selcet error

10:56:42:739, Q_tcpServerLink::tcp socket selcet error

10:56:46:249, Q_tcpServerLink::tcp socket selcet error

10:56:49:753, Q_tcpServerLink::tcp socket selcet error

10:56:53:265, Q_tcpServerLink::tcp socket selcet error

10:56:56:769, Q_tcpServerLink::tcp socket selcet error

10:57:00:270, Q_tcpServerLink::tcp socket selcet error

10:57:03:787, Q_tcpServerLink::tcp socket selcet error

10:57:07:289, Q_tcpServerLink::tcp socket selcet error

10:57:10:791, Q_tcpServerLink::tcp socket selcet error

10:57:14:295, Q_tcpServerLink::tcp socket selcet error

10:57:17:801, Q_tcpServerLink::tcp socket selcet error

10:57:21:303, Q_tcpServerLink::tcp socket selcet error

10:57:24:818, Q_tcpServerLink::tcp socket selcet error

10:57:28:323, Q_tcpServerLink::tcp socket selcet error

10:57:31:850, Q_tcpServerLink::tcp socket selcet error

10:57:35:354, Q_tcpServerLink::tcp socket selcet error

10:57:38:871, Q_tcpServerLink::tcp socket selcet error

10:57:42:388, Q_tcpServerLink::tcp socket selcet error

10:57:45:891, Q_tcpServerLink::tcp socket selcet error

10:57:49:409, Q_tcpServerLink::tcp socket selcet error

10:57:52:922, Q_tcpServerLink::tcp socket selcet error

10:57:56:428, Q_tcpServerLink::tcp socket selcet error

10:57:59:932, Q_tcpServerLink::tcp socket selcet error

10:58:03:435, Q_tcpServerLink::tcp socket selcet error

10:58:06:943, Q_tcpServerLink::tcp socket selcet error

10:58:10:448, Q_tcpServerLink::tcp socket selcet error

10:58:13:950, Q_tcpServerLink::tcp socket selcet error

10:58:17:456, Q_tcpServerLink::tcp socket selcet error

10:58:20:973, Q_tcpServerLink::tcp socket selcet error

10:58:24:481, Q_tcpServerLink::tcp socket selcet error

10:58:28:3, Q_tcpServerLink::tcp socket selcet error

10:58:31:511, Q_tcpServerLink::tcp socket selcet error

10:58:35:18, Q_tcpServerLink::tcp socket selcet error

10:58:38:547, Q_tcpServerLink::tcp socket selcet error

10:58:42:61, Q_tcpServerLink::tcp socket selcet error

10:58:45:566, Q_tcpServerLink::tcp socket selcet error

10:58:49:74, Q_tcpServerLink::tcp socket selcet error

10:58:52:577, Q_tcpServerLink::tcp socket selcet error

10:58:56:81, Q_tcpServerLink::tcp socket selcet error

10:58:59:582, Q_tcpServerLink::tcp socket selcet error

10:59:03:100, Q_tcpServerLink::tcp socket selcet error

10:59:06:609, Q_tcpServerLink::tcp socket selcet error

10:59:10:119, Q_tcpServerLink::tcp socket selcet error

10:59:13:622, Q_tcpServerLink::tcp socket selcet error

10:59:17:158, Q_tcpServerLink::tcp socket selcet error

10:59:20:687, Q_tcpServerLink::tcp socket selcet error

10:59:24:204, Q_tcpServerLink::tcp socket selcet error

10:59:27:712, Q_tcpServerLink::tcp socket selcet error

10:59:31:215, Q_tcpServerLink::tcp socket selcet error

10:59:34:718, Q_tcpServerLink::tcp socket selcet error

10:59:38:223, Q_tcpServerLink::tcp socket selcet error

10:59:41:728, Q_tcpServerLink::tcp socket selcet error

10:59:45:235, Q_tcpServerLink::tcp socket selcet error

10:59:48:746, Q_tcpServerLink::tcp socket selcet error

10:59:52:254, Q_tcpServerLink::tcp socket selcet error

10:59:55:765, Q_tcpServerLink::tcp socket selcet error

10:59:59:272, Q_tcpServerLink::tcp socket selcet error

11:00:02:775, Q_tcpServerLink::tcp socket selcet error

11:00:06:280, Q_tcpServerLink::tcp socket selcet error

11:00:09:783, Q_tcpServerLink::tcp socket selcet error

11:00:13:286, Q_tcpServerLink::tcp socket selcet error

11:00:16:789, Q_tcpServerLink::tcp socket selcet error

11:00:20:306, Q_tcpServerLink::tcp socket selcet error

11:00:23:819, Q_tcpServerLink::tcp socket selcet error

11:00:27:340, Q_tcpServerLink::tcp socket selcet error

11:00:30:846, Q_tcpServerLink::tcp socket selcet error

11:00:34:366, Q_tcpServerLink::tcp socket selcet error

11:00:37:871, Q_tcpServerLink::tcp socket selcet error

11:00:41:375, Q_tcpServerLink::tcp socket selcet error

11:00:44:889, Q_tcpServerLink::tcp socket selcet error

11:00:48:399, Q_tcpServerLink::tcp socket selcet error

11:00:51:919, Q_tcpServerLink::tcp socket selcet error

11:00:55:429, Q_tcpServerLink::tcp socket selcet error

11:00:58:947, Q_tcpServerLink::tcp socket selcet error

11:01:02:459, Q_tcpServerLink::tcp socket selcet error

11:01:05:962, Q_tcpServerLink::tcp socket selcet error

11:01:09:475, Q_tcpServerLink::tcp socket selcet error

11:01:12:976, Q_tcpServerLink::tcp socket selcet error

11:01:16:479, Q_tcpServerLink::tcp socket selcet error

11:01:19:993, Q_tcpServerLink::tcp socket selcet error

11:01:23:496, Q_tcpServerLink::tcp socket selcet error

11:01:27:0, Q_tcpServerLink::tcp socket selcet error

11:01:30:504, Q_tcpServerLink::tcp socket selcet error

11:01:34:5, Q_tcpServerLink::tcp socket selcet error

11:01:37:532, Q_tcpServerLink::tcp socket selcet error

11:01:41:77, Q_tcpServerLink::tcp socket selcet error

11:01:44:582, Q_tcpServerLink::tcp socket selcet error

11:01:48:85, Q_tcpServerLink::tcp socket selcet error

11:01:51:586, Q_tcpServerLink::tcp socket selcet error

11:01:55:113, Q_tcpServerLink::tcp socket selcet error

11:01:58:616, Q_tcpServerLink::tcp socket selcet error

11:02:02:138, Q_tcpServerLink::tcp socket selcet error

11:02:05:649, Q_tcpServerLink::tcp socket selcet error

11:02:09:154, Q_tcpServerLink::tcp socket selcet error

11:02:12:659, Q_tcpServerLink::tcp socket selcet error

11:02:16:176, Q_tcpServerLink::tcp socket selcet error

11:02:19:681, Q_tcpServerLink::tcp socket selcet error

11:02:23:191, Q_tcpServerLink::tcp socket selcet error

11:02:26:694, Q_tcpServerLink::tcp socket selcet error

11:02:30:211, Q_tcpServerLink::tcp socket selcet error

11:02:33:714, Q_tcpServerLink::tcp socket selcet error

11:02:37:225, Q_tcpServerLink::tcp socket selcet error

11:02:40:726, Q_tcpServerLink::tcp socket selcet error

11:02:44:239, Q_tcpServerLink::tcp socket selcet error

11:02:47:741, Q_tcpServerLink::tcp socket selcet error

11:02:51:245, Q_tcpServerLink::tcp socket selcet error

11:02:54:751, Q_tcpServerLink::tcp socket selcet error

11:02:58:285, Q_tcpServerLink::tcp socket selcet error

11:03:01:792, Q_tcpServerLink::tcp socket selcet error

11:03:05:295, Q_tcpServerLink::tcp socket selcet error

11:03:08:797, Q_tcpServerLink::tcp socket selcet error

11:03:12:300, Q_tcpServerLink::tcp socket selcet error

11:03:15:805, Q_tcpServerLink::tcp socket selcet error

11:03:19:306, Q_tcpServerLink::tcp socket selcet error

11:03:22:811, Q_tcpServerLink::tcp socket selcet error

11:03:26:314, Q_tcpServerLink::tcp socket selcet error

11:03:29:818, Q_tcpServerLink::tcp socket selcet error

11:03:33:323, Q_tcpServerLink::tcp socket selcet error

11:03:36:827, Q_tcpServerLink::tcp socket selcet error

11:03:40:329, Q_tcpServerLink::tcp socket selcet error

11:03:43:841, Q_tcpServerLink::tcp socket selcet error

11:03:47:359, Q_tcpServerLink::tcp socket selcet error

11:03:50:866, Q_tcpServerLink::tcp socket selcet error

11:03:54:369, Q_tcpServerLink::tcp socket selcet error

11:03:57:870, Q_tcpServerLink::tcp socket selcet error

11:04:01:374, Q_tcpServerLink::tcp socket selcet error

11:04:04:884, Q_tcpServerLink::tcp socket selcet error

11:04:08:388, Q_tcpServerLink::tcp socket selcet error

11:04:11:891, Q_tcpServerLink::tcp socket selcet error

11:04:15:392, Q_tcpServerLink::tcp socket selcet error

11:04:18:907, Q_tcpServerLink::tcp socket selcet error

11:04:22:411, Q_tcpServerLink::tcp socket selcet error

11:04:25:914, Q_tcpServerLink::tcp socket selcet error

11:04:29:418, Q_tcpServerLink::tcp socket selcet error

11:04:32:927, Q_tcpServerLink::tcp socket selcet error

11:04:36:431, Q_tcpServerLink::tcp socket selcet error

11:04:39:935, Q_tcpServerLink::tcp socket selcet error

11:04:43:437, Q_tcpServerLink::tcp socket selcet error

11:04:46:940, Q_tcpServerLink::tcp socket selcet error

11:04:50:458, Q_tcpServerLink::tcp socket selcet error

11:04:53:962, Q_tcpServerLink::tcp socket selcet error

11:04:57:473, Q_tcpServerLink::tcp socket selcet error

11:05:00:975, Q_tcpServerLink::tcp socket selcet error

11:05:04:484, Q_tcpServerLink::tcp socket selcet error

11:05:07:986, Q_tcpServerLink::tcp socket selcet error

11:05:11:491, Q_tcpServerLink::tcp socket selcet error

11:05:14:996, Q_tcpServerLink::tcp socket selcet error

11:05:18:500, Q_tcpServerLink::tcp socket selcet error

11:05:22:4, Q_tcpServerLink::tcp socket selcet error

11:05:25:507, Q_tcpServerLink::tcp socket selcet error

11:05:29:9, Q_tcpServerLink::tcp socket selcet error

11:05:32:513, Q_tcpServerLink::tcp socket selcet error

11:05:36:16, Q_tcpServerLink::tcp socket selcet error

11:05:39:525, Q_tcpServerLink::tcp socket selcet error

11:05:43:35, Q_tcpServerLink::tcp socket selcet error

11:05:46:539, Q_tcpServerLink::tcp socket selcet error

11:05:50:52, Q_tcpServerLink::tcp socket selcet error

11:05:53:557, Q_tcpServerLink::tcp socket selcet error

11:05:57:58, Q_tcpServerLink::tcp socket selcet error

11:06:00:567, Q_tcpServerLink::tcp socket selcet error

11:06:04:96, Q_tcpServerLink::tcp socket selcet error

11:06:07:601, Q_tcpServerLink::tcp socket selcet error

11:06:11:104, Q_tcpServerLink::tcp socket selcet error

11:06:14:607, Q_tcpServerLink::tcp socket selcet error

11:06:18:108, Q_tcpServerLink::tcp socket selcet error

11:06:21:613, Q_tcpServerLink::tcp socket selcet error

11:06:25:117, Q_tcpServerLink::tcp socket selcet error

11:06:28:627, Q_tcpServerLink::tcp socket selcet error

11:06:32:130, Q_tcpServerLink::tcp socket selcet error

11:06:35:640, Q_tcpServerLink::tcp socket selcet error

11:06:39:143, Q_tcpServerLink::tcp socket selcet error

11:06:42:647, Q_tcpServerLink::tcp socket selcet error

11:06:46:163, Q_tcpServerLink::tcp socket selcet error

11:06:49:667, Q_tcpServerLink::tcp socket selcet error

11:06:53:176, Q_tcpServerLink::tcp socket selcet error

11:06:56:682, Q_tcpServerLink::tcp socket selcet error

11:07:00:192, Q_tcpServerLink::tcp socket selcet error

11:07:03:701, Q_tcpServerLink::tcp socket selcet error

11:07:07:207, Q_tcpServerLink::tcp socket selcet error

11:07:10:719, Q_tcpServerLink::tcp socket selcet error

11:07:14:226, Q_tcpServerLink::tcp socket selcet error

11:07:17:733, Q_tcpServerLink::tcp socket selcet error

11:07:21:241, Q_tcpServerLink::tcp socket selcet error

11:07:24:745, Q_tcpServerLink::tcp socket selcet error

11:07:28:249, Q_tcpServerLink::tcp socket selcet error

11:07:31:756, Q_tcpServerLink::tcp socket selcet error

11:07:35:259, Q_tcpServerLink::tcp socket selcet error

11:07:38:769, Q_tcpServerLink::tcp socket selcet error

11:07:42:283, Q_tcpServerLink::tcp socket selcet error

11:07:45:785, Q_tcpServerLink::tcp socket selcet error

11:07:49:286, Q_tcpServerLink::tcp socket selcet error

11:07:52:801, Q_tcpServerLink::tcp socket selcet error

11:07:56:304, Q_tcpServerLink::tcp socket selcet error

11:07:59:808, Q_tcpServerLink::tcp socket selcet error

11:08:03:319, Q_tcpServerLink::tcp socket selcet error

11:08:06:824, Q_tcpServerLink::tcp socket selcet error

11:08:10:348, Q_tcpServerLink::tcp socket selcet error

11:08:13:869, Q_tcpServerLink::tcp socket selcet error

11:08:17:370, Q_tcpServerLink::tcp socket selcet error

11:08:20:882, Q_tcpServerLink::tcp socket selcet error

11:08:24:383, Q_tcpServerLink::tcp socket selcet error

11:08:27:891, Q_tcpServerLink::tcp socket selcet error

11:08:31:399, Q_tcpServerLink::tcp socket selcet error

11:08:34:902, Q_tcpServerLink::tcp socket selcet error

11:08:38:404, Q_tcpServerLink::tcp socket selcet error

11:08:41:920, Q_tcpServerLink::tcp socket selcet error

11:08:45:432, Q_tcpServerLink::tcp socket selcet error

11:08:48:935, Q_tcpServerLink::tcp socket selcet error

11:08:52:443, Q_tcpServerLink::tcp socket selcet error

11:08:55:945, Q_tcpServerLink::tcp socket selcet error

11:08:59:453, Q_tcpServerLink::tcp socket selcet error

11:09:02:980, Q_tcpServerLink::tcp socket selcet error

11:09:06:484, Q_tcpServerLink::tcp socket selcet error

11:09:09:988, Q_tcpServerLink::tcp socket selcet error

11:09:13:491, Q_tcpServerLink::tcp socket selcet error

11:09:17:6, Q_tcpServerLink::tcp socket selcet error

11:09:20:508, Q_tcpServerLink::tcp socket selcet error

11:09:24:18, Q_tcpServerLink::tcp socket selcet error

11:09:27:519, Q_tcpServerLink::tcp socket selcet error

11:09:31:36, Q_tcpServerLink::tcp socket selcet error

11:09:34:544, Q_tcpServerLink::tcp socket selcet error

11:09:38:48, Q_tcpServerLink::tcp socket selcet error

11:09:41:553, Q_tcpServerLink::tcp socket selcet error

11:09:45:59, Q_tcpServerLink::tcp socket selcet error

11:09:48:570, Q_tcpServerLink::tcp socket selcet error

11:09:52:82, Q_tcpServerLink::tcp socket selcet error

11:09:55:585, Q_tcpServerLink::tcp socket selcet error

11:09:59:101, Q_tcpServerLink::tcp socket selcet error

11:10:02:606, Q_tcpServerLink::tcp socket selcet error

11:10:06:109, Q_tcpServerLink::tcp socket selcet error

11:10:09:610, Q_tcpServerLink::tcp socket selcet error

11:10:13:115, Q_tcpServerLink::tcp socket selcet error

11:10:16:619, Q_tcpServerLink::tcp socket selcet error

11:10:20:122, Q_tcpServerLink::tcp socket selcet error

11:10:23:626, Q_tcpServerLink::tcp socket selcet error

11:10:27:131, Q_tcpServerLink::tcp socket selcet error

11:10:30:634, Q_tcpServerLink::tcp socket selcet error

11:10:34:143, Q_tcpServerLink::tcp socket selcet error

11:10:37:650, Q_tcpServerLink::tcp socket selcet error

11:10:41:160, Q_tcpServerLink::tcp socket selcet error

11:10:44:662, Q_tcpServerLink::tcp socket selcet error

11:10:48:166, Q_tcpServerLink::tcp socket selcet error

11:10:51:672, Q_tcpServerLink::tcp socket selcet error

11:10:55:176, Q_tcpServerLink::tcp socket selcet error

11:10:58:680, Q_tcpServerLink::tcp socket selcet error

11:11:02:193, Q_tcpServerLink::tcp socket selcet error

11:11:05:696, Q_tcpServerLink::tcp socket selcet error

11:11:09:200, Q_tcpServerLink::tcp socket selcet error

11:11:12:715, Q_tcpServerLink::tcp socket selcet error

11:11:16:218, Q_tcpServerLink::tcp socket selcet error

11:11:19:719, Q_tcpServerLink::tcp socket selcet error

11:11:23:224, Q_tcpServerLink::tcp socket selcet error

11:11:26:747, Q_tcpServerLink::tcp socket selcet error

11:11:30:248, Q_tcpServerLink::tcp socket selcet error

11:11:33:755, Q_tcpServerLink::tcp socket selcet error

11:11:37:257, Q_tcpServerLink::tcp socket selcet error

11:11:40:768, Q_tcpServerLink::tcp socket selcet error

11:11:44:273, Q_tcpServerLink::tcp socket selcet error

11:11:47:777, Q_tcpServerLink::tcp socket selcet error

11:11:51:297, Q_tcpServerLink::tcp socket selcet error

11:11:54:841, Q_tcpServerLink::tcp socket selcet error

11:11:58:343, Q_tcpServerLink::tcp socket selcet error

11:12:01:846, Q_tcpServerLink::tcp socket selcet error

11:12:05:349, Q_tcpServerLink::tcp socket selcet error

11:12:08:851, Q_tcpServerLink::tcp socket selcet error

11:12:12:355, Q_tcpServerLink::tcp socket selcet error

11:12:15:860, Q_tcpServerLink::tcp socket selcet error

11:12:19:390, Q_tcpServerLink::tcp socket selcet error

11:12:22:893, Q_tcpServerLink::tcp socket selcet error

11:12:26:394, Q_tcpServerLink::tcp socket selcet error

11:12:29:900, Q_tcpServerLink::tcp socket selcet error

11:12:33:403, Q_tcpServerLink::tcp socket selcet error

11:12:36:914, Q_tcpServerLink::tcp socket selcet error

11:12:40:423, Q_tcpServerLink::tcp socket selcet error

11:12:43:935, Q_tcpServerLink::tcp socket selcet error

11:12:47:442, Q_tcpServerLink::tcp socket selcet error

11:12:50:953, Q_tcpServerLink::tcp socket selcet error

11:12:54:458, Q_tcpServerLink::tcp socket selcet error

11:12:57:960, Q_tcpServerLink::tcp socket selcet error

11:13:01:480, Q_tcpServerLink::tcp socket selcet error

11:13:04:984, Q_tcpServerLink::tcp socket selcet error

11:13:08:488, Q_tcpServerLink::tcp socket selcet error

11:13:12:5, Q_tcpServerLink::tcp socket selcet error

11:13:15:507, Q_tcpServerLink::tcp socket selcet error

11:13:19:9, Q_tcpServerLink::tcp socket selcet error

11:13:22:510, Q_tcpServerLink::tcp socket selcet error

11:13:26:12, Q_tcpServerLink::tcp socket selcet error

11:13:29:529, Q_tcpServerLink::tcp socket selcet error

11:13:33:34, Q_tcpServerLink::tcp socket selcet error

11:13:36:544, Q_tcpServerLink::tcp socket selcet error

11:13:40:49, Q_tcpServerLink::tcp socket selcet error

11:13:43:555, Q_tcpServerLink::tcp socket selcet error

11:13:47:61, Q_tcpServerLink::tcp socket selcet error

11:13:50:587, Q_tcpServerLink::tcp socket selcet error

11:13:54:91, Q_tcpServerLink::tcp socket selcet error

11:13:57:593, Q_tcpServerLink::tcp socket selcet error

11:14:01:107, Q_tcpServerLink::tcp socket selcet error

11:14:04:610, Q_tcpServerLink::tcp socket selcet error

11:14:08:125, Q_tcpServerLink::tcp socket selcet error

11:14:11:646, Q_tcpServerLink::tcp socket selcet error

11:14:15:147, Q_tcpServerLink::tcp socket selcet error

11:14:18:656, Q_tcpServerLink::tcp socket selcet error

11:14:22:177, Q_tcpServerLink::tcp socket selcet error

11:14:25:680, Q_tcpServerLink::tcp socket selcet error

11:14:29:182, Q_tcpServerLink::tcp socket selcet error

11:14:32:691, Q_tcpServerLink::tcp socket selcet error

11:14:36:194, Q_tcpServerLink::tcp socket selcet error

11:14:39:722, Q_tcpServerLink::tcp socket selcet error

11:14:43:226, Q_tcpServerLink::tcp socket selcet error

11:14:46:731, Q_tcpServerLink::tcp socket selcet error

11:14:50:232, Q_tcpServerLink::tcp socket selcet error

11:14:53:736, Q_tcpServerLink::tcp socket selcet error

11:14:57:238, Q_tcpServerLink::tcp socket selcet error

11:15:00:739, Q_tcpServerLink::tcp socket selcet error

11:15:04:240, Q_tcpServerLink::tcp socket selcet error

11:15:07:742, Q_tcpServerLink::tcp socket selcet error

11:15:11:247, Q_tcpServerLink::tcp socket selcet error

11:15:14:751, Q_tcpServerLink::tcp socket selcet error

11:15:18:254, Q_tcpServerLink::tcp socket selcet error

11:15:21:756, Q_tcpServerLink::tcp socket selcet error

11:15:25:258, Q_tcpServerLink::tcp socket selcet error

11:15:28:761, Q_tcpServerLink::tcp socket selcet error

11:15:32:268, Q_tcpServerLink::tcp socket selcet error

11:15:35:778, Q_tcpServerLink::tcp socket selcet error

11:15:39:293, Q_tcpServerLink::tcp socket selcet error

11:15:42:801, Q_tcpServerLink::tcp socket selcet error

11:15:46:320, Q_tcpServerLink::tcp socket selcet error

11:15:49:839, Q_tcpServerLink::tcp socket selcet error

11:15:53:363, Q_tcpServerLink::tcp socket selcet error

11:15:56:874, Q_tcpServerLink::tcp socket selcet error

11:16:00:376, Q_tcpServerLink::tcp socket selcet error

11:16:03:878, Q_tcpServerLink::tcp socket selcet error

11:16:07:385, Q_tcpServerLink::tcp socket selcet error

11:16:10:891, Q_tcpServerLink::tcp socket selcet error

11:16:14:410, Q_tcpServerLink::tcp socket selcet error

11:16:17:919, Q_tcpServerLink::tcp socket selcet error

11:16:21:421, Q_tcpServerLink::tcp socket selcet error

11:16:24:942, Q_tcpServerLink::tcp socket selcet error

11:16:28:444, Q_tcpServerLink::tcp socket selcet error

11:16:31:947, Q_tcpServerLink::tcp socket selcet error

11:16:35:451, Q_tcpServerLink::tcp socket selcet error

11:16:38:973, Q_tcpServerLink::tcp socket selcet error

11:16:42:481, Q_tcpServerLink::tcp socket selcet error

11:16:45:991, Q_tcpServerLink::tcp socket selcet error

11:16:49:495, Q_tcpServerLink::tcp socket selcet error

11:16:53:7, Q_tcpServerLink::tcp socket selcet error

11:16:56:509, Q_tcpServerLink::tcp socket selcet error

11:17:00:41, Q_tcpServerLink::tcp socket selcet error

11:17:03:546, Q_tcpServerLink::tcp socket selcet error

11:17:07:65, Q_tcpServerLink::tcp socket selcet error

11:17:10:573, Q_tcpServerLink::tcp socket selcet error

11:17:14:84, Q_tcpServerLink::tcp socket selcet error

11:17:17:612, Q_tcpServerLink::tcp socket selcet error

11:17:21:118, Q_tcpServerLink::tcp socket selcet error

11:17:24:622, Q_tcpServerLink::tcp socket selcet error

11:17:28:134, Q_tcpServerLink::tcp socket selcet error

11:17:31:635, Q_tcpServerLink::tcp socket selcet error

11:17:35:137, Q_tcpServerLink::tcp socket selcet error

11:17:38:649, Q_tcpServerLink::tcp socket selcet error

11:17:42:158, Q_tcpServerLink::tcp socket selcet error

11:17:45:675, Q_tcpServerLink::tcp socket selcet error

11:17:49:177, Q_tcpServerLink::tcp socket selcet error

11:17:52:687, Q_tcpServerLink::tcp socket selcet error

11:17:56:192, Q_tcpServerLink::tcp socket selcet error

11:17:59:697, Q_tcpServerLink::tcp socket selcet error

11:18:03:201, Q_tcpServerLink::tcp socket selcet error

11:18:06:748, Q_tcpServerLink::tcp socket selcet error

11:18:10:250, Q_tcpServerLink::tcp socket selcet error

11:18:13:768, Q_tcpServerLink::tcp socket selcet error

11:18:17:270, Q_tcpServerLink::tcp socket selcet error

11:18:20:780, Q_tcpServerLink::tcp socket selcet error

11:18:24:281, Q_tcpServerLink::tcp socket selcet error

11:18:27:790, Q_tcpServerLink::tcp socket selcet error

11:18:31:291, Q_tcpServerLink::tcp socket selcet error

11:18:34:799, Q_tcpServerLink::tcp socket selcet error

11:18:38:302, Q_tcpServerLink::tcp socket selcet error

11:18:41:824, Q_tcpServerLink::tcp socket selcet error

11:18:45:325, Q_tcpServerLink::tcp socket selcet error

11:18:48:828, Q_tcpServerLink::tcp socket selcet error

11:18:52:339, Q_tcpServerLink::tcp socket selcet error

11:18:55:852, Q_tcpServerLink::tcp socket selcet error

11:18:59:353, Q_tcpServerLink::tcp socket selcet error

11:19:02:859, Q_tcpServerLink::tcp socket selcet error

11:19:06:367, Q_tcpServerLink::tcp socket selcet error

11:19:09:875, Q_tcpServerLink::tcp socket selcet error

11:19:13:379, Q_tcpServerLink::tcp socket selcet error

11:19:16:883, Q_tcpServerLink::tcp socket selcet error

11:19:20:398, Q_tcpServerLink::tcp socket selcet error

11:19:23:900, Q_tcpServerLink::tcp socket selcet error

11:19:27:403, Q_tcpServerLink::tcp socket selcet error

11:19:30:905, Q_tcpServerLink::tcp socket selcet error

11:19:34:409, Q_tcpServerLink::tcp socket selcet error

11:19:37:924, Q_tcpServerLink::tcp socket selcet error

11:19:41:435, Q_tcpServerLink::tcp socket selcet error

11:19:44:946, Q_tcpServerLink::tcp socket selcet error

11:19:48:448, Q_tcpServerLink::tcp socket selcet error

11:19:51:953, Q_tcpServerLink::tcp socket selcet error

11:19:55:457, Q_tcpServerLink::tcp socket selcet error

11:19:58:965, Q_tcpServerLink::tcp socket selcet error

11:20:02:468, Q_tcpServerLink::tcp socket selcet error

11:20:06:2, Q_tcpServerLink::tcp socket selcet error

11:20:09:509, Q_tcpServerLink::tcp socket selcet error

11:20:13:12, Q_tcpServerLink::tcp socket selcet error

11:20:16:514, Q_tcpServerLink::tcp socket selcet error

11:20:20:17, Q_tcpServerLink::tcp socket selcet error

11:20:23:519, Q_tcpServerLink::tcp socket selcet error

11:20:27:24, Q_tcpServerLink::tcp socket selcet error

11:20:30:535, Q_tcpServerLink::tcp socket selcet error

11:20:34:36, Q_tcpServerLink::tcp socket selcet error

11:20:37:548, Q_tcpServerLink::tcp socket selcet error

11:20:41:60, Q_tcpServerLink::tcp socket selcet error

11:20:44:594, Q_tcpServerLink::tcp socket selcet error

11:20:48:95, Q_tcpServerLink::tcp socket selcet error

11:20:51:596, Q_tcpServerLink::tcp socket selcet error

11:20:55:97, Q_tcpServerLink::tcp socket selcet error

11:20:58:600, Q_tcpServerLink::tcp socket selcet error

11:21:02:109, Q_tcpServerLink::tcp socket selcet error

11:21:05:618, Q_tcpServerLink::tcp socket selcet error

11:21:09:119, Q_tcpServerLink::tcp socket selcet error

11:21:12:620, Q_tcpServerLink::tcp socket selcet error

11:21:16:124, Q_tcpServerLink::tcp socket selcet error

11:21:19:626, Q_tcpServerLink::tcp socket selcet error

11:21:23:133, Q_tcpServerLink::tcp socket selcet error

11:21:26:636, Q_tcpServerLink::tcp socket selcet error

11:21:30:161, Q_tcpServerLink::tcp socket selcet error

11:21:33:670, Q_tcpServerLink::tcp socket selcet error

11:21:37:173, Q_tcpServerLink::tcp socket selcet error

11:21:40:675, Q_tcpServerLink::tcp socket selcet error

11:21:44:176, Q_tcpServerLink::tcp socket selcet error

11:21:47:685, Q_tcpServerLink::tcp socket selcet error

11:21:51:187, Q_tcpServerLink::tcp socket selcet error

11:21:54:694, Q_tcpServerLink::tcp socket selcet error

11:21:58:203, Q_tcpServerLink::tcp socket selcet error

11:22:01:706, Q_tcpServerLink::tcp socket selcet error

11:22:05:208, Q_tcpServerLink::tcp socket selcet error

11:22:08:715, Q_tcpServerLink::tcp socket selcet error

11:22:12:216, Q_tcpServerLink::tcp socket selcet error

11:22:15:717, Q_tcpServerLink::tcp socket selcet error

11:22:19:222, Q_tcpServerLink::tcp socket selcet error

11:22:22:734, Q_tcpServerLink::tcp socket selcet error

11:22:26:244, Q_tcpServerLink::tcp socket selcet error

11:22:29:753, Q_tcpServerLink::tcp socket selcet error

11:22:33:274, Q_tcpServerLink::tcp socket selcet error

11:22:36:776, Q_tcpServerLink::tcp socket selcet error

11:22:40:277, Q_tcpServerLink::tcp socket selcet error

11:22:43:782, Q_tcpServerLink::tcp socket selcet error

11:22:47:288, Q_tcpServerLink::tcp socket selcet error

11:22:50:789, Q_tcpServerLink::tcp socket selcet error

11:22:54:295, Q_tcpServerLink::tcp socket selcet error

11:22:57:801, Q_tcpServerLink::tcp socket selcet error

11:23:01:327, Q_tcpServerLink::tcp socket selcet error

11:23:04:839, Q_tcpServerLink::tcp socket selcet error

11:23:08:341, Q_tcpServerLink::tcp socket selcet error

11:23:11:843, Q_tcpServerLink::tcp socket selcet error

11:23:15:354, Q_tcpServerLink::tcp socket selcet error

11:23:18:857, Q_tcpServerLink::tcp socket selcet error

11:23:22:362, Q_tcpServerLink::tcp socket selcet error

11:23:25:864, Q_tcpServerLink::tcp socket selcet error

11:23:29:389, Q_tcpServerLink::tcp socket selcet error

11:23:32:891, Q_tcpServerLink::tcp socket selcet error

11:23:36:398, Q_tcpServerLink::tcp socket selcet error

11:23:39:899, Q_tcpServerLink::tcp socket selcet error

11:23:43:408, Q_tcpServerLink::tcp socket selcet error

11:23:46:910, Q_tcpServerLink::tcp socket selcet error

11:23:50:424, Q_tcpServerLink::tcp socket selcet error

11:23:53:936, Q_tcpServerLink::tcp socket selcet error

11:23:57:445, Q_tcpServerLink::tcp socket selcet error

11:24:00:948, Q_tcpServerLink::tcp socket selcet error

11:24:04:451, Q_tcpServerLink::tcp socket selcet error

11:24:07:961, Q_tcpServerLink::tcp socket selcet error

11:24:11:473, Q_tcpServerLink::tcp socket selcet error

11:24:14:975, Q_tcpServerLink::tcp socket selcet error

11:24:18:488, Q_tcpServerLink::tcp socket selcet error

11:24:21:992, Q_tcpServerLink::tcp socket selcet error

11:24:25:496, Q_tcpServerLink::tcp socket selcet error

11:24:29:7, Q_tcpServerLink::tcp socket selcet error

11:24:32:522, Q_tcpServerLink::tcp socket selcet error

11:24:36:27, Q_tcpServerLink::tcp socket selcet error

11:24:39:546, Q_tcpServerLink::tcp socket selcet error

11:24:43:49, Q_tcpServerLink::tcp socket selcet error

11:24:46:557, Q_tcpServerLink::tcp socket selcet error

11:24:50:68, Q_tcpServerLink::tcp socket selcet error

11:24:53:572, Q_tcpServerLink::tcp socket selcet error

11:24:57:74, Q_tcpServerLink::tcp socket selcet error

11:25:00:589, Q_tcpServerLink::tcp socket selcet error

11:25:04:100, Q_tcpServerLink::tcp socket selcet error

11:25:07:603, Q_tcpServerLink::tcp socket selcet error

11:25:11:125, Q_tcpServerLink::tcp socket selcet error

11:25:14:642, Q_tcpServerLink::tcp socket selcet error

11:25:18:147, Q_tcpServerLink::tcp socket selcet error

11:25:21:686, Q_tcpServerLink::tcp socket selcet error

11:25:25:192, Q_tcpServerLink::tcp socket selcet error

11:25:28:693, Q_tcpServerLink::tcp socket selcet error

11:25:32:200, Q_tcpServerLink::tcp socket selcet error

11:25:35:724, Q_tcpServerLink::tcp socket selcet error

11:25:39:242, Q_tcpServerLink::tcp socket selcet error

11:25:42:745, Q_tcpServerLink::tcp socket selcet error

11:25:46:261, Q_tcpServerLink::tcp socket selcet error

11:25:49:766, Q_tcpServerLink::tcp socket selcet error

11:25:53:269, Q_tcpServerLink::tcp socket selcet error

11:25:56:773, Q_tcpServerLink::tcp socket selcet error

11:26:00:300, Q_tcpServerLink::tcp socket selcet error

11:26:03:804, Q_tcpServerLink::tcp socket selcet error

11:26:07:309, Q_tcpServerLink::tcp socket selcet error

11:26:10:817, Q_tcpServerLink::tcp socket selcet error

11:26:14:335, Q_tcpServerLink::tcp socket selcet error

11:26:17:837, Q_tcpServerLink::tcp socket selcet error

11:26:21:341, Q_tcpServerLink::tcp socket selcet error

11:26:24:848, Q_tcpServerLink::tcp socket selcet error

11:26:28:361, Q_tcpServerLink::tcp socket selcet error

11:26:31:867, Q_tcpServerLink::tcp socket selcet error

11:26:35:377, Q_tcpServerLink::tcp socket selcet error

11:26:38:889, Q_tcpServerLink::tcp socket selcet error

11:26:42:391, Q_tcpServerLink::tcp socket selcet error

11:26:45:892, Q_tcpServerLink::tcp socket selcet error

11:26:49:406, Q_tcpServerLink::tcp socket selcet error

11:26:52:912, Q_tcpServerLink::tcp socket selcet error

11:26:56:418, Q_tcpServerLink::tcp socket selcet error

11:26:59:922, Q_tcpServerLink::tcp socket selcet error

11:27:03:425, Q_tcpServerLink::tcp socket selcet error

11:27:06:929, Q_tcpServerLink::tcp socket selcet error

11:27:10:430, Q_tcpServerLink::tcp socket selcet error

11:27:13:939, Q_tcpServerLink::tcp socket selcet error

11:27:17:442, Q_tcpServerLink::tcp socket selcet error

11:27:20:944, Q_tcpServerLink::tcp socket selcet error

11:27:24:453, Q_tcpServerLink::tcp socket selcet error

11:27:27:957, Q_tcpServerLink::tcp socket selcet error

11:27:31:459, Q_tcpServerLink::tcp socket selcet error

11:27:34:981, Q_tcpServerLink::tcp socket selcet error

11:27:38:487, Q_tcpServerLink::tcp socket selcet error

11:27:42:10, Q_tcpServerLink::tcp socket selcet error

11:27:45:518, Q_tcpServerLink::tcp socket selcet error

11:27:49:21, Q_tcpServerLink::tcp socket selcet error

11:27:52:529, Q_tcpServerLink::tcp socket selcet error

11:27:56:32, Q_tcpServerLink::tcp socket selcet error

11:27:59:538, Q_tcpServerLink::tcp socket selcet error

11:28:03:46, Q_tcpServerLink::tcp socket selcet error

11:28:06:548, Q_tcpServerLink::tcp socket selcet error

11:28:10:60, Q_tcpServerLink::tcp socket selcet error

11:28:13:563, Q_tcpServerLink::tcp socket selcet error

11:28:17:65, Q_tcpServerLink::tcp socket selcet error

11:28:20:567, Q_tcpServerLink::tcp socket selcet error

11:28:24:69, Q_tcpServerLink::tcp socket selcet error

11:28:27:572, Q_tcpServerLink::tcp socket selcet error

11:28:31:80, Q_tcpServerLink::tcp socket selcet error

11:28:34:582, Q_tcpServerLink::tcp socket selcet error

11:28:38:99, Q_tcpServerLink::tcp socket selcet error

11:28:41:604, Q_tcpServerLink::tcp socket selcet error

11:28:45:111, Q_tcpServerLink::tcp socket selcet error

11:28:48:615, Q_tcpServerLink::tcp socket selcet error

11:28:52:121, Q_tcpServerLink::tcp socket selcet error

11:28:55:623, Q_tcpServerLink::tcp socket selcet error

11:28:59:127, Q_tcpServerLink::tcp socket selcet error

11:29:02:628, Q_tcpServerLink::tcp socket selcet error

11:29:06:131, Q_tcpServerLink::tcp socket selcet error

11:29:09:634, Q_tcpServerLink::tcp socket selcet error

11:29:13:139, Q_tcpServerLink::tcp socket selcet error

11:29:16:649, Q_tcpServerLink::tcp socket selcet error

11:29:20:153, Q_tcpServerLink::tcp socket selcet error

11:29:23:663, Q_tcpServerLink::tcp socket selcet error

11:29:27:166, Q_tcpServerLink::tcp socket selcet error

11:29:30:668, Q_tcpServerLink::tcp socket selcet error

11:29:34:175, Q_tcpServerLink::tcp socket selcet error

11:29:37:683, Q_tcpServerLink::tcp socket selcet error

11:29:41:186, Q_tcpServerLink::tcp socket selcet error

11:29:44:701, Q_tcpServerLink::tcp socket selcet error

11:29:48:203, Q_tcpServerLink::tcp socket selcet error

11:29:51:715, Q_tcpServerLink::tcp socket selcet error

11:29:55:220, Q_tcpServerLink::tcp socket selcet error

11:29:58:722, Q_tcpServerLink::tcp socket selcet error

11:30:02:224, Q_tcpServerLink::tcp socket selcet error

11:30:05:735, Q_tcpServerLink::tcp socket selcet error

11:30:09:266, Q_tcpServerLink::tcp socket selcet error

11:30:12:770, Q_tcpServerLink::tcp socket selcet error

11:30:16:271, Q_tcpServerLink::tcp socket selcet error

11:30:19:774, Q_tcpServerLink::tcp socket selcet error

11:30:23:275, Q_tcpServerLink::tcp socket selcet error

11:30:26:780, Q_tcpServerLink::tcp socket selcet error

11:30:30:281, Q_tcpServerLink::tcp socket selcet error

11:30:33:795, Q_tcpServerLink::tcp socket selcet error

11:30:37:298, Q_tcpServerLink::tcp socket selcet error

11:30:40:799, Q_tcpServerLink::tcp socket selcet error

11:30:44:300, Q_tcpServerLink::tcp socket selcet error

11:30:47:820, Q_tcpServerLink::tcp socket selcet error

11:30:51:331, Q_tcpServerLink::tcp socket selcet error

11:30:54:834, Q_tcpServerLink::tcp socket selcet error

11:30:58:348, Q_tcpServerLink::tcp socket selcet error

11:31:01:852, Q_tcpServerLink::tcp socket selcet error

11:31:05:355, Q_tcpServerLink::tcp socket selcet error

11:31:08:856, Q_tcpServerLink::tcp socket selcet error

11:31:12:359, Q_tcpServerLink::tcp socket selcet error

11:31:15:860, Q_tcpServerLink::tcp socket selcet error

11:31:19:364, Q_tcpServerLink::tcp socket selcet error

11:31:22:865, Q_tcpServerLink::tcp socket selcet error

11:31:26:367, Q_tcpServerLink::tcp socket selcet error

11:31:29:871, Q_tcpServerLink::tcp socket selcet error

11:31:33:374, Q_tcpServerLink::tcp socket selcet error

11:31:36:875, Q_tcpServerLink::tcp socket selcet error

11:31:40:376, Q_tcpServerLink::tcp socket selcet error

11:31:43:881, Q_tcpServerLink::tcp socket selcet error

11:31:47:384, Q_tcpServerLink::tcp socket selcet error

11:31:50:886, Q_tcpServerLink::tcp socket selcet error

11:31:54:387, Q_tcpServerLink::tcp socket selcet error

11:31:57:892, Q_tcpServerLink::tcp socket selcet error

11:32:01:393, Q_tcpServerLink::tcp socket selcet error

11:32:04:903, Q_tcpServerLink::tcp socket selcet error

11:32:08:422, Q_tcpServerLink::tcp socket selcet error

11:32:11:923, Q_tcpServerLink::tcp socket selcet error

11:32:15:424, Q_tcpServerLink::tcp socket selcet error

11:32:18:926, Q_tcpServerLink::tcp socket selcet error

11:32:22:431, Q_tcpServerLink::tcp socket selcet error

11:32:25:934, Q_tcpServerLink::tcp socket selcet error

11:32:29:440, Q_tcpServerLink::tcp socket selcet error

11:32:32:942, Q_tcpServerLink::tcp socket selcet error

11:32:36:454, Q_tcpServerLink::tcp socket selcet error

11:32:39:966, Q_tcpServerLink::tcp socket selcet error

11:32:43:477, Q_tcpServerLink::tcp socket selcet error

11:32:46:980, Q_tcpServerLink::tcp socket selcet error

11:32:50:483, Q_tcpServerLink::tcp socket selcet error

11:32:53:992, Q_tcpServerLink::tcp socket selcet error

11:32:57:495, Q_tcpServerLink::tcp socket selcet error

11:33:01:3, Q_tcpServerLink::tcp socket selcet error

11:33:04:506, Q_tcpServerLink::tcp socket selcet error

11:33:08:7, Q_tcpServerLink::tcp socket selcet error

11:33:11:509, Q_tcpServerLink::tcp socket selcet error

11:33:15:20, Q_tcpServerLink::tcp socket selcet error

11:33:18:528, Q_tcpServerLink::tcp socket selcet error

11:33:22:30, Q_tcpServerLink::tcp socket selcet error

11:33:25:537, Q_tcpServerLink::tcp socket selcet error

11:33:29:45, Q_tcpServerLink::tcp socket selcet error

11:33:32:549, Q_tcpServerLink::tcp socket selcet error

11:33:36:53, Q_tcpServerLink::tcp socket selcet error

11:33:39:560, Q_tcpServerLink::tcp socket selcet error

11:33:43:75, Q_tcpServerLink::tcp socket selcet error

11:33:46:579, Q_tcpServerLink::tcp socket selcet error

11:33:50:86, Q_tcpServerLink::tcp socket selcet error

11:33:53:593, Q_tcpServerLink::tcp socket selcet error

11:33:57:110, Q_tcpServerLink::tcp socket selcet error

11:34:00:619, Q_tcpServerLink::tcp socket selcet error

11:34:04:120, Q_tcpServerLink::tcp socket selcet error

11:34:07:622, Q_tcpServerLink::tcp socket selcet error

11:34:11:130, Q_tcpServerLink::tcp socket selcet error

11:34:14:648, Q_tcpServerLink::tcp socket selcet error

11:34:18:158, Q_tcpServerLink::tcp socket selcet error

11:34:21:659, Q_tcpServerLink::tcp socket selcet error

11:34:25:162, Q_tcpServerLink::tcp socket selcet error

11:34:28:674, Q_tcpServerLink::tcp socket selcet error

11:34:32:177, Q_tcpServerLink::tcp socket selcet error

11:34:35:688, Q_tcpServerLink::tcp socket selcet error

11:34:39:193, Q_tcpServerLink::tcp socket selcet error

11:34:42:699, Q_tcpServerLink::tcp socket selcet error

11:34:46:229, Q_tcpServerLink::tcp socket selcet error

11:34:49:744, Q_tcpServerLink::tcp socket selcet error

11:34:53:246, Q_tcpServerLink::tcp socket selcet error

11:34:56:756, Q_tcpServerLink::tcp socket selcet error

11:35:00:258, Q_tcpServerLink::tcp socket selcet error

11:35:03:760, Q_tcpServerLink::tcp socket selcet error

11:35:07:267, Q_tcpServerLink::tcp socket selcet error

11:35:10:774, Q_tcpServerLink::tcp socket selcet error

11:35:14:277, Q_tcpServerLink::tcp socket selcet error

11:35:17:782, Q_tcpServerLink::tcp socket selcet error

11:35:21:298, Q_tcpServerLink::tcp socket selcet error

11:35:24:801, Q_tcpServerLink::tcp socket selcet error

11:35:28:302, Q_tcpServerLink::tcp socket selcet error

11:35:31:813, Q_tcpServerLink::tcp socket selcet error

11:35:35:315, Q_tcpServerLink::tcp socket selcet error

11:35:38:819, Q_tcpServerLink::tcp socket selcet error

11:35:42:324, Q_tcpServerLink::tcp socket selcet error

11:35:45:829, Q_tcpServerLink::tcp socket selcet error

11:35:49:330, Q_tcpServerLink::tcp socket selcet error

11:35:52:835, Q_tcpServerLink::tcp socket selcet error

11:35:56:341, Q_tcpServerLink::tcp socket selcet error

11:35:59:845, Q_tcpServerLink::tcp socket selcet error

11:36:03:348, Q_tcpServerLink::tcp socket selcet error

11:36:06:853, Q_tcpServerLink::tcp socket selcet error

11:36:10:361, Q_tcpServerLink::tcp socket selcet error

11:36:13:893, Q_tcpServerLink::tcp socket selcet error

11:36:17:405, Q_tcpServerLink::tcp socket selcet error

11:36:20:907, Q_tcpServerLink::tcp socket selcet error

11:36:24:424, Q_tcpServerLink::tcp socket selcet error

11:36:27:946, Q_tcpServerLink::tcp socket selcet error

11:36:31:447, Q_tcpServerLink::tcp socket selcet error

11:36:34:954, Q_tcpServerLink::tcp socket selcet error

11:36:38:464, Q_tcpServerLink::tcp socket selcet error

11:36:41:965, Q_tcpServerLink::tcp socket selcet error

11:36:45:471, Q_tcpServerLink::tcp socket selcet error

11:36:48:983, Q_tcpServerLink::tcp socket selcet error

11:36:52:484, Q_tcpServerLink::tcp socket selcet error

11:36:55:992, Q_tcpServerLink::tcp socket selcet error

11:36:59:518, Q_tcpServerLink::tcp socket selcet error

11:37:03:24, Q_tcpServerLink::tcp socket selcet error

11:37:06:528, Q_tcpServerLink::tcp socket selcet error

11:37:10:34, Q_tcpServerLink::tcp socket selcet error

11:37:13:540, Q_tcpServerLink::tcp socket selcet error

11:37:17:46, Q_tcpServerLink::tcp socket selcet error

11:37:20:550, Q_tcpServerLink::tcp socket selcet error

11:37:24:61, Q_tcpServerLink::tcp socket selcet error

11:37:27:565, Q_tcpServerLink::tcp socket selcet error

11:37:31:68, Q_tcpServerLink::tcp socket selcet error

11:37:34:575, Q_tcpServerLink::tcp socket selcet error

11:37:38:88, Q_tcpServerLink::tcp socket selcet error

11:37:41:592, Q_tcpServerLink::tcp socket selcet error

11:37:45:95, Q_tcpServerLink::tcp socket selcet error

11:37:48:600, Q_tcpServerLink::tcp socket selcet error

11:37:52:103, Q_tcpServerLink::tcp socket selcet error

11:37:55:619, Q_tcpServerLink::tcp socket selcet error

11:37:59:140, Q_tcpServerLink::tcp socket selcet error

11:38:02:643, Q_tcpServerLink::tcp socket selcet error

11:38:06:149, Q_tcpServerLink::tcp socket selcet error

11:38:09:663, Q_tcpServerLink::tcp socket selcet error

11:38:13:168, Q_tcpServerLink::tcp socket selcet error

11:38:16:677, Q_tcpServerLink::tcp socket selcet error

11:38:20:184, Q_tcpServerLink::tcp socket selcet error

11:38:23:685, Q_tcpServerLink::tcp socket selcet error

11:38:27:189, Q_tcpServerLink::tcp socket selcet error

11:38:30:695, Q_tcpServerLink::tcp socket selcet error

11:38:34:196, Q_tcpServerLink::tcp socket selcet error

11:38:37:698, Q_tcpServerLink::tcp socket selcet error

11:38:41:202, Q_tcpServerLink::tcp socket selcet error

11:38:44:711, Q_tcpServerLink::tcp socket selcet error

11:38:48:216, Q_tcpServerLink::tcp socket selcet error

11:38:51:724, Q_tcpServerLink::tcp socket selcet error

11:38:55:225, Q_tcpServerLink::tcp socket selcet error

11:38:58:732, Q_tcpServerLink::tcp socket selcet error

11:39:02:236, Q_tcpServerLink::tcp socket selcet error

11:39:05:742, Q_tcpServerLink::tcp socket selcet error

11:39:09:260, Q_tcpServerLink::tcp socket selcet error

11:39:12:761, Q_tcpServerLink::tcp socket selcet error

11:39:16:294, Q_tcpServerLink::tcp socket selcet error

11:39:19:805, Q_tcpServerLink::tcp socket selcet error

11:39:23:308, Q_tcpServerLink::tcp socket selcet error

11:39:26:816, Q_tcpServerLink::tcp socket selcet error

11:39:30:319, Q_tcpServerLink::tcp socket selcet error

11:39:33:823, Q_tcpServerLink::tcp socket selcet error

11:39:37:330, Q_tcpServerLink::tcp socket selcet error

11:39:40:836, Q_tcpServerLink::tcp socket selcet error

11:39:44:340, Q_tcpServerLink::tcp socket selcet error

11:39:47:847, Q_tcpServerLink::tcp socket selcet error

11:39:51:348, Q_tcpServerLink::tcp socket selcet error

11:39:54:851, Q_tcpServerLink::tcp socket selcet error

11:39:58:352, Q_tcpServerLink::tcp socket selcet error

11:40:01:868, Q_tcpServerLink::tcp socket selcet error

11:40:05:376, Q_tcpServerLink::tcp socket selcet error

11:40:08:878, Q_tcpServerLink::tcp socket selcet error

11:40:12:384, Q_tcpServerLink::tcp socket selcet error

11:40:15:893, Q_tcpServerLink::tcp socket selcet error

11:40:19:405, Q_tcpServerLink::tcp socket selcet error

11:40:22:906, Q_tcpServerLink::tcp socket selcet error

11:40:26:410, Q_tcpServerLink::tcp socket selcet error

11:40:29:916, Q_tcpServerLink::tcp socket selcet error

11:40:33:422, Q_tcpServerLink::tcp socket selcet error

11:40:36:924, Q_tcpServerLink::tcp socket selcet error

11:40:40:426, Q_tcpServerLink::tcp socket selcet error

11:40:43:927, Q_tcpServerLink::tcp socket selcet error

11:40:47:435, Q_tcpServerLink::tcp socket selcet error

11:40:50:938, Q_tcpServerLink::tcp socket selcet error

