..\..\bin\makeSignatrue.ilk
..\..\bin\makeSignatrue.pdb
F:\GKPRO\PROGRAM\LDNS\BIN\MAKESIGNATRUE.EXE
F:\GKPRO\PROGRAM\LDNS\BIN\MAKESIGNATRUE.ILK
F:\GKPRO\PROGRAM\LDNS\BIN\MAKESIGNATRUE.PDB
F:\Gkpro\program\ldns\vc10\makeSignatrue\..\..\bin\makeSignatrue.exe
F:\Gkpro\program\ldns\vc10\makeSignatrue\Debug\cl.command.1.tlog
F:\Gkpro\program\ldns\vc10\makeSignatrue\Debug\CL.read.1.tlog
F:\Gkpro\program\ldns\vc10\makeSignatrue\Debug\CL.write.1.tlog
F:\Gkpro\program\ldns\vc10\makeSignatrue\Debug\link.12652.read.1.tlog
F:\Gkpro\program\ldns\vc10\makeSignatrue\Debug\link.12652.write.1.tlog
F:\Gkpro\program\ldns\vc10\makeSignatrue\Debug\link.12652-cvtres.read.1.tlog
F:\Gkpro\program\ldns\vc10\makeSignatrue\Debug\link.12652-cvtres.write.1.tlog
F:\Gkpro\program\ldns\vc10\makeSignatrue\Debug\link.command.1.tlog
F:\Gkpro\program\ldns\vc10\makeSignatrue\Debug\link.read.1.tlog
F:\Gkpro\program\ldns\vc10\makeSignatrue\Debug\link.write.1.tlog
F:\Gkpro\program\ldns\vc10\makeSignatrue\Debug\link-cvtres.read.1.tlog
F:\Gkpro\program\ldns\vc10\makeSignatrue\Debug\link-cvtres.write.1.tlog
F:\GKPRO\PROGRAM\LDNS\VC10\MAKESIGNATRUE\DEBUG\MAIN.OBJ
F:\GKPRO\PROGRAM\LDNS\VC10\MAKESIGNATRUE\DEBUG\MAKESIGNATRUE.EXE.EMBED.MANIFEST
F:\GKPRO\PROGRAM\LDNS\VC10\MAKESIGNATRUE\DEBUG\MAKESIGNATRUE.EXE.EMBED.MANIFEST.RES
F:\GKPRO\PROGRAM\LDNS\VC10\MAKESIGNATRUE\DEBUG\MAKESIGNATRUE.EXE.INTERMEDIATE.MANIFEST
F:\Gkpro\program\ldns\vc10\makeSignatrue\Debug\makeSignatrue.vcxprojResolveAssemblyReference.cache
F:\Gkpro\program\ldns\vc10\makeSignatrue\Debug\makeSignatrue.write.1.tlog
F:\Gkpro\program\ldns\vc10\makeSignatrue\Debug\makeSignatrue_manifest.rc
F:\Gkpro\program\ldns\vc10\makeSignatrue\Debug\mt.command.1.tlog
F:\Gkpro\program\ldns\vc10\makeSignatrue\Debug\mt.read.1.tlog
F:\Gkpro\program\ldns\vc10\makeSignatrue\Debug\mt.write.1.tlog
F:\Gkpro\program\ldns\vc10\makeSignatrue\Debug\rc.command.1.tlog
F:\Gkpro\program\ldns\vc10\makeSignatrue\Debug\rc.read.1.tlog
F:\Gkpro\program\ldns\vc10\makeSignatrue\Debug\rc.write.1.tlog
F:\Gkpro\program\ldns\vc10\makeSignatrue\Debug\vc100.idb
F:\GKPRO\PROGRAM\LDNS\VC10\MAKESIGNATRUE\DEBUG\VC100.PDB
