生成启动时间为 2018/3/12 10:36:55。
     1>项目“F:\Gkpro\program\ldns\vc10\plungins\CommModbusRtuSlv\CommModbusRtuSlv.vcxproj”在节点 4 上(build 个目标)。
     1>InitializeBuildStatus:
         正在创建“Debug\CommModbusRtuSlv.unsuccessfulbuild”，因为已指定“AlwaysCreate”。
       ClCompile:
         所有输出均为最新。
       ResourceCompile:
         所有输出均为最新。
     1>项目“F:\Gkpro\program\ldns\vc10\plungins\CommModbusRtuSlv\CommModbusRtuSlv.vcxproj”(1)正在节点 2 上生成“F:\Gkpro\program\ldns\rtdb\RtdbDll\RtdbDll.vcxproj”(5:3) (GetResolvedLinkLibs 个目标)。
     5>C:\Windows\Microsoft.NET\Framework\v4.0.30319\Microsoft.Common.Targets(1422,5): warning : The referenced project '..\..\win\tinyxml\tinyxml.vcxproj' does not exist.
     5>已完成生成项目“F:\Gkpro\program\ldns\rtdb\RtdbDll\RtdbDll.vcxproj”(GetResolvedLinkLibs 个目标)的操作。
     1>项目“F:\Gkpro\program\ldns\vc10\plungins\CommModbusRtuSlv\CommModbusRtuSlv.vcxproj”(1)正在节点 4 上生成“F:\Gkpro\program\ldns\scada\ScadaAPI\ScadaAPI.vcxproj”(4:3) (GetResolvedLinkLibs 个目标)。
     4>C:\Windows\Microsoft.NET\Framework\v4.0.30319\Microsoft.Common.Targets(1422,5): warning : The referenced project '..\..\win\tinyxml\tinyxml.vcxproj' does not exist.
     4>已完成生成项目“F:\Gkpro\program\ldns\scada\ScadaAPI\ScadaAPI.vcxproj”(GetResolvedLinkLibs 个目标)的操作。
     1>ManifestResourceCompile:
         所有输出均为最新。
       Link:
         C:\Program Files (x86)\Microsoft Visual Studio 10.0\VC\bin\link.exe /ERRORREPORT:PROMPT /OUT:"..\..\..\bin\CommModbusRtuSlv.dll" /INCREMENTAL /NOLOGO /LIBPATH:..\..\..\bin CommFrame.lib tinyxml.lib RealDB.lib ScadaProcess.lib Log.lib /DEF:"CommModbusRtuSlv.def" /MANIFEST /ManifestFile:"Debug\CommModbusRtuSlv.dll.intermediate.manifest" /MANIFESTUAC:"level='asInvoker' uiAccess='false'" /DEBUG /PDB:"F:\Gkpro\program\ldns\bin\CommModbusRtuSlv.pdb" /MAP /SUBSYSTEM:WINDOWS /TLBID:1 /DYNAMICBASE /NXCOMPAT /IMPLIB:"..\..\..\bin\CommModbusRtuSlv.lib" /MACHINE:X86 /DLL Debug\CommModbusRtuSlv.res
         Debug\CommModbusRtuSlv.dll.embed.manifest.res
         Debug\Q_protocolModbusRtuSlv.obj
            正在创建库 ..\..\..\bin\CommModbusRtuSlv.lib 和对象 ..\..\..\bin\CommModbusRtuSlv.exp
       Manifest:
         C:\Program Files (x86)\Microsoft SDKs\Windows\v7.0A\bin\mt.exe /nologo /verbose /out:"Debug\CommModbusRtuSlv.dll.embed.manifest" /manifest Debug\CommModbusRtuSlv.dll.intermediate.manifest "C:\Program Files (x86)\Microsoft Visual Studio 10.0\VC\Include\Manifest\dpiaware.manifest"
         所有输出均为最新。
       LinkEmbedManifest:
         所有输出均为最新。
         CommModbusRtuSlv.vcxproj -> F:\Gkpro\program\ldns\vc10\plungins\CommModbusRtuSlv\..\..\..\bin\CommModbusRtuSlv.dll
       FinalizeBuildStatus:
         正在删除文件“Debug\CommModbusRtuSlv.unsuccessfulbuild”。
         正在对“Debug\CommModbusRtuSlv.lastbuildstate”执行 Touch 任务。
     1>已完成生成项目“F:\Gkpro\program\ldns\vc10\plungins\CommModbusRtuSlv\CommModbusRtuSlv.vcxproj”(build 个目标)的操作。

生成成功。

已用时间 00:00:02.35
