2016-05-23 15:32:54.676 刷新数据运行
2016-05-23 15:32:54.677 当前控制总功能投入
2016-05-23 15:32:54.678 得到当前命令56000.00
2016-05-23 15:32:54.679 闭锁，程序初启动，等待30秒正式运行算法,现在还需30秒

2016-05-23 15:32:54.679 海装风机有功闭锁,原因：与风机监控通道断开;
2016-05-23 15:32:54.680 华锐风机有功闭锁,原因：与风机监控通道断开;
2016-05-23 15:32:54.680 闭锁检查不通过
2016-05-23 15:32:57.676 刷新数据运行
2016-05-23 15:33:00.682 刷新数据运行
2016-05-23 15:33:03.686 刷新数据运行
2016-05-23 15:33:06.690 刷新数据运行
2016-05-23 15:33:09.691 刷新数据运行
2016-05-23 15:33:09.694 当前控制总功能投入
2016-05-23 15:33:09.696 得到当前命令56000.00
2016-05-23 15:33:09.698 闭锁，程序初启动，等待30秒正式运行算法,现在还需15秒

2016-05-23 15:33:09.699 海装风机有功闭锁,原因：与风机监控通道断开;
2016-05-23 15:33:09.702 华锐风机有功闭锁,原因：与风机监控通道断开;
2016-05-23 15:33:09.703 闭锁检查不通过
2016-05-23 15:33:09.705 刷新数据运行
2016-05-23 15:33:12.709 刷新数据运行
2016-05-23 15:33:15.711 刷新数据运行
2016-05-23 15:33:18.713 刷新数据运行
2016-05-23 15:33:21.716 刷新数据运行
2016-05-23 15:33:24.712 刷新数据运行
2016-05-23 15:33:24.713 当前控制总功能投入
2016-05-23 15:33:24.713 得到当前命令56000.00
2016-05-23 15:33:24.714 海装风机有功闭锁,原因：与风机监控通道断开;
2016-05-23 15:33:24.715 华锐风机有功闭锁,原因：与风机监控通道断开;
2016-05-23 15:33:24.716 闭锁检查通过
2016-05-23 15:33:24.717 1分钟变化率修正(时间差值=30秒):目标值56000.00,修正后目标16360.00实时出力=6860.00,调节参考值=6860.00,速率限值=9500kW/分钟
2016-05-23 15:33:24.718 安全约束检查通过
2016-05-23 15:33:24.719 当前有功6860.00,有功目标16360.00，调节死区200.00,线损0.00
2016-05-23 15:33:24.720 执行按裕度分配算法
2016-05-23 15:33:24.721 海装风机是否参与计算[0],是否可调[0]
2016-05-23 15:33:24.722 华锐风机是否参与计算[0],是否可调[0]
2016-05-23 15:33:24.723 无可调设备
2016-05-23 15:33:24.723 执行分配命令启动
2016-05-23 15:33:24.724 刷新数据运行
2016-05-23 15:33:27.726 刷新数据运行
2016-05-23 15:33:30.727 刷新数据运行
2016-05-23 15:33:33.729 刷新数据运行
2016-05-23 15:33:36.731 刷新数据运行
2016-05-23 15:33:39.732 刷新数据运行
2016-05-23 15:33:39.734 当前控制总功能投入
2016-05-23 15:33:39.735 得到当前命令56000.00
2016-05-23 15:33:39.737 海装风机有功闭锁,原因：与风机监控通道断开;
2016-05-23 15:33:39.739 华锐风机有功闭锁,原因：与风机监控通道断开;
2016-05-23 15:33:39.740 闭锁检查通过
2016-05-23 15:33:39.741 1分钟变化率修正(时间差值=45秒):目标值56000.00,修正后目标16360.00实时出力=6860.00,调节参考值=6860.00,速率限值=9500kW/分钟
2016-05-23 15:33:39.743 安全约束检查通过
2016-05-23 15:33:39.744 当前有功6860.00,有功目标16360.00，调节死区200.00,线损0.00
2016-05-23 15:33:39.746 执行按裕度分配算法
2016-05-23 15:33:39.747 海装风机是否参与计算[0],是否可调[0]
2016-05-23 15:33:39.748 华锐风机是否参与计算[0],是否可调[0]
2016-05-23 15:33:39.749 无可调设备
2016-05-23 15:33:39.751 执行分配命令启动
2016-05-23 15:33:39.752 刷新数据运行
2016-05-23 15:33:42.753 刷新数据运行
2016-05-23 15:33:45.757 刷新数据运行
2016-05-23 15:33:48.765 刷新数据运行
2016-05-23 15:33:51.766 刷新数据运行
2016-05-23 15:33:54.757 刷新数据运行
2016-05-23 15:33:54.758 当前控制总功能投入
2016-05-23 15:33:54.758 得到当前命令56000.00
2016-05-23 15:33:54.759 海装风机有功闭锁,原因：与风机监控通道断开;
2016-05-23 15:33:54.759 华锐风机有功闭锁,原因：与风机监控通道断开;
2016-05-23 15:33:54.760 闭锁检查通过
2016-05-23 15:33:54.761 1分钟变化率修正(时间差值=60秒):目标值56000.00,修正后目标16360.00实时出力=6860.00,调节参考值=6860.00,速率限值=9500kW/分钟
2016-05-23 15:33:54.761 安全约束检查通过
2016-05-23 15:33:54.762 当前有功6860.00,有功目标16360.00，调节死区200.00,线损0.00
2016-05-23 15:33:54.762 执行按裕度分配算法
2016-05-23 15:33:54.763 海装风机是否参与计算[0],是否可调[0]
2016-05-23 15:33:54.763 华锐风机是否参与计算[0],是否可调[0]
2016-05-23 15:33:54.765 无可调设备
2016-05-23 15:33:54.766 执行分配命令启动
2016-05-23 15:33:54.768 刷新数据运行
2016-05-23 15:33:57.768 刷新数据运行
2016-05-23 15:34:00.769 刷新数据运行
2016-05-23 15:34:03.776 刷新数据运行
2016-05-23 15:34:06.779 刷新数据运行
2016-05-23 15:34:09.767 刷新数据运行
2016-05-23 15:34:09.769 当前控制总功能投入
2016-05-23 15:34:09.770 得到当前命令56000.00
2016-05-23 15:34:09.772 海装风机有功闭锁,原因：与风机监控通道断开;
2016-05-23 15:34:09.773 华锐风机有功闭锁,原因：与风机监控通道断开;
2016-05-23 15:34:09.775 闭锁检查通过
2016-05-23 15:34:09.777 1分钟变化率修正(时间差值=15秒):目标值56000.00,修正后目标16360.00实时出力=6860.00,调节参考值=6860.00,速率限值=9500kW/分钟
2016-05-23 15:34:09.778 安全约束检查通过
2016-05-23 15:34:09.779 当前有功6860.00,有功目标16360.00，调节死区200.00,线损0.00
2016-05-23 15:34:09.781 执行按裕度分配算法
2016-05-23 15:34:09.783 海装风机是否参与计算[0],是否可调[0]
2016-05-23 15:34:09.784 华锐风机是否参与计算[0],是否可调[0]
2016-05-23 15:34:09.785 无可调设备
2016-05-23 15:34:09.787 执行分配命令启动
2016-05-23 15:34:09.788 刷新数据运行
2016-05-23 15:34:12.790 刷新数据运行
2016-05-23 15:34:15.792 刷新数据运行
2016-05-23 15:34:18.794 刷新数据运行
2016-05-23 15:34:21.796 刷新数据运行
2016-05-23 15:34:24.798 刷新数据运行
2016-05-23 15:34:24.801 刷新数据运行
2016-05-23 15:34:24.802 当前控制总功能投入
2016-05-23 15:34:24.804 得到当前命令56000.00
2016-05-23 15:34:24.804 海装风机有功闭锁,原因：与风机监控通道断开;
2016-05-23 15:34:24.805 华锐风机有功闭锁,原因：与风机监控通道断开;
2016-05-23 15:34:24.806 闭锁检查通过
2016-05-23 15:34:24.806 1分钟变化率修正(时间差值=30秒):目标值56000.00,修正后目标16360.00实时出力=6860.00,调节参考值=6860.00,速率限值=9500kW/分钟
2016-05-23 15:34:24.807 安全约束检查通过
2016-05-23 15:34:24.808 当前有功6860.00,有功目标16360.00，调节死区200.00,线损0.00
2016-05-23 15:34:24.809 执行按裕度分配算法
2016-05-23 15:34:24.809 海装风机是否参与计算[0],是否可调[0]
2016-05-23 15:34:24.811 华锐风机是否参与计算[0],是否可调[0]
2016-05-23 15:34:24.811 无可调设备
2016-05-23 15:34:24.812 执行分配命令启动
