2015-04-23 06:11:30.053 前置重新启动

2015-04-23 06:15:15.194 前置重新启动

2015-04-23 06:19:33.029 前置重新启动

2015-04-23 06:22:18.168 前置重新启动

2015-04-23 06:22:51.951 前置重新启动

2015-04-23 06:25:40.801 前置重新启动

2015-04-23 06:32:58.812 前置重新启动

2015-04-23 06:36:54.828 前置重新启动

2015-04-23 06:37:48.069 前置机:RJN8WSX453RV9ZG 进行主备通道切换 通道:tjs测试采集2 备----->主  自动
linkid 1:2015-04-23 06:38:05.259 u timeout
linkid 1:2015-04-23 06:38:05.260 link fail
linkid 2:2015-04-23 06:38:05.913 u timeout
linkid 2:2015-04-23 06:38:05.914 link fail
linkid 1:2015-04-23 06:38:21.112 u timeout
linkid 1:2015-04-23 06:38:21.113 link fail
linkid 2:2015-04-23 06:38:22.074 u timeout
linkid 1:2015-04-23 06:38:22.075 u timeout
linkid 2:2015-04-23 06:38:22.078 link fail
2015-04-23 06:38:39.358 前置机:RJN8WSX453RV9ZG 进行主备通道切换 通道:tjs测试采集2 主----->备  自动
linkid 1:2015-04-23 06:38:39.360 u timeout
linkid 2:2015-04-23 06:38:39.363 u timeout
linkid 1:2015-04-23 06:38:39.365 link fail
linkid 2:2015-04-23 06:38:39.369 link fail
linkid 1:2015-04-23 06:38:39.370 u timeout
linkid 1:2015-04-23 06:38:39.373 link fail
linkid 2:2015-04-23 06:38:54.007 u timeout
linkid 1:2015-04-23 06:38:54.010 u timeout
linkid 1:2015-04-23 06:38:54.012 u timeout
linkid 2:2015-04-23 06:38:54.016 link fail
linkid 1:2015-04-23 06:38:54.021 link fail
linkid 1:2015-04-23 06:38:54.019 link fail
linkid 1:2015-04-23 06:39:09.005 u timeout
linkid 1:2015-04-23 06:39:09.009 link fail
linkid 1:2015-04-23 06:39:09.014 u timeout
linkid 2:2015-04-23 06:39:09.017 u timeout
linkid 1:2015-04-23 06:39:09.020 link fail
linkid 2:2015-04-23 06:39:09.024 link fail
linkid 1:2015-04-23 06:39:24.002 u timeout
linkid 2:2015-04-23 06:39:24.001 u timeout
linkid 1:2015-04-23 06:39:24.005 link fail
linkid 2:2015-04-23 06:39:24.008 link fail
linkid 1:2015-04-23 06:39:24.009 u timeout
linkid 1:2015-04-23 06:39:24.011 link fail
linkid 2:2015-04-23 06:39:39.003 u timeout
linkid 1:2015-04-23 06:39:39.005 u timeout
linkid 1:2015-04-23 06:39:39.007 link fail
linkid 1:2015-04-23 06:39:39.010 u timeout
linkid 2:2015-04-23 06:39:39.009 link fail
linkid 1:2015-04-23 06:39:39.012 link fail
linkid 1:2015-04-23 06:39:54.002 u timeout
linkid 2:2015-04-23 06:39:54.004 u timeout
linkid 1:2015-04-23 06:39:54.005 link fail
linkid 1:2015-04-23 06:39:54.006 u timeout
linkid 2:2015-04-23 06:39:54.008 link fail
linkid 1:2015-04-23 06:39:54.009 link fail
linkid 1:2015-04-23 06:40:09.003 u timeout
linkid 1:2015-04-23 06:40:09.007 link fail
linkid 2:2015-04-23 06:40:09.010 u timeout
linkid 1:2015-04-23 06:40:09.012 u timeout
linkid 2:2015-04-23 06:40:09.014 link fail
linkid 1:2015-04-23 06:40:09.016 link fail
linkid 1:2015-04-23 06:40:24.000 u timeout
linkid 1:2015-04-23 06:40:24.004 u timeout
linkid 1:2015-04-23 06:40:24.010 link fail
linkid 2:2015-04-23 06:40:24.012 u timeout
linkid 2:2015-04-23 06:40:24.015 link fail
linkid 1:2015-04-23 06:40:39.016 u timeout
linkid 2:2015-04-23 06:40:39.023 u timeout
linkid 1:2015-04-23 06:40:39.024 link fail
linkid 2:2015-04-23 06:40:39.026 link fail
linkid 1:2015-04-23 06:40:39.027 u timeout
linkid 1:2015-04-23 06:40:39.029 link fail
linkid 2:2015-04-23 06:40:54.008 u timeout
linkid 1:2015-04-23 06:40:54.011 u timeout
linkid 1:2015-04-23 06:40:54.014 link fail
linkid 2:2015-04-23 06:40:54.018 link fail
linkid 1:2015-04-23 06:40:54.020 u timeout
linkid 1:2015-04-23 06:40:54.025 link fail
linkid 2:2015-04-23 06:41:09.000 u timeout
linkid 2:2015-04-23 06:41:09.003 link fail
linkid 1:2015-04-23 06:41:09.005 u timeout
linkid 1:2015-04-23 06:41:09.008 link fail
linkid 1:2015-04-23 06:41:09.010 u timeout
linkid 1:2015-04-23 06:41:09.013 link fail
linkid 2:2015-04-23 06:41:24.005 u timeout
linkid 1:2015-04-23 06:41:24.008 u timeout
linkid 1:2015-04-23 06:41:24.007 u timeout
linkid 1:2015-04-23 06:41:24.011 link fail
linkid 2:2015-04-23 06:41:24.010 link fail
linkid 1:2015-04-23 06:41:24.013 link fail
linkid 1:2015-04-23 06:41:39.001 u timeout
linkid 2:2015-04-23 06:41:39.003 u timeout
linkid 1:2015-04-23 06:41:39.003 u timeout
linkid 2:2015-04-23 06:41:39.004 link fail
linkid 1:2015-04-23 06:41:39.005 link fail
linkid 1:2015-04-23 06:41:39.006 link fail
2015-04-23 06:42:29.866 前置重新启动

2015-04-23 06:42:49.275 前置机:RJN8WSX453RV9ZG 进行主备通道切换 通道:tjs测试采集2 备----->主  自动
2015-04-23 06:43:04.002 前置机:RJN8WSX453RV9ZG 进行主备通道切换 通道:tjs测试采集2 主----->备  自动
linkid 2:2015-04-23 06:43:04.005 u timeout
linkid 2:2015-04-23 06:43:04.008 iec 104 link fail
2015-04-23 22:05:56.964 前置重新启动

2015-04-23 22:06:09.964 前置重新启动

2015-04-23 22:06:23.022 前置机:RJN8WSX453RV9ZG 进行主备通道切换 通道:tjs测试采集2 备----->主  自动
linkid 2:2015-04-23 22:06:38.006 u timeout
linkid 2:2015-04-23 22:06:38.009 iec 104 link fail
2015-04-23 22:06:41.009 前置机:RJN8WSX453RV9ZG 进行主备通道切换 通道:tjs测试采集2 主----->备  自动
linkid 2:2015-04-23 22:06:53.003 u timeout
linkid 2:2015-04-23 22:06:53.006 iec 104 link fail
linkid 1:2015-04-23 22:06:57.004 u timeout
linkid 1:2015-04-23 22:06:57.006 iec 104 link fail
linkid 1:2015-04-23 22:06:57.010 u timeout
linkid 1:2015-04-23 22:06:57.014 iec 104 link fail
linkid 2:2015-04-23 22:07:08.008 u timeout
linkid 2:2015-04-23 22:07:08.011 iec 104 link fail
linkid 1:2015-04-23 22:07:12.007 u timeout
linkid 1:2015-04-23 22:07:12.010 iec 104 link fail
linkid 1:2015-04-23 22:07:12.010 u timeout
linkid 1:2015-04-23 22:07:12.013 iec 104 link fail
linkid 2:2015-04-23 22:07:23.007 u timeout
linkid 2:2015-04-23 22:07:23.010 iec 104 link fail
linkid 1:2015-04-23 22:07:27.009 u timeout
linkid 1:2015-04-23 22:07:27.012 iec 104 link fail
linkid 1:2015-04-23 22:07:27.014 u timeout
linkid 1:2015-04-23 22:07:27.016 iec 104 link fail
2015-04-23 22:07:44.903 前置重新启动

2015-04-23 22:08:30.772 前置重新启动

2015-04-23 22:09:44.361 前置重新启动

2015-04-23 22:10:01.535 前置机:RJN8WSX453RV9ZG 进行主备通道切换 通道:tjs测试采集 备----->主  自动
2015-04-23 22:11:56.615 前置重新启动

2015-04-23 22:16:44.821 前置重新启动

2015-04-23 22:16:49.003 前置机:RJN8WSX453RV9ZG 进行主备通道切换 通道:tjs测试采集 备----->主  自动
2015-04-23 22:22:18.995 前置重新启动

2015-04-23 22:22:49.072 前置重新启动

2015-04-23 22:29:06.139 前置重新启动

2015-04-23 22:30:11.347 前置重新启动

2015-04-23 22:35:25.290 前置重新启动

2015-04-23 22:45:40.825 前置重新启动

2015-04-23 22:48:03.859 前置重新启动

2015-04-23 22:49:51.064 前置重新启动

2015-04-23 22:52:20.006 前置重新启动

linkid 1:2015-04-23 22:54:09.765 u timeout
linkid 2:2015-04-23 22:54:09.767 u timeout
linkid 1:2015-04-23 22:54:09.768 iec 104 link fail
linkid 2:2015-04-23 22:54:09.769 iec 104 link fail
linkid 1:2015-04-23 22:55:50.656 u timeout
linkid 2:2015-04-23 22:55:50.659 u timeout
linkid 1:2015-04-23 22:55:50.661 iec 104 link fail
linkid 2:2015-04-23 22:55:50.663 iec 104 link fail
linkid 1:2015-04-23 22:55:50.665 u timeout
linkid 1:2015-04-23 22:55:50.667 iec 104 link fail
linkid 1:2015-04-23 22:56:05.003 u timeout
linkid 2:2015-04-23 22:56:46.026 u timeout
linkid 1:2015-04-23 22:56:46.028 iec 104 link fail
linkid 2:2015-04-23 22:56:46.031 iec 104 link fail
linkid 1:2015-04-23 22:56:46.629 u timeout
linkid 1:2015-04-23 22:56:46.632 iec 104 link fail
2015-04-23 22:58:17.052 前置重新启动

2015-04-23 22:58:35.466 connect to tcpserver ok 127.0.0.1
2015-04-23 22:58:35.525 前置机:RJN8WSX453RV9ZG 进行主备通道切换 通道:tjs测试采集2 备----->主  自动
linkid 2:2015-04-23 22:58:52.984 u timeout
linkid 2:2015-04-23 22:58:52.986 iec 104 link fail
linkid 1:2015-04-23 22:58:54.007 u timeout
linkid 1:2015-04-23 22:58:54.011 iec 104 link fail
linkid 1:2015-04-23 22:58:54.017 u timeout
linkid 1:2015-04-23 22:58:54.023 iec 104 link fail
linkid 2:2015-04-23 22:59:07.004 u timeout
linkid 2:2015-04-23 22:59:07.007 iec 104 link fail
linkid 1:2015-04-23 22:59:09.002 u timeout
linkid 1:2015-04-23 22:59:09.005 iec 104 link fail
linkid 1:2015-04-23 22:59:09.007 u timeout
linkid 1:2015-04-23 22:59:09.011 iec 104 link fail
linkid 2:2015-04-23 22:59:22.008 u timeout
linkid 2:2015-04-23 22:59:22.011 iec 104 link fail
linkid 1:2015-04-23 22:59:24.001 u timeout
linkid 1:2015-04-23 22:59:24.004 iec 104 link fail
linkid 1:2015-04-23 22:59:24.007 u timeout
linkid 1:2015-04-23 22:59:24.010 iec 104 link fail
linkid 2:2015-04-23 22:59:37.003 u timeout
linkid 2:2015-04-23 22:59:37.006 iec 104 link fail
linkid 1:2015-04-23 22:59:39.007 u timeout
linkid 1:2015-04-23 22:59:39.010 u timeout
k fail
linkid 1:2015-04-23 22:59:39.014 iec 104 link fail
linkid 2:2015-04-23 22:59:52.006 u timeout
linkid 2:2015-04-23 22:59:52.011 iec 104 link fail
linkid 1:2015-04-23 22:59:54.005 u timeout
linkid 1:2015-04-23 22:59:54.010 iec 104 link fail
linkid 1:2015-04-23 22:59:54.013 u timeout
linkid 1:2015-04-23 22:59:54.016 iec 104 link fail
linkid 2:2015-04-23 23:00:07.003 u timeout
linkid 2:2015-04-23 23:00:07.006 iec 104 link fail
linkid 1:2015-04-23 23:00:09.005 u timeout
linkid 1:2015-04-23 23:00:09.007 u timeout
linkid 1:2015-04-23 23:00:09.012 iec 104 link fail
linkid 1:2015-04-23 23:00:09.010 iec 104 link fail
linkid 2:2015-04-23 23:00:22.001 u timeout
linkid 2:2015-04-23 23:00:22.005 iec 104 link fail
2015-04-23 23:00:23.006 connect to tcpserver ok 127.0.0.1
linkid 1:2015-04-23 23:00:24.002 u timeout
linkid 1:2015-04-23 23:00:24.005 iec 104 link fail
linkid 1:2015-04-23 23:00:26.016 u timeout
linkid 1:2015-04-23 23:00:26.020 iec 104 link fail
linkid 2:2015-04-23 23:00:37.002 u timeout
linkid 2:2015-04-23 23:00:37.005 iec 104 link fail
2015-04-23 23:01:12.700 前置重新启动

2015-04-23 23:01:27.609 connect to tcpserver ok 127.0.0.1
linkid 2:2015-04-23 23:01:39.009 u timeout
linkid 2:2015-04-23 23:01:39.011 iec 104 link fail
2015-04-23 23:01:42.039 前置机:RJN8WSX453RV9ZG 进行主备通道切换 通道:tjs测试采集2 主----->备  自动
2015-04-23 23:01:42.043 前置机:RJN8WSX453RV9ZG 进行主备通道切换 通道:tjs测试采集 备----->主  自动
linkid 2:2015-04-23 23:01:54.008 u timeout
linkid 2:2015-04-23 23:01:54.013 iec 104 link fail
linkid 1:2015-04-23 23:01:59.010 u timeout
linkid 1:2015-04-23 23:01:59.014 iec 104 link fail
linkid 2:2015-04-23 23:02:09.006 u timeout
linkid 2:2015-04-23 23:02:09.010 iec 104 link fail
linkid 1:2015-04-23 23:02:14.009 u timeout
linkid 1:2015-04-23 23:02:14.016 iec 104 link fail
linkid 2:2015-04-23 23:02:24.010 u timeout
linkid 2:2015-04-23 23:02:24.015 iec 104 link fail
linkid 1:2015-04-23 23:02:29.011 u timeout
linkid 1:2015-04-23 23:02:29.016 iec 104 link fail
linkid 2:2015-04-23 23:02:39.008 u timeout
linkid 2:2015-04-23 23:02:39.012 iec 104 link fail
linkid 1:2015-04-23 23:02:44.004 u timeout
linkid 1:2015-04-23 23:02:44.009 iec 104 link fail
linkid 2:2015-04-23 23:02:54.005 u timeout
linkid 2:2015-04-23 23:02:54.009 iec 104 link fail
linkid 1:2015-04-23 23:02:59.007 u timeout
linkid 1:2015-04-23 23:02:59.011 iec 104 link fail
linkid 2:2015-04-23 23:03:09.003 u timeout
linkid 2:2015-04-23 23:03:09.008 iec 104 link fail
linkid 1:2015-04-23 23:03:14.010 u timeout
linkid 1:2015-04-23 23:03:14.015 iec 104 link fail
linkid 2:2015-04-23 23:03:24.006 u timeout
linkid 2:2015-04-23 23:03:24.011 iec 104 link fail
linkid 1:2015-04-23 23:03:29.009 u timeout
linkid 1:2015-04-23 23:03:29.014 iec 104 link fail
linkid 2:2015-04-23 23:03:39.001 u timeout
linkid 2:2015-04-23 23:03:39.003 iec 104 link fail
linkid 1:2015-04-23 23:03:44.002 u timeout
linkid 1:2015-04-23 23:03:44.007 iec 104 link fail
linkid 2:2015-04-23 23:03:54.008 u timeout
linkid 2:2015-04-23 23:03:54.012 iec 104 link fail
linkid 1:2015-04-23 23:03:59.009 u timeout
linkid 1:2015-04-23 23:03:59.015 iec 104 link fail
linkid 2:2015-04-23 23:04:09.004 u timeout
linkid 2:2015-04-23 23:04:09.009 iec 104 link fail
linkid 1:2015-04-23 23:04:14.013 u timeout
linkid 1:2015-04-23 23:04:14.017 iec 104 link fail
linkid 2:2015-04-23 23:04:24.007 u timeout
linkid 2:2015-04-23 23:04:24.011 iec 104 link fail
linkid 1:2015-04-23 23:04:29.008 u timeout
linkid 1:2015-04-23 23:04:29.013 iec 104 link fail
linkid 2:2015-04-23 23:04:39.005 u timeout
linkid 2:2015-04-23 23:04:39.009 iec 104 link fail
linkid 1:2015-04-23 23:04:44.009 u timeout
linkid 1:2015-04-23 23:04:44.014 iec 104 link fail
linkid 2:2015-04-23 23:04:54.005 u timeout
linkid 2:2015-04-23 23:04:54.009 iec 104 link fail
linkid 1:2015-04-23 23:04:59.004 u timeout
linkid 1:2015-04-23 23:04:59.008 iec 104 link fail
linkid 2:2015-04-23 23:05:09.008 u timeout
linkid 2:2015-04-23 23:05:09.013 iec 104 link fail
linkid 1:2015-04-23 23:05:14.008 u timeout
linkid 1:2015-04-23 23:05:14.013 iec 104 link fail
linkid 2:2015-04-23 23:05:24.004 u timeout
linkid 2:2015-04-23 23:05:24.009 iec 104 link fail
linkid 1:2015-04-23 23:05:29.002 u timeout
linkid 1:2015-04-23 23:05:29.006 iec 104 link fail
linkid 2:2015-04-23 23:05:39.005 u timeout
linkid 2:2015-04-23 23:05:39.009 iec 104 link fail
linkid 1:2015-04-23 23:05:44.005 u timeout
linkid 1:2015-04-23 23:05:44.011 iec 104 link fail
linkid 2:2015-04-23 23:05:54.005 u timeout
linkid 2:2015-04-23 23:05:54.010 iec 104 link fail
linkid 1:2015-04-23 23:05:59.009 u timeout
linkid 1:2015-04-23 23:05:59.013 iec 104 link fail
linkid 2:2015-04-23 23:06:09.008 u timeout
linkid 2:2015-04-23 23:06:09.013 iec 104 link fail
linkid 1:2015-04-23 23:06:14.006 u timeout
linkid 1:2015-04-23 23:06:14.010 iec 104 link fail
linkid 2:2015-04-23 23:06:24.008 u timeout
linkid 2:2015-04-23 23:06:24.012 iec 104 link fail
linkid 1:2015-04-23 23:06:29.008 u timeout
linkid 1:2015-04-23 23:06:29.012 iec 104 link fail
linkid 2:2015-04-23 23:06:39.005 u timeout
linkid 2:2015-04-23 23:06:39.011 iec 104 link fail
linkid 1:2015-04-23 23:06:44.003 u timeout
linkid 1:2015-04-23 23:06:44.011 iec 104 link fail
linkid 2:2015-04-23 23:06:54.007 u timeout
linkid 2:2015-04-23 23:06:54.009 iec 104 link fail
linkid 1:2015-04-23 23:06:59.004 u timeout
linkid 1:2015-04-23 23:06:59.006 iec 104 link fail
linkid 2:2015-04-23 23:07:09.009 u timeout
linkid 2:2015-04-23 23:07:09.012 iec 104 link fail
linkid 1:2015-04-23 23:07:14.003 u timeout
linkid 1:2015-04-23 23:07:14.008 iec 104 link fail
linkid 2:2015-04-23 23:07:24.008 u timeout
linkid 2:2015-04-23 23:07:24.011 iec 104 link fail
linkid 1:2015-04-23 23:07:29.006 u timeout
linkid 1:2015-04-23 23:07:29.009 iec 104 link fail
linkid 2:2015-04-23 23:07:39.005 u timeout
linkid 2:2015-04-23 23:07:39.009 iec 104 link fail
linkid 1:2015-04-23 23:07:44.001 u timeout
linkid 1:2015-04-23 23:07:44.003 iec 104 link fail
linkid 2:2015-04-23 23:07:54.010 u timeout
linkid 2:2015-04-23 23:07:54.012 iec 104 link fail
linkid 1:2015-04-23 23:07:59.005 u timeout
linkid 1:2015-04-23 23:07:59.008 iec 104 link fail
linkid 2:2015-04-23 23:08:09.009 u timeout
linkid 2:2015-04-23 23:08:09.012 iec 104 link fail
linkid 1:2015-04-23 23:08:14.006 u timeout
linkid 1:2015-04-23 23:08:14.009 iec 104 link fail
linkid 2:2015-04-23 23:08:24.001 u timeout
linkid 2:2015-04-23 23:08:24.004 iec 104 link fail
linkid 1:2015-04-23 23:08:29.010 u timeout
linkid 1:2015-04-23 23:08:29.012 iec 104 link fail
linkid 2:2015-04-23 23:08:39.006 u timeout
linkid 2:2015-04-23 23:08:39.008 iec 104 link fail
linkid 1:2015-04-23 23:08:44.007 u timeout
linkid 1:2015-04-23 23:08:44.010 iec 104 link fail
linkid 2:2015-04-23 23:08:54.004 u timeout
linkid 2:2015-04-23 23:08:54.008 iec 104 link fail
linkid 1:2015-04-23 23:08:59.003 u timeout
linkid 1:2015-04-23 23:08:59.006 iec 104 link fail
linkid 2:2015-04-23 23:09:09.005 u timeout
linkid 2:2015-04-23 23:09:09.008 iec 104 link fail
linkid 1:2015-04-23 23:09:14.005 u timeout
linkid 1:2015-04-23 23:09:14.008 iec 104 link fail
linkid 2:2015-04-23 23:09:24.009 u timeout
linkid 2:2015-04-23 23:09:24.012 iec 104 link fail
linkid 1:2015-04-23 23:09:29.007 u timeout
linkid 1:2015-04-23 23:09:29.011 iec 104 link fail
linkid 2:2015-04-23 23:09:39.008 u timeout
linkid 2:2015-04-23 23:09:39.010 iec 104 link fail
linkid 1:2015-04-23 23:09:44.008 u timeout
linkid 1:2015-04-23 23:09:44.011 iec 104 link fail
linkid 2:2015-04-23 23:09:54.006 u timeout
linkid 2:2015-04-23 23:09:54.009 iec 104 link fail
linkid 1:2015-04-23 23:09:59.002 u timeout
linkid 1:2015-04-23 23:09:59.005 iec 104 link fail
linkid 2:2015-04-23 23:10:09.001 u timeout
linkid 2:2015-04-23 23:10:09.004 iec 104 link fail
linkid 1:2015-04-23 23:10:14.008 u timeout
linkid 1:2015-04-23 23:10:14.011 iec 104 link fail
linkid 2:2015-04-23 23:10:24.007 u timeout
linkid 2:2015-04-23 23:10:24.009 iec 104 link fail
linkid 1:2015-04-23 23:10:29.003 u timeout
linkid 1:2015-04-23 23:10:29.007 iec 104 link fail
linkid 2:2015-04-23 23:10:39.003 u timeout
linkid 2:2015-04-23 23:10:39.006 iec 104 link fail
linkid 1:2015-04-23 23:10:44.008 u timeout
linkid 1:2015-04-23 23:10:44.010 iec 104 link fail
linkid 2:2015-04-23 23:10:54.006 u timeout
linkid 2:2015-04-23 23:10:54.009 iec 104 link fail
linkid 1:2015-04-23 23:10:59.004 u timeout
linkid 1:2015-04-23 23:10:59.007 iec 104 link fail
linkid 2:2015-04-23 23:11:09.005 u timeout
linkid 2:2015-04-23 23:11:09.007 iec 104 link fail
linkid 1:2015-04-23 23:11:14.004 u timeout
linkid 1:2015-04-23 23:11:14.006 iec 104 link fail
linkid 2:2015-04-23 23:11:24.002 u timeout
linkid 2:2015-04-23 23:11:24.004 iec 104 link fail
linkid 1:2015-04-23 23:11:29.002 u timeout
linkid 1:2015-04-23 23:11:29.005 iec 104 link fail
linkid 2:2015-04-23 23:11:39.001 u timeout
linkid 2:2015-04-23 23:11:39.004 iec 104 link fail
linkid 1:2015-04-23 23:11:39.048 i timeout
linkid 1:2015-04-23 23:11:39.050 iec 104 link fail
linkid 1:2015-04-23 23:11:44.010 u timeout
linkid 1:2015-04-23 23:11:44.013 iec 104 link fail
linkid 2:2015-04-23 23:11:54.009 u timeout
linkid 2:2015-04-23 23:11:54.012 iec 104 link fail
linkid 1:2015-04-23 23:11:59.001 u timeout
linkid 1:2015-04-23 23:11:59.003 iec 104 link fail
linkid 2:2015-04-23 23:12:09.008 u timeout
linkid 2:2015-04-23 23:12:09.010 iec 104 link fail
linkid 1:2015-04-23 23:12:14.010 u timeout
linkid 1:2015-04-23 23:12:14.012 iec 104 link fail
linkid 2:2015-04-23 23:12:24.005 u timeout
linkid 2:2015-04-23 23:12:24.006 iec 104 link fail
linkid 1:2015-04-23 23:12:29.000 u timeout
linkid 1:2015-04-23 23:12:29.001 iec 104 link fail
linkid 2:2015-04-23 23:12:39.002 u timeout
linkid 2:2015-04-23 23:12:39.005 iec 104 link fail
linkid 1:2015-04-23 23:12:44.009 u timeout
linkid 1:2015-04-23 23:12:44.010 iec 104 link fail
linkid 2:2015-04-23 23:12:54.003 u timeout
linkid 2:2015-04-23 23:12:54.005 iec 104 link fail
linkid 1:2015-04-23 23:12:59.002 u timeout
linkid 1:2015-04-23 23:12:59.005 iec 104 link fail
linkid 2:2015-04-23 23:13:09.001 u timeout
linkid 2:2015-04-23 23:13:09.004 iec 104 link fail
linkid 1:2015-04-23 23:13:14.003 u timeout
linkid 1:2015-04-23 23:13:14.005 iec 104 link fail
linkid 2:2015-04-23 23:13:24.002 u timeout
linkid 2:2015-04-23 23:13:24.005 iec 104 link fail
linkid 1:2015-04-23 23:13:29.004 u timeout
linkid 1:2015-04-23 23:13:29.007 iec 104 link fail
linkid 2:2015-04-23 23:13:39.008 u timeout
linkid 2:2015-04-23 23:13:39.010 iec 104 link fail
linkid 1:2015-04-23 23:13:44.009 u timeout
linkid 1:2015-04-23 23:13:44.012 iec 104 link fail
linkid 2:2015-04-23 23:13:54.008 u timeout
linkid 2:2015-04-23 23:13:54.010 iec 104 link fail
linkid 1:2015-04-23 23:13:59.007 u timeout
linkid 1:2015-04-23 23:13:59.010 iec 104 link fail
linkid 2:2015-04-23 23:14:09.003 u timeout
linkid 2:2015-04-23 23:14:09.006 iec 104 link fail
linkid 1:2015-04-23 23:14:14.007 u timeout
linkid 1:2015-04-23 23:14:14.010 iec 104 link fail
linkid 2:2015-04-23 23:14:24.002 u timeout
linkid 2:2015-04-23 23:14:24.004 iec 104 link fail
linkid 1:2015-04-23 23:14:29.005 u timeout
linkid 1:2015-04-23 23:14:29.008 iec 104 link fail
linkid 2:2015-04-23 23:14:39.007 u timeout
linkid 2:2015-04-23 23:14:39.010 iec 104 link fail
linkid 1:2015-04-23 23:14:44.010 u timeout
linkid 1:2015-04-23 23:14:44.012 iec 104 link fail
linkid 2:2015-04-23 23:14:54.004 u timeout
linkid 2:2015-04-23 23:14:54.007 iec 104 link fail
linkid 1:2015-04-23 23:14:59.009 u timeout
linkid 1:2015-04-23 23:14:59.012 iec 104 link fail
linkid 2:2015-04-23 23:15:09.006 u timeout
linkid 2:2015-04-23 23:15:09.009 iec 104 link fail
linkid 1:2015-04-23 23:15:14.010 u timeout
linkid 1:2015-04-23 23:15:14.012 iec 104 link fail
linkid 2:2015-04-23 23:15:24.003 u timeout
linkid 2:2015-04-23 23:15:24.006 iec 104 link fail
linkid 1:2015-04-23 23:15:29.006 u timeout
linkid 1:2015-04-23 23:15:29.009 iec 104 link fail
linkid 2:2015-04-23 23:15:39.010 u timeout
linkid 2:2015-04-23 23:15:39.013 iec 104 link fail
linkid 1:2015-04-23 23:15:44.005 u timeout
linkid 1:2015-04-23 23:15:44.008 iec 104 link fail
linkid 2:2015-04-23 23:15:54.010 u timeout
linkid 2:2015-04-23 23:15:54.013 iec 104 link fail
linkid 1:2015-04-23 23:15:59.007 u timeout
linkid 1:2015-04-23 23:15:59.010 iec 104 link fail
linkid 2:2015-04-23 23:16:09.000 u timeout
linkid 2:2015-04-23 23:16:09.003 iec 104 link fail
linkid 1:2015-04-23 23:16:14.009 u timeout
linkid 1:2015-04-23 23:16:14.012 iec 104 link fail
linkid 2:2015-04-23 23:16:24.010 u timeout
linkid 2:2015-04-23 23:16:24.013 iec 104 link fail
linkid 1:2015-04-23 23:16:29.010 u timeout
linkid 1:2015-04-23 23:16:29.012 iec 104 link fail
linkid 2:2015-04-23 23:16:39.001 u timeout
linkid 2:2015-04-23 23:16:39.004 iec 104 link fail
linkid 1:2015-04-23 23:16:44.002 u timeout
linkid 1:2015-04-23 23:16:44.005 iec 104 link fail
linkid 2:2015-04-23 23:16:54.007 u timeout
linkid 2:2015-04-23 23:16:54.010 iec 104 link fail
linkid 1:2015-04-23 23:16:59.002 u timeout
linkid 1:2015-04-23 23:16:59.005 iec 104 link fail
linkid 2:2015-04-23 23:17:09.004 u timeout
linkid 2:2015-04-23 23:17:09.007 iec 104 link fail
linkid 1:2015-04-23 23:17:14.008 u timeout
linkid 1:2015-04-23 23:17:14.011 iec 104 link fail
linkid 2:2015-04-23 23:17:24.004 u timeout
linkid 2:2015-04-23 23:17:24.006 iec 104 link fail
linkid 1:2015-04-23 23:17:29.007 u timeout
linkid 1:2015-04-23 23:17:29.010 iec 104 link fail
linkid 2:2015-04-23 23:17:39.007 u timeout
linkid 2:2015-04-23 23:17:39.010 iec 104 link fail
linkid 1:2015-04-23 23:17:44.010 u timeout
linkid 1:2015-04-23 23:17:44.013 iec 104 link fail
linkid 2:2015-04-23 23:17:54.004 u timeout
linkid 2:2015-04-23 23:17:54.006 iec 104 link fail
linkid 1:2015-04-23 23:17:59.008 u timeout
linkid 1:2015-04-23 23:17:59.010 iec 104 link fail
linkid 2:2015-04-23 23:18:09.007 u timeout
linkid 2:2015-04-23 23:18:09.010 iec 104 link fail
linkid 1:2015-04-23 23:18:14.005 u timeout
linkid 1:2015-04-23 23:18:14.008 iec 104 link fail
linkid 2:2015-04-23 23:18:24.003 u timeout
linkid 2:2015-04-23 23:18:24.006 iec 104 link fail
linkid 1:2015-04-23 23:18:29.007 u timeout
linkid 1:2015-04-23 23:18:29.010 iec 104 link fail
linkid 2:2015-04-23 23:18:39.007 u timeout
linkid 2:2015-04-23 23:18:39.010 iec 104 link fail
linkid 1:2015-04-23 23:18:44.004 u timeout
linkid 1:2015-04-23 23:18:44.007 iec 104 link fail
linkid 2:2015-04-23 23:18:54.002 u timeout
linkid 2:2015-04-23 23:18:54.004 iec 104 link fail
linkid 1:2015-04-23 23:18:59.007 u timeout
linkid 1:2015-04-23 23:18:59.010 iec 104 link fail
linkid 2:2015-04-23 23:19:09.001 u timeout
linkid 2:2015-04-23 23:19:09.004 iec 104 link fail
linkid 1:2015-04-23 23:19:14.009 u timeout
linkid 1:2015-04-23 23:19:14.011 iec 104 link fail
linkid 2:2015-04-23 23:19:24.008 u timeout
linkid 2:2015-04-23 23:19:24.011 iec 104 link fail
linkid 1:2015-04-23 23:19:29.003 u timeout
linkid 1:2015-04-23 23:19:29.006 iec 104 link fail
linkid 2:2015-04-23 23:19:39.008 u timeout
linkid 2:2015-04-23 23:19:39.011 iec 104 link fail
linkid 1:2015-04-23 23:19:44.004 u timeout
linkid 1:2015-04-23 23:19:44.006 iec 104 link fail
linkid 2:2015-04-23 23:19:54.002 u timeout
linkid 2:2015-04-23 23:19:54.004 iec 104 link fail
linkid 1:2015-04-23 23:19:59.010 u timeout
linkid 1:2015-04-23 23:19:59.012 iec 104 link fail
linkid 2:2015-04-23 23:20:09.007 u timeout
linkid 2:2015-04-23 23:20:09.010 iec 104 link fail
linkid 1:2015-04-23 23:20:14.009 u timeout
linkid 1:2015-04-23 23:20:14.013 iec 104 link fail
linkid 2:2015-04-23 23:20:24.007 u timeout
linkid 2:2015-04-23 23:20:24.010 iec 104 link fail
linkid 1:2015-04-23 23:20:29.001 u timeout
linkid 1:2015-04-23 23:20:29.004 iec 104 link fail
linkid 2:2015-04-23 23:20:39.006 u timeout
linkid 2:2015-04-23 23:20:39.009 iec 104 link fail
linkid 1:2015-04-23 23:20:44.002 u timeout
linkid 1:2015-04-23 23:20:44.004 iec 104 link fail
linkid 2:2015-04-23 23:20:54.005 u timeout
linkid 2:2015-04-23 23:20:54.008 iec 104 link fail
linkid 1:2015-04-23 23:20:59.001 u timeout
linkid 1:2015-04-23 23:20:59.004 iec 104 link fail
linkid 2:2015-04-23 23:21:09.001 u timeout
linkid 2:2015-04-23 23:21:09.003 iec 104 link fail
linkid 1:2015-04-23 23:21:14.005 u timeout
linkid 1:2015-04-23 23:21:14.008 iec 104 link fail
linkid 2:2015-04-23 23:21:24.006 u timeout
linkid 2:2015-04-23 23:21:24.009 iec 104 link fail
linkid 1:2015-04-23 23:21:29.005 u timeout
linkid 1:2015-04-23 23:21:29.008 iec 104 link fail
linkid 2:2015-04-23 23:21:39.010 u timeout
linkid 2:2015-04-23 23:21:39.013 iec 104 link fail
linkid 1:2015-04-23 23:21:44.004 u timeout
linkid 1:2015-04-23 23:21:44.007 iec 104 link fail
linkid 2:2015-04-23 23:21:54.004 u timeout
linkid 2:2015-04-23 23:21:54.007 iec 104 link fail
linkid 1:2015-04-23 23:21:59.007 u timeout
linkid 1:2015-04-23 23:21:59.010 iec 104 link fail
linkid 2:2015-04-23 23:22:09.001 u timeout
linkid 2:2015-04-23 23:22:09.004 iec 104 link fail
linkid 1:2015-04-23 23:22:14.001 u timeout
linkid 1:2015-04-23 23:22:14.003 iec 104 link fail
linkid 2:2015-04-23 23:22:24.005 u timeout
linkid 2:2015-04-23 23:22:24.008 iec 104 link fail
linkid 1:2015-04-23 23:22:29.001 u timeout
linkid 1:2015-04-23 23:22:29.004 iec 104 link fail
linkid 2:2015-04-23 23:22:39.008 u timeout
linkid 2:2015-04-23 23:22:39.011 iec 104 link fail
linkid 1:2015-04-23 23:22:44.003 u timeout
linkid 1:2015-04-23 23:22:44.006 iec 104 link fail
linkid 2:2015-04-23 23:22:54.003 u timeout
linkid 2:2015-04-23 23:22:54.005 iec 104 link fail
linkid 1:2015-04-23 23:22:59.005 u timeout
linkid 1:2015-04-23 23:22:59.008 iec 104 link fail
linkid 2:2015-04-23 23:23:09.003 u timeout
linkid 2:2015-04-23 23:23:09.006 iec 104 link fail
linkid 1:2015-04-23 23:23:14.007 u timeout
linkid 1:2015-04-23 23:23:14.010 iec 104 link fail
linkid 2:2015-04-23 23:23:24.007 u timeout
linkid 2:2015-04-23 23:23:24.011 iec 104 link fail
linkid 1:2015-04-23 23:23:29.009 u timeout
linkid 1:2015-04-23 23:23:29.012 iec 104 link fail
linkid 2:2015-04-23 23:23:39.000 u timeout
linkid 2:2015-04-23 23:23:39.003 iec 104 link fail
linkid 1:2015-04-23 23:23:44.009 u timeout
linkid 1:2015-04-23 23:23:44.012 iec 104 link fail
linkid 2:2015-04-23 23:23:54.007 u timeout
linkid 2:2015-04-23 23:23:54.010 iec 104 link fail
linkid 1:2015-04-23 23:23:59.010 u timeout
linkid 1:2015-04-23 23:23:59.012 iec 104 link fail
linkid 2:2015-04-23 23:24:09.007 u timeout
linkid 2:2015-04-23 23:24:09.009 iec 104 link fail
linkid 1:2015-04-23 23:24:14.008 u timeout
linkid 1:2015-04-23 23:24:14.010 iec 104 link fail
linkid 2:2015-04-23 23:24:24.007 u timeout
linkid 2:2015-04-23 23:24:24.009 iec 104 link fail
linkid 1:2015-04-23 23:24:29.002 u timeout
linkid 1:2015-04-23 23:24:29.004 iec 104 link fail
linkid 2:2015-04-23 23:24:39.010 u timeout
linkid 2:2015-04-23 23:24:39.013 iec 104 link fail
linkid 1:2015-04-23 23:24:44.009 u timeout
linkid 1:2015-04-23 23:24:44.012 iec 104 link fail
linkid 2:2015-04-23 23:24:54.004 u timeout
linkid 2:2015-04-23 23:24:54.006 iec 104 link fail
linkid 1:2015-04-23 23:24:59.008 u timeout
linkid 1:2015-04-23 23:24:59.011 iec 104 link fail
linkid 2:2015-04-23 23:25:09.008 u timeout
linkid 2:2015-04-23 23:25:09.011 iec 104 link fail
linkid 1:2015-04-23 23:25:14.010 u timeout
linkid 1:2015-04-23 23:25:14.012 iec 104 link fail
linkid 2:2015-04-23 23:25:24.000 u timeout
linkid 2:2015-04-23 23:25:24.003 iec 104 link fail
linkid 1:2015-04-23 23:25:29.001 u timeout
linkid 1:2015-04-23 23:25:29.004 iec 104 link fail
linkid 2:2015-04-23 23:25:39.010 u timeout
linkid 2:2015-04-23 23:25:39.013 iec 104 link fail
linkid 1:2015-04-23 23:25:44.010 u timeout
linkid 1:2015-04-23 23:25:44.013 iec 104 link fail
linkid 2:2015-04-23 23:25:54.006 u timeout
linkid 2:2015-04-23 23:25:54.009 iec 104 link fail
linkid 1:2015-04-23 23:25:59.003 u timeout
linkid 1:2015-04-23 23:25:59.005 iec 104 link fail
linkid 2:2015-04-23 23:26:09.007 u timeout
linkid 2:2015-04-23 23:26:09.009 iec 104 link fail
linkid 1:2015-04-23 23:26:14.002 u timeout
linkid 1:2015-04-23 23:26:14.005 iec 104 link fail
linkid 2:2015-04-23 23:26:24.007 u timeout
linkid 2:2015-04-23 23:26:24.009 iec 104 link fail
linkid 1:2015-04-23 23:26:29.002 u timeout
linkid 1:2015-04-23 23:26:29.005 iec 104 link fail
linkid 2:2015-04-23 23:26:39.004 u timeout
linkid 2:2015-04-23 23:26:39.008 iec 104 link fail
linkid 1:2015-04-23 23:26:44.003 u timeout
linkid 1:2015-04-23 23:26:44.005 iec 104 link fail
linkid 2:2015-04-23 23:26:54.003 u timeout
linkid 2:2015-04-23 23:26:54.006 iec 104 link fail
linkid 1:2015-04-23 23:26:59.009 u timeout
linkid 1:2015-04-23 23:26:59.011 iec 104 link fail
linkid 2:2015-04-23 23:27:09.003 u timeout
linkid 2:2015-04-23 23:27:09.006 iec 104 link fail
linkid 1:2015-04-23 23:27:14.007 u timeout
linkid 1:2015-04-23 23:27:14.009 iec 104 link fail
linkid 2:2015-04-23 23:27:24.001 u timeout
linkid 2:2015-04-23 23:27:24.002 iec 104 link fail
linkid 1:2015-04-23 23:27:29.000 u timeout
linkid 1:2015-04-23 23:27:29.001 iec 104 link fail
linkid 2:2015-04-23 23:27:39.003 u timeout
linkid 2:2015-04-23 23:27:39.007 iec 104 link fail
linkid 1:2015-04-23 23:27:44.008 u timeout
linkid 1:2015-04-23 23:27:44.010 iec 104 link fail
linkid 2:2015-04-23 23:27:54.006 u timeout
linkid 2:2015-04-23 23:27:54.009 iec 104 link fail
linkid 1:2015-04-23 23:27:59.003 u timeout
linkid 1:2015-04-23 23:27:59.006 iec 104 link fail
linkid 2:2015-04-23 23:28:09.007 u timeout
linkid 2:2015-04-23 23:28:09.010 iec 104 link fail
linkid 1:2015-04-23 23:28:14.002 u timeout
linkid 1:2015-04-23 23:28:14.005 iec 104 link fail
linkid 2:2015-04-23 23:28:24.001 u timeout
linkid 2:2015-04-23 23:28:24.003 iec 104 link fail
linkid 1:2015-04-23 23:28:29.005 u timeout
linkid 1:2015-04-23 23:28:29.008 iec 104 link fail
linkid 2:2015-04-23 23:28:39.009 u timeout
linkid 2:2015-04-23 23:28:39.012 iec 104 link fail
linkid 1:2015-04-23 23:28:44.004 u timeout
linkid 1:2015-04-23 23:28:44.008 iec 104 link fail
linkid 2:2015-04-23 23:28:54.010 u timeout
linkid 2:2015-04-23 23:28:54.013 iec 104 link fail
linkid 1:2015-04-23 23:28:59.006 u timeout
linkid 1:2015-04-23 23:28:59.009 iec 104 link fail
linkid 2:2015-04-23 23:29:09.009 u timeout
linkid 2:2015-04-23 23:29:09.012 iec 104 link fail
linkid 1:2015-04-23 23:29:14.010 u timeout
linkid 1:2015-04-23 23:29:14.013 iec 104 link fail
linkid 2:2015-04-23 23:29:24.002 u timeout
linkid 2:2015-04-23 23:29:24.005 iec 104 link fail
linkid 1:2015-04-23 23:29:29.009 u timeout
linkid 1:2015-04-23 23:29:29.012 iec 104 link fail
linkid 2:2015-04-23 23:29:39.002 u timeout
linkid 2:2015-04-23 23:29:39.005 iec 104 link fail
linkid 1:2015-04-23 23:29:44.010 u timeout
linkid 1:2015-04-23 23:29:44.013 iec 104 link fail
linkid 2:2015-04-23 23:29:54.006 u timeout
linkid 2:2015-04-23 23:29:54.010 iec 104 link fail
linkid 1:2015-04-23 23:29:59.003 u timeout
linkid 1:2015-04-23 23:29:59.007 iec 104 link fail
linkid 2:2015-04-23 23:30:09.010 u timeout
linkid 2:2015-04-23 23:30:09.013 iec 104 link fail
linkid 1:2015-04-23 23:30:14.008 u timeout
linkid 1:2015-04-23 23:30:14.011 iec 104 link fail
linkid 2:2015-04-23 23:30:24.010 u timeout
linkid 2:2015-04-23 23:30:24.013 iec 104 link fail
linkid 1:2015-04-23 23:30:29.009 u timeout
linkid 1:2015-04-23 23:30:29.012 iec 104 link fail
linkid 2:2015-04-23 23:30:39.002 u timeout
linkid 2:2015-04-23 23:30:39.005 iec 104 link fail
linkid 1:2015-04-23 23:30:44.010 u timeout
linkid 1:2015-04-23 23:30:44.012 iec 104 link fail
linkid 2:2015-04-23 23:30:54.005 u timeout
linkid 2:2015-04-23 23:30:54.008 iec 104 link fail
linkid 1:2015-04-23 23:30:59.006 u timeout
linkid 1:2015-04-23 23:30:59.009 iec 104 link fail
linkid 2:2015-04-23 23:31:09.004 u timeout
linkid 2:2015-04-23 23:31:09.006 iec 104 link fail
linkid 1:2015-04-23 23:31:14.006 u timeout
linkid 1:2015-04-23 23:31:14.008 iec 104 link fail
linkid 2:2015-04-23 23:31:24.010 u timeout
linkid 2:2015-04-23 23:31:24.013 iec 104 link fail
linkid 1:2015-04-23 23:31:29.003 u timeout
linkid 1:2015-04-23 23:31:29.005 iec 104 link fail
linkid 2:2015-04-23 23:31:39.008 u timeout
linkid 2:2015-04-23 23:31:39.010 iec 104 link fail
linkid 1:2015-04-23 23:31:44.002 u timeout
linkid 1:2015-04-23 23:31:44.004 iec 104 link fail
linkid 2:2015-04-23 23:31:54.003 u timeout
linkid 2:2015-04-23 23:31:54.006 iec 104 link fail
linkid 1:2015-04-23 23:31:59.005 u timeout
linkid 1:2015-04-23 23:31:59.007 iec 104 link fail
linkid 2:2015-04-23 23:32:09.007 u timeout
linkid 2:2015-04-23 23:32:09.010 iec 104 link fail
linkid 1:2015-04-23 23:32:14.006 u timeout
linkid 1:2015-04-23 23:32:14.008 iec 104 link fail
linkid 2:2015-04-23 23:32:24.007 u timeout
linkid 2:2015-04-23 23:32:24.009 iec 104 link fail
linkid 1:2015-04-23 23:32:29.004 u timeout
linkid 1:2015-04-23 23:32:29.006 iec 104 link fail
linkid 2:2015-04-23 23:32:39.009 u timeout
linkid 2:2015-04-23 23:32:39.012 iec 104 link fail
linkid 1:2015-04-23 23:32:44.001 u timeout
linkid 1:2015-04-23 23:32:44.004 iec 104 link fail
linkid 2:2015-04-23 23:32:54.003 u timeout
linkid 2:2015-04-23 23:32:54.006 iec 104 link fail
linkid 1:2015-04-23 23:32:59.004 u timeout
linkid 1:2015-04-23 23:32:59.007 iec 104 link fail
linkid 2:2015-04-23 23:33:09.006 u timeout
linkid 2:2015-04-23 23:33:09.008 iec 104 link fail
linkid 1:2015-04-23 23:33:14.006 u timeout
linkid 1:2015-04-23 23:33:14.008 iec 104 link fail
linkid 2:2015-04-23 23:33:24.007 u timeout
linkid 2:2015-04-23 23:33:24.009 iec 104 link fail
linkid 1:2015-04-23 23:33:29.009 u timeout
linkid 1:2015-04-23 23:33:29.011 iec 104 link fail
linkid 2:2015-04-23 23:33:39.007 u timeout
linkid 2:2015-04-23 23:33:39.010 iec 104 link fail
linkid 1:2015-04-23 23:33:44.006 u timeout
linkid 1:2015-04-23 23:33:44.009 iec 104 link fail
linkid 2:2015-04-23 23:33:54.010 u timeout
linkid 2:2015-04-23 23:33:54.013 iec 104 link fail
linkid 1:2015-04-23 23:33:59.006 u timeout
linkid 1:2015-04-23 23:33:59.009 iec 104 link fail
linkid 2:2015-04-23 23:34:09.004 u timeout
linkid 2:2015-04-23 23:34:09.006 iec 104 link fail
linkid 1:2015-04-23 23:34:14.008 u timeout
linkid 1:2015-04-23 23:34:14.010 iec 104 link fail
linkid 2:2015-04-23 23:34:24.000 u timeout
linkid 2:2015-04-23 23:34:24.003 iec 104 link fail
linkid 1:2015-04-23 23:34:29.004 u timeout
linkid 1:2015-04-23 23:34:29.007 iec 104 link fail
linkid 2:2015-04-23 23:34:39.005 u timeout
linkid 2:2015-04-23 23:34:39.008 iec 104 link fail
linkid 1:2015-04-23 23:34:44.002 u timeout
linkid 1:2015-04-23 23:34:44.004 iec 104 link fail
linkid 2:2015-04-23 23:34:54.010 u timeout
linkid 2:2015-04-23 23:34:54.012 iec 104 link fail
linkid 1:2015-04-23 23:34:59.008 u timeout
linkid 1:2015-04-23 23:34:59.011 iec 104 link fail
linkid 2:2015-04-23 23:35:09.004 u timeout
linkid 2:2015-04-23 23:35:09.007 iec 104 link fail
linkid 1:2015-04-23 23:35:14.008 u timeout
linkid 1:2015-04-23 23:35:14.010 iec 104 link fail
linkid 2:2015-04-23 23:35:24.009 u timeout
linkid 2:2015-04-23 23:35:24.012 iec 104 link fail
linkid 1:2015-04-23 23:35:29.010 u timeout
linkid 1:2015-04-23 23:35:29.012 iec 104 link fail
linkid 2:2015-04-23 23:35:39.003 u timeout
linkid 2:2015-04-23 23:35:39.006 iec 104 link fail
linkid 1:2015-04-23 23:35:44.003 u timeout
linkid 1:2015-04-23 23:35:44.005 iec 104 link fail
linkid 2:2015-04-23 23:35:54.007 u timeout
linkid 2:2015-04-23 23:35:54.010 iec 104 link fail
linkid 1:2015-04-23 23:35:59.009 u timeout
linkid 1:2015-04-23 23:35:59.012 iec 104 link fail
linkid 2:2015-04-23 23:36:09.001 u timeout
linkid 2:2015-04-23 23:36:09.004 iec 104 link fail
linkid 1:2015-04-23 23:36:14.001 u timeout
linkid 1:2015-04-23 23:36:14.003 iec 104 link fail
linkid 2:2015-04-23 23:36:24.007 u timeout
linkid 2:2015-04-23 23:36:24.010 iec 104 link fail
linkid 1:2015-04-23 23:36:29.001 u timeout
linkid 1:2015-04-23 23:36:29.004 iec 104 link fail
linkid 2:2015-04-23 23:36:39.010 u timeout
linkid 2:2015-04-23 23:36:39.012 iec 104 link fail
linkid 1:2015-04-23 23:36:44.001 u timeout
linkid 1:2015-04-23 23:36:44.004 iec 104 link fail
linkid 2:2015-04-23 23:36:54.003 u timeout
linkid 2:2015-04-23 23:36:54.006 iec 104 link fail
linkid 1:2015-04-23 23:36:59.008 u timeout
linkid 1:2015-04-23 23:36:59.011 iec 104 link fail
linkid 2:2015-04-23 23:37:09.001 u timeout
linkid 2:2015-04-23 23:37:09.003 iec 104 link fail
linkid 1:2015-04-23 23:37:14.004 u timeout
linkid 1:2015-04-23 23:37:14.008 iec 104 link fail
linkid 2:2015-04-23 23:37:24.000 u timeout
linkid 2:2015-04-23 23:37:24.004 iec 104 link fail
linkid 1:2015-04-23 23:37:29.009 u timeout
linkid 1:2015-04-23 23:37:29.011 iec 104 link fail
linkid 2:2015-04-23 23:37:39.006 u timeout
linkid 2:2015-04-23 23:37:39.009 iec 104 link fail
linkid 1:2015-04-23 23:37:44.007 u timeout
linkid 1:2015-04-23 23:37:44.010 iec 104 link fail
linkid 2:2015-04-23 23:37:54.005 u timeout
linkid 2:2015-04-23 23:37:54.008 iec 104 link fail
linkid 1:2015-04-23 23:37:59.002 u timeout
linkid 1:2015-04-23 23:37:59.005 iec 104 link fail
linkid 2:2015-04-23 23:38:09.002 u timeout
linkid 2:2015-04-23 23:38:09.005 iec 104 link fail
linkid 1:2015-04-23 23:38:14.009 u timeout
linkid 1:2015-04-23 23:38:14.012 iec 104 link fail
linkid 2:2015-04-23 23:38:24.006 u timeout
linkid 2:2015-04-23 23:38:24.009 iec 104 link fail
linkid 1:2015-04-23 23:38:29.008 u timeout
linkid 1:2015-04-23 23:38:29.010 iec 104 link fail
linkid 2:2015-04-23 23:38:39.001 u timeout
linkid 2:2015-04-23 23:38:39.004 iec 104 link fail
linkid 1:2015-04-23 23:38:44.009 u timeout
linkid 1:2015-04-23 23:38:44.012 iec 104 link fail
linkid 2:2015-04-23 23:38:54.005 u timeout
linkid 2:2015-04-23 23:38:54.008 iec 104 link fail
linkid 1:2015-04-23 23:38:59.003 u timeout
linkid 1:2015-04-23 23:38:59.005 iec 104 link fail
linkid 2:2015-04-23 23:39:09.007 u timeout
linkid 2:2015-04-23 23:39:09.009 iec 104 link fail
linkid 1:2015-04-23 23:39:14.006 u timeout
linkid 1:2015-04-23 23:39:14.009 iec 104 link fail
linkid 2:2015-04-23 23:39:24.007 u timeout
linkid 2:2015-04-23 23:39:24.010 iec 104 link fail
linkid 1:2015-04-23 23:39:29.006 u timeout
linkid 1:2015-04-23 23:39:29.009 iec 104 link fail
linkid 2:2015-04-23 23:39:39.003 u timeout
linkid 2:2015-04-23 23:39:39.006 iec 104 link fail
linkid 1:2015-04-23 23:39:44.005 u timeout
linkid 1:2015-04-23 23:39:44.008 iec 104 link fail
linkid 2:2015-04-23 23:39:54.007 u timeout
linkid 2:2015-04-23 23:39:54.010 iec 104 link fail
linkid 1:2015-04-23 23:39:59.002 u timeout
linkid 1:2015-04-23 23:39:59.005 iec 104 link fail
linkid 2:2015-04-23 23:40:09.009 u timeout
linkid 2:2015-04-23 23:40:09.012 iec 104 link fail
linkid 1:2015-04-23 23:40:14.006 u timeout
linkid 1:2015-04-23 23:40:14.009 iec 104 link fail
linkid 2:2015-04-23 23:40:24.001 u timeout
linkid 2:2015-04-23 23:40:24.004 iec 104 link fail
linkid 1:2015-04-23 23:40:29.003 u timeout
linkid 1:2015-04-23 23:40:29.006 iec 104 link fail
linkid 2:2015-04-23 23:40:39.010 u timeout
linkid 2:2015-04-23 23:40:39.013 iec 104 link fail
linkid 1:2015-04-23 23:40:44.005 u timeout
linkid 1:2015-04-23 23:40:44.008 iec 104 link fail
linkid 2:2015-04-23 23:40:54.007 u timeout
linkid 2:2015-04-23 23:40:54.010 iec 104 link fail
linkid 1:2015-04-23 23:40:59.008 u timeout
linkid 1:2015-04-23 23:40:59.011 iec 104 link fail
linkid 2:2015-04-23 23:41:09.009 u timeout
linkid 2:2015-04-23 23:41:09.012 iec 104 link fail
linkid 1:2015-04-23 23:41:14.008 u timeout
linkid 1:2015-04-23 23:41:14.011 iec 104 link fail
linkid 2:2015-04-23 23:41:24.006 u timeout
linkid 2:2015-04-23 23:41:24.009 iec 104 link fail
linkid 1:2015-04-23 23:41:29.002 u timeout
linkid 1:2015-04-23 23:41:29.005 iec 104 link fail
linkid 2:2015-04-23 23:41:39.001 u timeout
linkid 2:2015-04-23 23:41:39.004 iec 104 link fail
linkid 1:2015-04-23 23:41:44.007 u timeout
linkid 1:2015-04-23 23:41:44.009 iec 104 link fail
linkid 2:2015-04-23 23:41:54.004 u timeout
linkid 2:2015-04-23 23:41:54.007 iec 104 link fail
linkid 1:2015-04-23 23:41:59.007 u timeout
linkid 1:2015-04-23 23:41:59.009 iec 104 link fail
linkid 2:2015-04-23 23:42:09.005 u timeout
linkid 2:2015-04-23 23:42:09.007 iec 104 link fail
linkid 1:2015-04-23 23:42:14.005 u timeout
linkid 1:2015-04-23 23:42:14.007 iec 104 link fail
linkid 2:2015-04-23 23:42:24.007 u timeout
linkid 2:2015-04-23 23:42:24.010 iec 104 link fail
linkid 1:2015-04-23 23:42:29.005 u timeout
linkid 1:2015-04-23 23:42:29.007 iec 104 link fail
linkid 2:2015-04-23 23:42:39.005 u timeout
linkid 2:2015-04-23 23:42:39.008 iec 104 link fail
linkid 1:2015-04-23 23:42:44.009 u timeout
linkid 1:2015-04-23 23:42:44.011 iec 104 link fail
linkid 2:2015-04-23 23:42:54.001 u timeout
linkid 2:2015-04-23 23:42:54.004 iec 104 link fail
linkid 1:2015-04-23 23:42:59.002 u timeout
linkid 1:2015-04-23 23:42:59.005 iec 104 link fail
linkid 2:2015-04-23 23:43:09.006 u timeout
linkid 2:2015-04-23 23:43:09.009 iec 104 link fail
linkid 1:2015-04-23 23:43:14.005 u timeout
linkid 1:2015-04-23 23:43:14.007 iec 104 link fail
linkid 2:2015-04-23 23:43:24.007 u timeout
linkid 2:2015-04-23 23:43:24.010 iec 104 link fail
linkid 1:2015-04-23 23:43:29.010 u timeout
linkid 1:2015-04-23 23:43:29.013 iec 104 link fail
linkid 2:2015-04-23 23:43:39.001 u timeout
linkid 2:2015-04-23 23:43:39.005 iec 104 link fail
linkid 1:2015-04-23 23:43:44.001 u timeout
linkid 1:2015-04-23 23:43:44.003 iec 104 link fail
linkid 2:2015-04-23 23:43:54.009 u timeout
linkid 2:2015-04-23 23:43:54.011 iec 104 link fail
linkid 1:2015-04-23 23:43:59.010 u timeout
linkid 1:2015-04-23 23:43:59.012 iec 104 link fail
linkid 2:2015-04-23 23:44:09.006 u timeout
linkid 2:2015-04-23 23:44:09.009 iec 104 link fail
linkid 1:2015-04-23 23:44:14.010 u timeout
linkid 1:2015-04-23 23:44:14.013 iec 104 link fail
linkid 2:2015-04-23 23:44:24.009 u timeout
linkid 2:2015-04-23 23:44:24.012 iec 104 link fail
linkid 1:2015-04-23 23:44:29.010 u timeout
linkid 1:2015-04-23 23:44:29.012 iec 104 link fail
linkid 2:2015-04-23 23:44:39.004 u timeout
linkid 2:2015-04-23 23:44:39.007 iec 104 link fail
linkid 1:2015-04-23 23:44:44.004 u timeout
linkid 1:2015-04-23 23:44:44.006 iec 104 link fail
linkid 2:2015-04-23 23:44:54.006 u timeout
linkid 2:2015-04-23 23:44:54.009 iec 104 link fail
linkid 1:2015-04-23 23:44:59.009 u timeout
linkid 1:2015-04-23 23:44:59.012 iec 104 link fail
linkid 2:2015-04-23 23:45:09.008 u timeout
linkid 2:2015-04-23 23:45:09.011 iec 104 link fail
linkid 1:2015-04-23 23:45:14.001 u timeout
linkid 1:2015-04-23 23:45:14.003 iec 104 link fail
linkid 2:2015-04-23 23:45:24.009 u timeout
linkid 2:2015-04-23 23:45:24.012 iec 104 link fail
linkid 1:2015-04-23 23:45:29.001 u timeout
linkid 1:2015-04-23 23:45:29.004 iec 104 link fail
linkid 2:2015-04-23 23:45:39.009 u timeout
linkid 2:2015-04-23 23:45:39.012 iec 104 link fail
linkid 1:2015-04-23 23:45:44.005 u timeout
linkid 1:2015-04-23 23:45:44.007 iec 104 link fail
linkid 2:2015-04-23 23:45:54.010 u timeout
linkid 2:2015-04-23 23:45:54.013 iec 104 link fail
linkid 1:2015-04-23 23:45:59.009 u timeout
linkid 1:2015-04-23 23:45:59.013 iec 104 link fail
linkid 2:2015-04-23 23:46:09.001 u timeout
linkid 2:2015-04-23 23:46:09.004 iec 104 link fail
linkid 1:2015-04-23 23:46:14.002 u timeout
linkid 1:2015-04-23 23:46:14.005 iec 104 link fail
linkid 2:2015-04-23 23:46:24.005 u timeout
linkid 2:2015-04-23 23:46:24.008 iec 104 link fail
linkid 1:2015-04-23 23:46:29.001 u timeout
linkid 1:2015-04-23 23:46:29.004 iec 104 link fail
linkid 2:2015-04-23 23:46:39.008 u timeout
linkid 2:2015-04-23 23:46:39.011 iec 104 link fail
linkid 1:2015-04-23 23:46:44.009 u timeout
linkid 1:2015-04-23 23:46:44.011 iec 104 link fail
linkid 2:2015-04-23 23:46:54.005 u timeout
linkid 2:2015-04-23 23:46:54.008 iec 104 link fail
linkid 1:2015-04-23 23:46:59.005 u timeout
linkid 1:2015-04-23 23:46:59.007 iec 104 link fail
linkid 2:2015-04-23 23:47:09.000 u timeout
linkid 2:2015-04-23 23:47:09.003 iec 104 link fail
linkid 1:2015-04-23 23:47:14.003 u timeout
linkid 1:2015-04-23 23:47:14.006 iec 104 link fail
linkid 2:2015-04-23 23:47:24.002 u timeout
linkid 2:2015-04-23 23:47:24.005 iec 104 link fail
linkid 1:2015-04-23 23:47:29.006 u timeout
linkid 1:2015-04-23 23:47:29.008 iec 104 link fail
linkid 2:2015-04-23 23:47:39.004 u timeout
linkid 2:2015-04-23 23:47:39.007 iec 104 link fail
linkid 1:2015-04-23 23:47:44.005 u timeout
linkid 1:2015-04-23 23:47:44.008 iec 104 link fail
linkid 2:2015-04-23 23:47:54.007 u timeout
linkid 2:2015-04-23 23:47:54.010 iec 104 link fail
linkid 1:2015-04-23 23:47:59.010 u timeout
linkid 1:2015-04-23 23:47:59.013 iec 104 link fail
linkid 2:2015-04-23 23:48:09.008 u timeout
linkid 2:2015-04-23 23:48:09.011 iec 104 link fail
linkid 1:2015-04-23 23:48:14.009 u timeout
linkid 1:2015-04-23 23:48:14.011 iec 104 link fail
linkid 2:2015-04-23 23:48:24.005 u timeout
linkid 2:2015-04-23 23:48:24.008 iec 104 link fail
linkid 1:2015-04-23 23:48:29.003 u timeout
linkid 1:2015-04-23 23:48:29.006 iec 104 link fail
linkid 2:2015-04-23 23:48:39.009 u timeout
linkid 2:2015-04-23 23:48:39.012 iec 104 link fail
linkid 1:2015-04-23 23:48:44.010 u timeout
linkid 1:2015-04-23 23:48:44.012 iec 104 link fail
linkid 2:2015-04-23 23:48:54.007 u timeout
linkid 2:2015-04-23 23:48:54.010 iec 104 link fail
linkid 1:2015-04-23 23:48:59.001 u timeout
linkid 1:2015-04-23 23:48:59.004 iec 104 link fail
linkid 2:2015-04-23 23:49:09.007 u timeout
linkid 2:2015-04-23 23:49:09.010 iec 104 link fail
linkid 1:2015-04-23 23:49:14.008 u timeout
linkid 1:2015-04-23 23:49:14.011 iec 104 link fail
linkid 2:2015-04-23 23:49:24.007 u timeout
linkid 2:2015-04-23 23:49:24.010 iec 104 link fail
linkid 1:2015-04-23 23:49:29.009 u timeout
linkid 1:2015-04-23 23:49:29.012 iec 104 link fail
linkid 2:2015-04-23 23:49:39.004 u timeout
linkid 2:2015-04-23 23:49:39.007 iec 104 link fail
linkid 1:2015-04-23 23:49:44.003 u timeout
linkid 1:2015-04-23 23:49:44.006 iec 104 link fail
linkid 2:2015-04-23 23:49:54.000 u timeout
linkid 2:2015-04-23 23:49:54.003 iec 104 link fail
linkid 1:2015-04-23 23:49:59.009 u timeout
linkid 1:2015-04-23 23:49:59.012 iec 104 link fail
linkid 2:2015-04-23 23:50:09.003 u timeout
linkid 2:2015-04-23 23:50:09.006 iec 104 link fail
linkid 1:2015-04-23 23:50:14.003 u timeout
linkid 1:2015-04-23 23:50:14.006 iec 104 link fail
linkid 2:2015-04-23 23:50:24.002 u timeout
linkid 2:2015-04-23 23:50:24.005 iec 104 link fail
linkid 1:2015-04-23 23:50:29.005 u timeout
linkid 1:2015-04-23 23:50:29.008 iec 104 link fail
linkid 2:2015-04-23 23:50:39.006 u timeout
linkid 2:2015-04-23 23:50:39.009 iec 104 link fail
linkid 1:2015-04-23 23:50:44.009 u timeout
linkid 1:2015-04-23 23:50:44.012 iec 104 link fail
linkid 2:2015-04-23 23:50:54.008 u timeout
linkid 2:2015-04-23 23:50:54.010 iec 104 link fail
linkid 1:2015-04-23 23:50:59.008 u timeout
linkid 1:2015-04-23 23:50:59.010 iec 104 link fail
linkid 2:2015-04-23 23:51:09.004 u timeout
linkid 2:2015-04-23 23:51:09.007 iec 104 link fail
linkid 1:2015-04-23 23:51:14.005 u timeout
linkid 1:2015-04-23 23:51:14.007 iec 104 link fail
linkid 2:2015-04-23 23:51:24.009 u timeout
linkid 2:2015-04-23 23:51:24.011 iec 104 link fail
linkid 1:2015-04-23 23:51:29.009 u timeout
linkid 1:2015-04-23 23:51:29.011 iec 104 link fail
linkid 2:2015-04-23 23:51:39.008 u timeout
linkid 2:2015-04-23 23:51:39.011 iec 104 link fail
linkid 1:2015-04-23 23:51:44.008 u timeout
linkid 1:2015-04-23 23:51:44.010 iec 104 link fail
linkid 2:2015-04-23 23:51:54.009 u timeout
linkid 2:2015-04-23 23:51:54.012 iec 104 link fail
linkid 1:2015-04-23 23:51:59.003 u timeout
linkid 1:2015-04-23 23:51:59.006 iec 104 link fail
linkid 2:2015-04-23 23:52:09.003 u timeout
linkid 2:2015-04-23 23:52:09.006 iec 104 link fail
linkid 1:2015-04-23 23:52:14.009 u timeout
linkid 1:2015-04-23 23:52:14.011 iec 104 link fail
linkid 2:2015-04-23 23:52:24.003 u timeout
linkid 2:2015-04-23 23:52:24.006 iec 104 link fail
linkid 1:2015-04-23 23:52:29.006 u timeout
linkid 1:2015-04-23 23:52:29.009 iec 104 link fail
linkid 2:2015-04-23 23:52:39.007 u timeout
linkid 2:2015-04-23 23:52:39.010 iec 104 link fail
linkid 1:2015-04-23 23:52:44.009 u timeout
linkid 1:2015-04-23 23:52:44.013 iec 104 link fail
linkid 2:2015-04-23 23:52:54.005 u timeout
linkid 2:2015-04-23 23:52:54.008 iec 104 link fail
linkid 1:2015-04-23 23:52:59.003 u timeout
linkid 1:2015-04-23 23:52:59.006 iec 104 link fail
linkid 2:2015-04-23 23:53:09.006 u timeout
linkid 2:2015-04-23 23:53:09.008 iec 104 link fail
linkid 1:2015-04-23 23:53:14.009 u timeout
linkid 1:2015-04-23 23:53:14.012 iec 104 link fail
linkid 2:2015-04-23 23:53:24.005 u timeout
linkid 2:2015-04-23 23:53:24.007 iec 104 link fail
linkid 1:2015-04-23 23:53:29.009 u timeout
linkid 1:2015-04-23 23:53:29.012 iec 104 link fail
linkid 2:2015-04-23 23:53:39.004 u timeout
linkid 2:2015-04-23 23:53:39.007 iec 104 link fail
linkid 1:2015-04-23 23:53:44.006 u timeout
linkid 1:2015-04-23 23:53:44.009 iec 104 link fail
linkid 2:2015-04-23 23:53:54.005 u timeout
linkid 2:2015-04-23 23:53:54.007 iec 104 link fail
linkid 1:2015-04-23 23:53:59.009 u timeout
linkid 1:2015-04-23 23:53:59.012 iec 104 link fail
linkid 2:2015-04-23 23:54:09.007 u timeout
linkid 2:2015-04-23 23:54:09.010 iec 104 link fail
linkid 1:2015-04-23 23:54:14.007 u timeout
linkid 1:2015-04-23 23:54:14.010 iec 104 link fail
linkid 2:2015-04-23 23:54:24.003 u timeout
linkid 2:2015-04-23 23:54:24.006 iec 104 link fail
linkid 1:2015-04-23 23:54:29.001 u timeout
linkid 1:2015-04-23 23:54:29.003 iec 104 link fail
linkid 2:2015-04-23 23:54:39.000 u timeout
linkid 2:2015-04-23 23:54:39.003 iec 104 link fail
linkid 1:2015-04-23 23:54:44.006 u timeout
linkid 1:2015-04-23 23:54:44.008 iec 104 link fail
linkid 2:2015-04-23 23:54:54.007 u timeout
linkid 2:2015-04-23 23:54:54.010 iec 104 link fail
linkid 1:2015-04-23 23:54:59.009 u timeout
linkid 1:2015-04-23 23:54:59.011 iec 104 link fail
linkid 2:2015-04-23 23:55:09.007 u timeout
linkid 2:2015-04-23 23:55:09.010 iec 104 link fail
linkid 1:2015-04-23 23:55:14.001 u timeout
linkid 1:2015-04-23 23:55:14.003 iec 104 link fail
linkid 2:2015-04-23 23:55:24.006 u timeout
linkid 2:2015-04-23 23:55:24.009 iec 104 link fail
linkid 1:2015-04-23 23:55:29.008 u timeout
linkid 1:2015-04-23 23:55:29.011 iec 104 link fail
linkid 2:2015-04-23 23:55:39.001 u timeout
linkid 2:2015-04-23 23:55:39.004 iec 104 link fail
linkid 1:2015-04-23 23:55:44.009 u timeout
linkid 1:2015-04-23 23:55:44.012 iec 104 link fail
linkid 2:2015-04-23 23:55:54.005 u timeout
linkid 2:2015-04-23 23:55:54.007 iec 104 link fail
linkid 1:2015-04-23 23:55:59.007 u timeout
linkid 1:2015-04-23 23:55:59.009 iec 104 link fail
linkid 2:2015-04-23 23:56:09.010 u timeout
linkid 2:2015-04-23 23:56:09.013 iec 104 link fail
linkid 1:2015-04-23 23:56:14.009 u timeout
linkid 1:2015-04-23 23:56:14.011 iec 104 link fail
linkid 2:2015-04-23 23:56:24.004 u timeout
linkid 2:2015-04-23 23:56:24.007 iec 104 link fail
linkid 1:2015-04-23 23:56:29.009 u timeout
linkid 1:2015-04-23 23:56:29.011 iec 104 link fail
linkid 2:2015-04-23 23:56:39.002 u timeout
linkid 2:2015-04-23 23:56:39.004 iec 104 link fail
linkid 1:2015-04-23 23:56:44.001 u timeout
linkid 1:2015-04-23 23:56:44.003 iec 104 link fail
linkid 2:2015-04-23 23:56:54.005 u timeout
linkid 2:2015-04-23 23:56:54.007 iec 104 link fail
linkid 1:2015-04-23 23:56:59.010 u timeout
linkid 1:2015-04-23 23:56:59.013 iec 104 link fail
linkid 2:2015-04-23 23:57:09.007 u timeout
linkid 2:2015-04-23 23:57:09.010 iec 104 link fail
linkid 1:2015-04-23 23:57:14.003 u timeout
linkid 1:2015-04-23 23:57:14.006 iec 104 link fail
linkid 2:2015-04-23 23:57:24.001 u timeout
linkid 2:2015-04-23 23:57:24.004 iec 104 link fail
linkid 1:2015-04-23 23:57:29.008 u timeout
linkid 1:2015-04-23 23:57:29.010 iec 104 link fail
linkid 2:2015-04-23 23:57:39.003 u timeout
linkid 2:2015-04-23 23:57:39.005 iec 104 link fail
linkid 1:2015-04-23 23:57:44.009 u timeout
linkid 1:2015-04-23 23:57:44.012 iec 104 link fail
linkid 2:2015-04-23 23:57:54.002 u timeout
linkid 2:2015-04-23 23:57:54.005 iec 104 link fail
linkid 1:2015-04-23 23:57:59.003 u timeout
linkid 1:2015-04-23 23:57:59.005 iec 104 link fail
linkid 2:2015-04-23 23:58:09.009 u timeout
linkid 2:2015-04-23 23:58:09.012 iec 104 link fail
linkid 1:2015-04-23 23:58:14.010 u timeout
linkid 1:2015-04-23 23:58:14.013 iec 104 link fail
linkid 2:2015-04-23 23:58:24.008 u timeout
linkid 2:2015-04-23 23:58:24.011 iec 104 link fail
linkid 1:2015-04-23 23:58:29.010 u timeout
linkid 1:2015-04-23 23:58:29.012 iec 104 link fail
linkid 2:2015-04-23 23:58:39.002 u timeout
linkid 2:2015-04-23 23:58:39.005 iec 104 link fail
linkid 1:2015-04-23 23:58:44.009 u timeout
linkid 1:2015-04-23 23:58:44.011 iec 104 link fail
linkid 2:2015-04-23 23:58:54.004 u timeout
linkid 2:2015-04-23 23:58:54.007 iec 104 link fail
linkid 1:2015-04-23 23:58:59.003 u timeout
linkid 1:2015-04-23 23:58:59.006 iec 104 link fail
linkid 2:2015-04-23 23:59:09.001 u timeout
linkid 2:2015-04-23 23:59:09.003 iec 104 link fail
linkid 1:2015-04-23 23:59:14.005 u timeout
linkid 1:2015-04-23 23:59:14.008 iec 104 link fail
linkid 2:2015-04-23 23:59:24.009 u timeout
linkid 2:2015-04-23 23:59:24.012 iec 104 link fail
linkid 1:2015-04-23 23:59:29.005 u timeout
linkid 1:2015-04-23 23:59:29.008 iec 104 link fail
linkid 2:2015-04-23 23:59:39.003 u timeout
linkid 2:2015-04-23 23:59:39.005 iec 104 link fail
linkid 1:2015-04-23 23:59:44.004 u timeout
linkid 1:2015-04-23 23:59:44.006 iec 104 link fail
linkid 2:2015-04-23 23:59:54.000 u timeout
linkid 2:2015-04-23 23:59:54.003 iec 104 link fail
linkid 1:2015-04-23 23:59:59.004 u timeout
linkid 1:2015-04-23 23:59:59.007 iec 104 link fail
