2015-04-29 22:51:58.556 前置重新启动

linkid 1:2015-04-29 22:52:33.002 u timeout
linkid 1:2015-04-29 22:52:33.005 iec 104 link fail
linkid 2:2015-04-29 22:52:33.007 u timeout
linkid 1:2015-04-29 22:52:33.009 u timeout
linkid 2:2015-04-29 22:52:33.010 iec 104 link fail
linkid 1:2015-04-29 22:52:33.012 iec 104 link fail
linkid 2:2015-04-29 22:52:48.007 u timeout
linkid 1:2015-04-29 22:52:48.009 u timeout
linkid 2:2015-04-29 22:52:48.011 iec 104 link fail
linkid 1:2015-04-29 22:52:48.014 iec 104 link fail
linkid 1:2015-04-29 22:52:48.013 u timeout
linkid 1:2015-04-29 22:52:48.016 iec 104 link fail
linkid 1:2015-04-29 22:53:03.005 u timeout
linkid 1:2015-04-29 22:53:03.007 iec 104 link fail
linkid 1:2015-04-29 22:53:03.009 u timeout
linkid 2:2015-04-29 22:53:03.010 u timeout
linkid 2:2015-04-29 22:53:03.012 iec 104 link fail
linkid 1:2015-04-29 22:53:03.014 iec 104 link fail
linkid 2:2015-04-29 22:53:18.003 u timeout
linkid 2:2015-04-29 22:53:18.005 iec 104 link fail
linkid 1:2015-04-29 22:53:18.007 u timeout
linkid 1:2015-04-29 22:53:18.008 iec 104 link fail
linkid 1:2015-04-29 22:53:18.011 u timeout
linkid 1:2015-04-29 22:53:18.013 iec 104 link fail
linkid 2:2015-04-29 22:53:33.001 u timeout
linkid 1:2015-04-29 22:53:33.002 u timeout
linkid 1:2015-04-29 22:53:33.005 iec 104 link fail
linkid 2:2015-04-29 22:53:33.006 iec 104 link fail
linkid 1:2015-04-29 22:53:33.009 u timeout
linkid 1:2015-04-29 22:53:33.011 iec 104 link fail
linkid 1:2015-04-29 22:53:48.006 u timeout
linkid 1:2015-04-29 22:53:48.009 u timeout
linkid 1:2015-04-29 22:53:48.011 iec 104 link fail
linkid 2:2015-04-29 22:53:48.013 u timeout
linkid 2:2015-04-29 22:53:48.014 iec 104 link fail
linkid 1:2015-04-29 22:53:48.017 iec 104 link fail
linkid 2:2015-04-29 22:54:03.004 u timeout
linkid 2:2015-04-29 22:54:03.005 iec 104 link fail
linkid 1:2015-04-29 22:54:03.007 u timeout
linkid 1:2015-04-29 22:54:03.009 iec 104 link fail
linkid 1:2015-04-29 22:54:03.007 u timeout
linkid 1:2015-04-29 22:54:03.010 iec 104 link fail
2015-04-29 22:54:04.006 connect to tcpserver ok 127.0.0.1
2015-04-29 22:54:05.037 前置机:RJN8WSX453RV9ZG 进行主备通道切换 通道:tjs测试采集 备----->主  自动
linkid 2:2015-04-29 22:54:18.002 u timeout
linkid 2:2015-04-29 22:54:18.006 iec 104 link fail
linkid 1:2015-04-29 22:54:18.010 u timeout
linkid 1:2015-04-29 22:54:18.013 iec 104 link fail
linkid 2:2015-04-29 22:54:33.010 u timeout
linkid 2:2015-04-29 22:54:33.015 iec 104 link fail
linkid 1:2015-04-29 22:54:33.018 u timeout
linkid 1:2015-04-29 22:54:33.022 iec 104 link fail
linkid 2:2015-04-29 22:54:48.002 u timeout
linkid 1:2015-04-29 22:54:48.005 u timeout
linkid 2:2015-04-29 22:54:48.008 iec 104 link fail
linkid 1:2015-04-29 22:54:48.012 iec 104 link fail
linkid 1:2015-04-29 22:55:03.004 u timeout
linkid 1:2015-04-29 22:55:03.007 iec 104 link fail
linkid 2:2015-04-29 22:55:03.010 u timeout
linkid 2:2015-04-29 22:55:03.011 iec 104 link fail
linkid 1:2015-04-29 22:55:18.003 u timeout
linkid 2:2015-04-29 22:55:18.005 u timeout
linkid 2:2015-04-29 22:55:18.008 iec 104 link fail
linkid 1:2015-04-29 22:55:18.007 iec 104 link fail
linkid 1:2015-04-29 22:55:33.009 u timeout
linkid 1:2015-04-29 22:55:33.013 iec 104 link fail
linkid 2:2015-04-29 22:55:33.015 u timeout
linkid 2:2015-04-29 22:55:33.017 iec 104 link fail
linkid 2:2015-04-29 22:55:48.007 u timeout
linkid 2:2015-04-29 22:55:48.009 iec 104 link fail
linkid 1:2015-04-29 22:55:48.011 u timeout
linkid 1:2015-04-29 22:55:48.013 iec 104 link fail
linkid 2:2015-04-29 22:56:03.003 u timeout
linkid 2:2015-04-29 22:56:03.006 iec 104 link fail
linkid 1:2015-04-29 22:56:03.005 u timeout
linkid 1:2015-04-29 22:56:03.008 iec 104 link fail
linkid 1:2015-04-29 22:56:18.004 u timeout
linkid 2:2015-04-29 22:56:18.005 u timeout
linkid 2:2015-04-29 22:56:18.008 iec 104 link fail
linkid 1:2015-04-29 22:56:18.008 iec 104 link fail
linkid 1:2015-04-29 22:56:33.002 u timeout
linkid 1:2015-04-29 22:56:33.007 iec 104 link fail
linkid 2:2015-04-29 22:56:33.009 u timeout
linkid 2:2015-04-29 22:56:33.012 iec 104 link fail
linkid 1:2015-04-29 22:56:48.009 u timeout
linkid 1:2015-04-29 22:56:48.012 iec 104 link fail
linkid 2:2015-04-29 22:56:48.013 u timeout
linkid 2:2015-04-29 22:56:48.015 iec 104 link fail
linkid 1:2015-04-29 22:57:03.000 u timeout
linkid 2:2015-04-29 22:57:03.003 u timeout
linkid 2:2015-04-29 22:57:03.006 iec 104 link fail
linkid 1:2015-04-29 22:57:03.005 iec 104 link fail
linkid 1:2015-04-29 22:57:18.001 u timeout
linkid 1:2015-04-29 22:57:18.003 iec 104 link fail
linkid 2:2015-04-29 22:57:18.008 u timeout
linkid 2:2015-04-29 22:57:18.010 iec 104 link fail
linkid 1:2015-04-29 22:57:33.005 u timeout
linkid 2:2015-04-29 22:57:33.008 iec 104 link fail
linkid 1:2015-04-29 22:57:33.010 iec 104 link fail
linkid 1:2015-04-29 22:57:48.003 u timeout
linkid 1:2015-04-29 22:57:48.007 iec 104 link fail
linkid 2:2015-04-29 22:57:48.010 u timeout
linkid 2:2015-04-29 22:57:48.012 iec 104 link fail
linkid 2:2015-04-29 22:58:03.008 u timeout
linkid 1:2015-04-29 22:58:03.010 u timeout
linkid 2:2015-04-29 22:58:03.011 iec 104 link fail
linkid 1:2015-04-29 22:58:03.014 iec 104 link fail
linkid 1:2015-04-29 22:58:18.001 u timeout
linkid 2:2015-04-29 22:58:18.003 u timeout
linkid 2:2015-04-29 22:58:18.006 iec 104 link fail
linkid 1:2015-04-29 22:58:18.005 iec 104 link fail
linkid 1:2015-04-29 22:58:33.005 u timeout
linkid 2:2015-04-29 22:58:33.007 u timeout
linkid 2:2015-04-29 22:58:33.009 iec 104 link fail
linkid 1:2015-04-29 22:58:33.009 iec 104 link fail
linkid 1:2015-04-29 22:58:48.002 u timeout
linkid 1:2015-04-29 22:58:48.004 iec 104 link fail
linkid 2:2015-04-29 22:58:48.004 u timeout
linkid 2:2015-04-29 22:58:48.006 iec 104 link fail
linkid 1:2015-04-29 22:59:03.003 u timeout
linkid 1:2015-04-29 22:59:03.005 iec 104 link fail
linkid 2:2015-04-29 22:59:03.005 u timeout
linkid 2:2015-04-29 22:59:03.007 iec 104 link fail
linkid 2:2015-04-29 22:59:18.004 u timeout
linkid 2:2015-04-29 22:59:18.006 iec 104 link fail
linkid 1:2015-04-29 22:59:18.006 u timeout
linkid 1:2015-04-29 22:59:18.008 iec 104 link fail
linkid 2:2015-04-29 22:59:33.001 u timeout
linkid 1:2015-04-29 22:59:33.002 u timeout
linkid 2:2015-04-29 22:59:33.002 iec 104 link fail
linkid 1:2015-04-29 22:59:33.004 iec 104 link fail
linkid 2:2015-04-29 22:59:48.000 u timeout
linkid 2:2015-04-29 22:59:48.003 iec 104 link fail
linkid 1:2015-04-29 22:59:48.003 u timeout
linkid 1:2015-04-29 22:59:48.005 iec 104 link fail
linkid 1:2015-04-29 23:00:03.004 u timeout
linkid 1:2015-04-29 23:00:03.007 iec 104 link fail
linkid 2:2015-04-29 23:00:03.008 u timeout
linkid 2:2015-04-29 23:00:03.010 iec 104 link fail
linkid 1:2015-04-29 23:00:18.000 u timeout
linkid 2:2015-04-29 23:00:18.001 u timeout
linkid 1:2015-04-29 23:00:18.003 iec 104 link fail
linkid 2:2015-04-29 23:00:18.003 iec 104 link fail
linkid 2:2015-04-29 23:00:33.003 u timeout
linkid 1:2015-04-29 23:00:33.005 iec 104 link fail
linkid 2:2015-04-29 23:00:33.007 iec 104 link fail
linkid 1:2015-04-29 23:00:48.009 u timeout
linkid 2:2015-04-29 23:00:48.010 u timeout
linkid 1:2015-04-29 23:00:48.012 iec 104 link fail
linkid 2:2015-04-29 23:00:48.012 iec 104 link fail
linkid 1:2015-04-29 23:01:03.009 u timeout
linkid 2:2015-04-29 23:01:03.009 u timeout
linkid 1:2015-04-29 23:01:03.011 iec 104 link fail
linkid 2:2015-04-29 23:01:03.011 iec 104 link fail
linkid 2:2015-04-29 23:01:18.002 u timeout
linkid 2:2015-04-29 23:01:18.004 iec 104 link fail
linkid 1:2015-04-29 23:01:18.008 u timeout
linkid 1:2015-04-29 23:01:18.009 iec 104 link fail
linkid 2:2015-04-29 23:01:33.007 u timeout
linkid 1:2015-04-29 23:01:33.008 u timeout
linkid 1:2015-04-29 23:01:33.010 iec 104 link fail
linkid 2:2015-04-29 23:01:33.010 iec 104 link fail
linkid 2:2015-04-29 23:01:48.007 u timeout
linkid 2:2015-04-29 23:01:48.009 iec 104 link fail
linkid 1:2015-04-29 23:01:48.009 u timeout
linkid 1:2015-04-29 23:01:48.011 iec 104 link fail
linkid 2:2015-04-29 23:02:03.002 u timeout
linkid 2:2015-04-29 23:02:03.004 iec 104 link fail
linkid 1:2015-04-29 23:02:03.005 u timeout
linkid 1:2015-04-29 23:02:03.006 iec 104 link fail
linkid 2:2015-04-29 23:02:18.001 u timeout
linkid 2:2015-04-29 23:02:18.003 iec 104 link fail
linkid 1:2015-04-29 23:02:18.008 u timeout
linkid 1:2015-04-29 23:02:18.010 iec 104 link fail
linkid 1:2015-04-29 23:02:33.002 u timeout
linkid 1:2015-04-29 23:02:33.004 iec 104 link fail
linkid 2:2015-04-29 23:02:33.005 u timeout
linkid 2:2015-04-29 23:02:33.007 iec 104 link fail
linkid 2:2015-04-29 23:02:48.002 u timeout
linkid 1:2015-04-29 23:02:48.003 u timeout
linkid 2:2015-04-29 23:02:48.004 iec 104 link fail
linkid 1:2015-04-29 23:02:48.005 iec 104 link fail
linkid 2:2015-04-29 23:03:03.000 u timeout
linkid 1:2015-04-29 23:03:03.000 u timeout
linkid 1:2015-04-29 23:03:03.002 iec 104 link fail
linkid 1:2015-04-29 23:03:18.006 u timeout
linkid 2:2015-04-29 23:03:18.007 u timeout
linkid 1:2015-04-29 23:03:18.008 iec 104 link fail
linkid 2:2015-04-29 23:03:18.009 iec 104 link fail
linkid 2:2015-04-29 23:03:33.002 u timeout
linkid 2:2015-04-29 23:03:33.004 iec 104 link fail
linkid 1:2015-04-29 23:03:33.005 u timeout
linkid 1:2015-04-29 23:03:33.007 iec 104 link fail
linkid 2:2015-04-29 23:03:48.002 u timeout
linkid 2:2015-04-29 23:03:48.004 iec 104 link fail
linkid 1:2015-04-29 23:03:48.005 u timeout
linkid 1:2015-04-29 23:03:48.007 iec 104 link fail
linkid 2:2015-04-29 23:04:03.009 u timeout
linkid 1:2015-04-29 23:04:03.009 u timeout
linkid 2:2015-04-29 23:04:03.011 iec 104 link fail
linkid 1:2015-04-29 23:04:03.011 iec 104 link fail
linkid 2:2015-04-29 23:04:18.002 u timeout
linkid 2:2015-04-29 23:04:18.003 iec 104 link fail
linkid 1:2015-04-29 23:04:18.005 u timeout
linkid 1:2015-04-29 23:04:18.006 iec 104 link fail
linkid 2:2015-04-29 23:04:33.003 u timeout
linkid 2:2015-04-29 23:04:33.005 iec 104 link fail
linkid 1:2015-04-29 23:04:33.005 u timeout
linkid 1:2015-04-29 23:04:33.007 iec 104 link fail
linkid 2:2015-04-29 23:04:48.004 u timeout
linkid 2:2015-04-29 23:04:48.006 iec 104 link fail
linkid 1:2015-04-29 23:04:48.007 u timeout
linkid 1:2015-04-29 23:04:48.009 iec 104 link fail
linkid 1:2015-04-29 23:05:03.005 u timeout
linkid 2:2015-04-29 23:05:03.006 u timeout
linkid 1:2015-04-29 23:05:03.008 iec 104 link fail
linkid 2:2015-04-29 23:05:03.008 iec 104 link fail
linkid 2:2015-04-29 23:05:18.000 u timeout
linkid 1:2015-04-29 23:05:18.001 u timeout
linkid 2:2015-04-29 23:05:18.003 iec 104 link fail
linkid 1:2015-04-29 23:05:18.003 iec 104 link fail
linkid 1:2015-04-29 23:05:33.002 u timeout
linkid 1:2015-04-29 23:05:33.004 iec 104 link fail
linkid 2:2015-04-29 23:05:33.003 u timeout
linkid 2:2015-04-29 23:05:33.007 iec 104 link fail
linkid 2:2015-04-29 23:05:48.001 u timeout
linkid 2:2015-04-29 23:05:48.003 iec 104 link fail
linkid 1:2015-04-29 23:05:48.008 u timeout
linkid 1:2015-04-29 23:05:48.010 iec 104 link fail
linkid 2:2015-04-29 23:06:03.001 u timeout
linkid 1:2015-04-29 23:06:03.001 u timeout
linkid 2:2015-04-29 23:06:03.003 iec 104 link fail
linkid 1:2015-04-29 23:06:03.003 iec 104 link fail
linkid 1:2015-04-29 23:06:18.007 u timeout
linkid 2:2015-04-29 23:06:18.008 u timeout
linkid 1:2015-04-29 23:06:18.009 iec 104 link fail
linkid 2:2015-04-29 23:06:18.010 iec 104 link fail
linkid 1:2015-04-29 23:06:33.007 u timeout
linkid 2:2015-04-29 23:06:33.008 u timeout
linkid 1:2015-04-29 23:06:33.010 iec 104 link fail
linkid 2:2015-04-29 23:06:33.010 iec 104 link fail
linkid 1:2015-04-29 23:06:48.003 u timeout
linkid 1:2015-04-29 23:06:48.005 iec 104 link fail
linkid 2:2015-04-29 23:06:48.007 u timeout
linkid 2:2015-04-29 23:06:48.009 iec 104 link fail
linkid 1:2015-04-29 23:07:02.008 u timeout
linkid 1:2015-04-29 23:07:02.010 iec 104 link fail
linkid 1:2015-04-29 23:07:03.004 u timeout
linkid 2:2015-04-29 23:07:03.003 u timeout
linkid 1:2015-04-29 23:07:03.006 iec 104 link fail
linkid 2:2015-04-29 23:07:03.007 iec 104 link fail
linkid 1:2015-04-29 23:07:17.006 u timeout
linkid 1:2015-04-29 23:07:17.008 iec 104 link fail
linkid 2:2015-04-29 23:07:18.005 u timeout
linkid 1:2015-04-29 23:07:18.007 u timeout
linkid 2:2015-04-29 23:07:18.008 iec 104 link fail
linkid 1:2015-04-29 23:07:18.009 iec 104 link fail
linkid 1:2015-04-29 23:07:32.002 u timeout
linkid 1:2015-04-29 23:07:32.003 iec 104 link fail
linkid 2:2015-04-29 23:07:33.017 u timeout
linkid 2:2015-04-29 23:07:33.019 iec 104 link fail
linkid 1:2015-04-29 23:07:33.019 u timeout
linkid 1:2015-04-29 23:07:33.030 iec 104 link fail
linkid 1:2015-04-29 23:07:47.008 u timeout
linkid 1:2015-04-29 23:07:47.009 iec 104 link fail
linkid 1:2015-04-29 23:07:48.003 u timeout
linkid 1:2015-04-29 23:07:48.004 iec 104 link fail
linkid 2:2015-04-29 23:07:48.006 u timeout
linkid 2:2015-04-29 23:07:48.007 iec 104 link fail
linkid 1:2015-04-29 23:08:02.007 u timeout
linkid 1:2015-04-29 23:08:02.009 iec 104 link fail
linkid 2:2015-04-29 23:08:03.010 u timeout
linkid 2:2015-04-29 23:08:03.012 iec 104 link fail
linkid 1:2015-04-29 23:08:03.009 u timeout
linkid 1:2015-04-29 23:08:03.015 iec 104 link fail
linkid 1:2015-04-29 23:08:17.004 u timeout
linkid 1:2015-04-29 23:08:17.006 iec 104 link fail
linkid 2:2015-04-29 23:08:18.004 u timeout
linkid 2:2015-04-29 23:08:18.006 iec 104 link fail
linkid 1:2015-04-29 23:08:18.008 u timeout
linkid 1:2015-04-29 23:08:18.011 iec 104 link fail
linkid 1:2015-04-29 23:08:32.008 u timeout
linkid 1:2015-04-29 23:08:32.012 iec 104 link fail
linkid 1:2015-04-29 23:08:33.008 u timeout
linkid 2:2015-04-29 23:08:33.009 u timeout
linkid 1:2015-04-29 23:08:33.011 iec 104 link fail
linkid 2:2015-04-29 23:08:33.011 iec 104 link fail
linkid 1:2015-04-29 23:08:47.005 u timeout
linkid 1:2015-04-29 23:08:47.007 iec 104 link fail
linkid 2:2015-04-29 23:08:48.001 u timeout
linkid 1:2015-04-29 23:08:48.002 u timeout
linkid 2:2015-04-29 23:08:48.003 iec 104 link fail
linkid 1:2015-04-29 23:08:48.004 iec 104 link fail
linkid 1:2015-04-29 23:09:02.001 u timeout
linkid 1:2015-04-29 23:09:02.003 iec 104 link fail
linkid 1:2015-04-29 23:09:03.000 u timeout
linkid 1:2015-04-29 23:09:03.001 iec 104 link fail
linkid 2:2015-04-29 23:09:03.009 u timeout
linkid 2:2015-04-29 23:09:03.009 iec 104 link fail
linkid 1:2015-04-29 23:09:17.001 u timeout
linkid 1:2015-04-29 23:09:17.003 iec 104 link fail
linkid 2:2015-04-29 23:09:18.004 u timeout
linkid 2:2015-04-29 23:09:18.004 iec 104 link fail
linkid 1:2015-04-29 23:09:18.022 u timeout
linkid 1:2015-04-29 23:09:18.022 iec 104 link fail
linkid 1:2015-04-29 23:09:32.000 u timeout
linkid 1:2015-04-29 23:09:32.000 iec 104 link fail
linkid 1:2015-04-29 23:09:33.002 u timeout
linkid 2:2015-04-29 23:09:33.003 u timeout
linkid 2:2015-04-29 23:09:33.005 iec 104 link fail
linkid 1:2015-04-29 23:09:33.005 iec 104 link fail
linkid 1:2015-04-29 23:09:47.010 u timeout
linkid 1:2015-04-29 23:09:47.012 iec 104 link fail
linkid 1:2015-04-29 23:09:48.001 u timeout
linkid 2:2015-04-29 23:09:48.002 u timeout
linkid 1:2015-04-29 23:09:48.003 iec 104 link fail
linkid 2:2015-04-29 23:09:48.004 iec 104 link fail
linkid 1:2015-04-29 23:10:02.009 u timeout
linkid 1:2015-04-29 23:10:02.011 iec 104 link fail
linkid 1:2015-04-29 23:10:03.008 u timeout
linkid 2:2015-04-29 23:10:03.009 u timeout
linkid 1:2015-04-29 23:10:03.011 iec 104 link fail
linkid 2:2015-04-29 23:10:03.011 iec 104 link fail
linkid 1:2015-04-29 23:10:17.001 u timeout
linkid 1:2015-04-29 23:10:17.004 iec 104 link fail
linkid 2:2015-04-29 23:10:18.003 u timeout
linkid 2:2015-04-29 23:10:18.005 iec 104 link fail
linkid 1:2015-04-29 23:10:18.007 u timeout
linkid 1:2015-04-29 23:10:18.009 iec 104 link fail
linkid 1:2015-04-29 23:10:32.009 u timeout
linkid 1:2015-04-29 23:10:32.011 iec 104 link fail
linkid 1:2015-04-29 23:10:33.006 u timeout
linkid 2:2015-04-29 23:10:33.007 u timeout
linkid 1:2015-04-29 23:10:33.008 iec 104 link fail
linkid 2:2015-04-29 23:10:33.009 iec 104 link fail
linkid 1:2015-04-29 23:10:47.005 u timeout
linkid 1:2015-04-29 23:10:47.006 iec 104 link fail
linkid 2:2015-04-29 23:10:48.000 u timeout
linkid 2:2015-04-29 23:10:48.001 iec 104 link fail
linkid 1:2015-04-29 23:10:48.009 u timeout
linkid 1:2015-04-29 23:10:48.010 iec 104 link fail
linkid 1:2015-04-29 23:11:02.008 u timeout
linkid 1:2015-04-29 23:11:02.009 iec 104 link fail
linkid 1:2015-04-29 23:11:03.004 u timeout
linkid 2:2015-04-29 23:11:03.005 u timeout
linkid 1:2015-04-29 23:11:03.007 iec 104 link fail
linkid 2:2015-04-29 23:11:03.007 iec 104 link fail
linkid 1:2015-04-29 23:11:17.010 u timeout
linkid 1:2015-04-29 23:11:17.012 iec 104 link fail
linkid 2:2015-04-29 23:11:18.002 u timeout
linkid 1:2015-04-29 23:11:18.004 iec 104 link fail
linkid 2:2015-04-29 23:11:18.005 iec 104 link fail
linkid 1:2015-04-29 23:11:32.006 u timeout
linkid 1:2015-04-29 23:11:32.008 iec 104 link fail
linkid 1:2015-04-29 23:11:33.006 u timeout
linkid 2:2015-04-29 23:11:33.006 u timeout
linkid 1:2015-04-29 23:11:33.008 iec 104 link fail
linkid 2:2015-04-29 23:11:33.008 iec 104 link fail
linkid 1:2015-04-29 23:11:47.002 u timeout
linkid 1:2015-04-29 23:11:47.004 iec 104 link fail
linkid 1:2015-04-29 23:11:48.002 u timeout
linkid 1:2015-04-29 23:11:48.003 iec 104 link fail
linkid 1:2015-04-29 23:12:02.007 u timeout
linkid 1:2015-04-29 23:12:02.008 iec 104 link fail
linkid 2:2015-04-29 23:12:03.008 u timeout
linkid 1:2015-04-29 23:12:03.010 iec 104 link fail
linkid 2:2015-04-29 23:12:03.010 iec 104 link fail
linkid 1:2015-04-29 23:12:17.002 u timeout
linkid 1:2015-04-29 23:12:17.003 iec 104 link fail
linkid 2:2015-04-29 23:12:18.006 u timeout
linkid 1:2015-04-29 23:12:18.006 u timeout
linkid 2:2015-04-29 23:12:18.008 iec 104 link fail
linkid 1:2015-04-29 23:12:18.009 iec 104 link fail
linkid 1:2015-04-29 23:12:32.009 u timeout
linkid 1:2015-04-29 23:12:32.011 iec 104 link fail
linkid 1:2015-04-29 23:12:33.001 u timeout
linkid 2:2015-04-29 23:12:33.001 u timeout
linkid 1:2015-04-29 23:12:33.003 iec 104 link fail
linkid 2:2015-04-29 23:12:33.003 iec 104 link fail
linkid 1:2015-04-29 23:12:47.003 u timeout
linkid 1:2015-04-29 23:12:47.005 iec 104 link fail
linkid 2:2015-04-29 23:12:48.003 u timeout
linkid 2:2015-04-29 23:12:48.006 iec 104 link fail
linkid 1:2015-04-29 23:12:48.005 iec 104 link fail
linkid 1:2015-04-29 23:13:02.003 u timeout
linkid 1:2015-04-29 23:13:02.005 iec 104 link fail
linkid 2:2015-04-29 23:13:03.005 u timeout
linkid 2:2015-04-29 23:13:03.007 iec 104 link fail
linkid 1:2015-04-29 23:13:03.008 u timeout
linkid 1:2015-04-29 23:13:03.010 iec 104 link fail
linkid 1:2015-04-29 23:13:17.002 u timeout
linkid 1:2015-04-29 23:13:17.003 iec 104 link fail
linkid 2:2015-04-29 23:13:18.005 u timeout
linkid 1:2015-04-29 23:13:18.005 u timeout
linkid 1:2015-04-29 23:13:18.007 iec 104 link fail
linkid 2:2015-04-29 23:13:18.008 iec 104 link fail
linkid 1:2015-04-29 23:13:32.007 u timeout
linkid 1:2015-04-29 23:13:32.010 iec 104 link fail
linkid 2:2015-04-29 23:13:33.009 u timeout
linkid 1:2015-04-29 23:13:33.010 u timeout
linkid 2:2015-04-29 23:13:33.012 iec 104 link fail
linkid 1:2015-04-29 23:13:33.012 iec 104 link fail
linkid 1:2015-04-29 23:13:47.005 u timeout
linkid 1:2015-04-29 23:13:47.008 iec 104 link fail
linkid 1:2015-04-29 23:13:48.004 u timeout
linkid 2:2015-04-29 23:13:48.005 u timeout
linkid 1:2015-04-29 23:13:48.006 iec 104 link fail
linkid 2:2015-04-29 23:13:48.007 iec 104 link fail
linkid 1:2015-04-29 23:14:02.002 u timeout
linkid 1:2015-04-29 23:14:02.004 iec 104 link fail
linkid 2:2015-04-29 23:14:03.005 u timeout
linkid 1:2015-04-29 23:14:03.006 u timeout
linkid 2:2015-04-29 23:14:03.008 iec 104 link fail
linkid 1:2015-04-29 23:14:03.008 iec 104 link fail
linkid 1:2015-04-29 23:14:17.003 u timeout
linkid 1:2015-04-29 23:14:17.006 iec 104 link fail
linkid 2:2015-04-29 23:14:18.005 u timeout
linkid 1:2015-04-29 23:14:18.006 u timeout
linkid 2:2015-04-29 23:14:18.008 iec 104 link fail
linkid 1:2015-04-29 23:14:18.008 iec 104 link fail
linkid 1:2015-04-29 23:14:32.008 u timeout
linkid 1:2015-04-29 23:14:32.010 iec 104 link fail
linkid 1:2015-04-29 23:14:33.004 u timeout
linkid 2:2015-04-29 23:14:33.004 u timeout
linkid 1:2015-04-29 23:14:33.006 iec 104 link fail
linkid 2:2015-04-29 23:14:33.006 iec 104 link fail
linkid 1:2015-04-29 23:14:47.005 u timeout
linkid 1:2015-04-29 23:14:47.007 iec 104 link fail
linkid 1:2015-04-29 23:14:48.006 u timeout
linkid 2:2015-04-29 23:14:48.006 u timeout
linkid 1:2015-04-29 23:14:48.008 iec 104 link fail
linkid 2:2015-04-29 23:14:48.008 iec 104 link fail
linkid 1:2015-04-29 23:15:02.000 u timeout
linkid 1:2015-04-29 23:15:02.002 iec 104 link fail
linkid 1:2015-04-29 23:15:03.000 u timeout
linkid 1:2015-04-29 23:15:03.003 iec 104 link fail
linkid 2:2015-04-29 23:15:03.006 u timeout
linkid 2:2015-04-29 23:15:03.009 iec 104 link fail
linkid 1:2015-04-29 23:15:17.009 u timeout
linkid 1:2015-04-29 23:15:17.011 iec 104 link fail
linkid 1:2015-04-29 23:15:18.002 u timeout
linkid 1:2015-04-29 23:15:18.004 iec 104 link fail
linkid 2:2015-04-29 23:15:18.010 u timeout
linkid 2:2015-04-29 23:15:18.012 iec 104 link fail
linkid 1:2015-04-29 23:15:32.007 u timeout
linkid 1:2015-04-29 23:15:32.009 iec 104 link fail
linkid 1:2015-04-29 23:15:33.008 u timeout
linkid 2:2015-04-29 23:15:33.009 u timeout
linkid 1:2015-04-29 23:15:33.011 iec 104 link fail
linkid 2:2015-04-29 23:15:33.011 iec 104 link fail
linkid 1:2015-04-29 23:15:47.007 u timeout
linkid 1:2015-04-29 23:15:47.009 iec 104 link fail
linkid 2:2015-04-29 23:15:48.006 u timeout
linkid 1:2015-04-29 23:15:48.008 u timeout
linkid 2:2015-04-29 23:15:48.009 iec 104 link fail
linkid 1:2015-04-29 23:15:48.010 iec 104 link fail
linkid 1:2015-04-29 23:16:02.003 u timeout
linkid 1:2015-04-29 23:16:02.005 iec 104 link fail
linkid 1:2015-04-29 23:16:03.001 u timeout
linkid 1:2015-04-29 23:16:03.003 iec 104 link fail
linkid 2:2015-04-29 23:16:03.008 u timeout
linkid 2:2015-04-29 23:16:03.011 iec 104 link fail
linkid 1:2015-04-29 23:16:17.004 u timeout
linkid 1:2015-04-29 23:16:17.006 iec 104 link fail
linkid 1:2015-04-29 23:16:18.004 u timeout
linkid 1:2015-04-29 23:16:18.006 iec 104 link fail
linkid 2:2015-04-29 23:16:18.008 u timeout
linkid 2:2015-04-29 23:16:18.010 iec 104 link fail
linkid 1:2015-04-29 23:16:32.010 u timeout
linkid 1:2015-04-29 23:16:32.012 iec 104 link fail
linkid 1:2015-04-29 23:16:33.004 u timeout
linkid 1:2015-04-29 23:16:33.007 iec 104 link fail
linkid 2:2015-04-29 23:16:33.009 u timeout
linkid 2:2015-04-29 23:16:33.011 iec 104 link fail
linkid 1:2015-04-29 23:16:47.008 u timeout
linkid 1:2015-04-29 23:16:47.010 iec 104 link fail
linkid 1:2015-04-29 23:16:48.001 u timeout
linkid 1:2015-04-29 23:16:48.003 iec 104 link fail
linkid 2:2015-04-29 23:16:48.007 u timeout
linkid 2:2015-04-29 23:16:48.009 iec 104 link fail
linkid 1:2015-04-29 23:17:02.002 u timeout
linkid 1:2015-04-29 23:17:02.004 iec 104 link fail
linkid 1:2015-04-29 23:17:03.007 u timeout
linkid 2:2015-04-29 23:17:03.009 iec 104 link fail
linkid 1:2015-04-29 23:17:03.010 iec 104 link fail
linkid 1:2015-04-29 23:17:17.007 u timeout
linkid 1:2015-04-29 23:17:17.009 iec 104 link fail
linkid 1:2015-04-29 23:17:18.001 u timeout
linkid 1:2015-04-29 23:17:18.003 iec 104 link fail
linkid 2:2015-04-29 23:17:18.007 u timeout
linkid 2:2015-04-29 23:17:18.009 iec 104 link fail
linkid 1:2015-04-29 23:17:32.003 u timeout
linkid 1:2015-04-29 23:17:32.005 iec 104 link fail
linkid 1:2015-04-29 23:17:33.002 u timeout
linkid 2:2015-04-29 23:17:33.003 u timeout
linkid 1:2015-04-29 23:17:33.004 iec 104 link fail
linkid 2:2015-04-29 23:17:33.005 iec 104 link fail
linkid 1:2015-04-29 23:17:47.006 u timeout
linkid 1:2015-04-29 23:17:47.009 iec 104 link fail
linkid 1:2015-04-29 23:17:48.008 u timeout
linkid 2:2015-04-29 23:17:48.009 u timeout
linkid 1:2015-04-29 23:17:48.011 iec 104 link fail
linkid 2:2015-04-29 23:17:48.011 iec 104 link fail
linkid 1:2015-04-29 23:18:02.004 u timeout
linkid 1:2015-04-29 23:18:02.006 iec 104 link fail
linkid 2:2015-04-29 23:18:03.003 u timeout
linkid 2:2015-04-29 23:18:03.006 iec 104 link fail
linkid 1:2015-04-29 23:18:03.006 u timeout
linkid 1:2015-04-29 23:18:03.008 iec 104 link fail
linkid 1:2015-04-29 23:18:17.005 u timeout
linkid 1:2015-04-29 23:18:17.007 iec 104 link fail
linkid 2:2015-04-29 23:18:18.004 u timeout
linkid 2:2015-04-29 23:18:18.006 iec 104 link fail
linkid 1:2015-04-29 23:18:18.008 u timeout
linkid 1:2015-04-29 23:18:18.010 iec 104 link fail
linkid 1:2015-04-29 23:18:32.009 u timeout
linkid 1:2015-04-29 23:18:32.011 iec 104 link fail
linkid 1:2015-04-29 23:18:33.005 u timeout
linkid 2:2015-04-29 23:18:33.006 u timeout
linkid 1:2015-04-29 23:18:33.008 iec 104 link fail
linkid 2:2015-04-29 23:18:33.008 iec 104 link fail
linkid 1:2015-04-29 23:18:47.006 u timeout
linkid 1:2015-04-29 23:18:47.008 iec 104 link fail
linkid 1:2015-04-29 23:18:48.007 u timeout
linkid 1:2015-04-29 23:18:48.009 iec 104 link fail
linkid 2:2015-04-29 23:18:48.011 u timeout
linkid 2:2015-04-29 23:18:48.013 iec 104 link fail
linkid 1:2015-04-29 23:19:02.002 u timeout
linkid 1:2015-04-29 23:19:02.004 iec 104 link fail
linkid 2:2015-04-29 23:19:03.003 u timeout
linkid 2:2015-04-29 23:19:03.005 iec 104 link fail
linkid 1:2015-04-29 23:19:03.009 u timeout
linkid 1:2015-04-29 23:19:03.011 iec 104 link fail
linkid 1:2015-04-29 23:19:17.001 u timeout
linkid 1:2015-04-29 23:19:17.004 iec 104 link fail
linkid 2:2015-04-29 23:19:18.004 u timeout
linkid 1:2015-04-29 23:19:18.004 u timeout
linkid 2:2015-04-29 23:19:18.006 iec 104 link fail
linkid 1:2015-04-29 23:19:18.006 iec 104 link fail
linkid 1:2015-04-29 23:19:32.001 u timeout
linkid 1:2015-04-29 23:19:32.003 iec 104 link fail
linkid 1:2015-04-29 23:19:33.006 u timeout
linkid 1:2015-04-29 23:19:33.008 iec 104 link fail
linkid 2:2015-04-29 23:19:33.010 u timeout
linkid 2:2015-04-29 23:19:33.012 iec 104 link fail
linkid 1:2015-04-29 23:19:47.003 u timeout
linkid 1:2015-04-29 23:19:47.005 iec 104 link fail
linkid 2:2015-04-29 23:19:48.001 u timeout
linkid 1:2015-04-29 23:19:48.001 u timeout
linkid 2:2015-04-29 23:19:48.003 iec 104 link fail
linkid 1:2015-04-29 23:19:48.003 iec 104 link fail
linkid 1:2015-04-29 23:20:02.007 u timeout
linkid 1:2015-04-29 23:20:02.009 iec 104 link fail
linkid 2:2015-04-29 23:20:03.001 u timeout
linkid 1:2015-04-29 23:20:03.003 u timeout
linkid 2:2015-04-29 23:20:03.004 iec 104 link fail
linkid 1:2015-04-29 23:20:03.005 iec 104 link fail
linkid 1:2015-04-29 23:20:17.010 u timeout
linkid 1:2015-04-29 23:20:17.012 iec 104 link fail
linkid 1:2015-04-29 23:20:18.001 u timeout
linkid 1:2015-04-29 23:20:18.004 iec 104 link fail
linkid 2:2015-04-29 23:20:18.005 u timeout
linkid 2:2015-04-29 23:20:18.007 iec 104 link fail
linkid 1:2015-04-29 23:20:32.005 u timeout
linkid 1:2015-04-29 23:20:32.007 iec 104 link fail
linkid 2:2015-04-29 23:20:33.002 u timeout
linkid 1:2015-04-29 23:20:33.004 u timeout
k fail
linkid 1:2015-04-29 23:20:33.006 iec 104 link fail
linkid 1:2015-04-29 23:20:47.001 u timeout
linkid 1:2015-04-29 23:20:47.004 iec 104 link fail
linkid 1:2015-04-29 23:20:48.005 u timeout
linkid 2:2015-04-29 23:20:48.005 u timeout
linkid 1:2015-04-29 23:20:48.007 iec 104 link fail
linkid 2:2015-04-29 23:20:48.007 iec 104 link fail
linkid 1:2015-04-29 23:21:02.001 u timeout
linkid 1:2015-04-29 23:21:02.004 iec 104 link fail
linkid 2:2015-04-29 23:21:03.002 u timeout
linkid 1:2015-04-29 23:21:03.003 u timeout
linkid 2:2015-04-29 23:21:03.005 iec 104 link fail
linkid 1:2015-04-29 23:21:03.005 iec 104 link fail
linkid 1:2015-04-29 23:21:17.008 u timeout
linkid 1:2015-04-29 23:21:17.010 iec 104 link fail
linkid 1:2015-04-29 23:21:18.001 u timeout
linkid 1:2015-04-29 23:21:18.003 iec 104 link fail
linkid 2:2015-04-29 23:21:18.008 u timeout
linkid 2:2015-04-29 23:21:18.010 iec 104 link fail
linkid 1:2015-04-29 23:21:32.000 u timeout
linkid 1:2015-04-29 23:21:32.002 iec 104 link fail
linkid 2:2015-04-29 23:21:33.006 u timeout
linkid 1:2015-04-29 23:21:33.006 u timeout
linkid 1:2015-04-29 23:21:33.008 iec 104 link fail
linkid 1:2015-04-29 23:21:47.007 u timeout
linkid 1:2015-04-29 23:21:47.010 iec 104 link fail
linkid 1:2015-04-29 23:21:48.003 u timeout
linkid 1:2015-04-29 23:21:48.006 iec 104 link fail
linkid 2:2015-04-29 23:21:48.007 u timeout
linkid 2:2015-04-29 23:21:48.009 iec 104 link fail
linkid 1:2015-04-29 23:22:02.003 u timeout
linkid 1:2015-04-29 23:22:02.005 iec 104 link fail
linkid 2:2015-04-29 23:22:03.006 u timeout
linkid 1:2015-04-29 23:22:03.006 u timeout
linkid 2:2015-04-29 23:22:03.008 iec 104 link fail
linkid 1:2015-04-29 23:22:03.008 iec 104 link fail
linkid 1:2015-04-29 23:22:17.009 u timeout
linkid 1:2015-04-29 23:22:17.011 iec 104 link fail
linkid 2:2015-04-29 23:22:18.001 u timeout
linkid 2:2015-04-29 23:22:18.003 iec 104 link fail
linkid 1:2015-04-29 23:22:18.003 u timeout
linkid 1:2015-04-29 23:22:18.005 iec 104 link fail
linkid 1:2015-04-29 23:22:32.003 u timeout
linkid 1:2015-04-29 23:22:32.005 iec 104 link fail
linkid 2:2015-04-29 23:22:33.001 u timeout
linkid 1:2015-04-29 23:22:33.001 u timeout
linkid 2:2015-04-29 23:22:33.003 iec 104 link fail
linkid 1:2015-04-29 23:22:33.003 iec 104 link fail
linkid 1:2015-04-29 23:22:47.007 u timeout
linkid 1:2015-04-29 23:22:47.009 iec 104 link fail
linkid 1:2015-04-29 23:22:48.000 u timeout
linkid 2:2015-04-29 23:22:48.001 u timeout
linkid 1:2015-04-29 23:22:48.004 iec 104 link fail
linkid 2:2015-04-29 23:22:48.004 iec 104 link fail
linkid 1:2015-04-29 23:23:02.005 u timeout
linkid 1:2015-04-29 23:23:02.007 iec 104 link fail
linkid 1:2015-04-29 23:23:03.005 u timeout
linkid 2:2015-04-29 23:23:03.006 u timeout
linkid 2:2015-04-29 23:23:03.008 iec 104 link fail
linkid 1:2015-04-29 23:23:03.008 iec 104 link fail
linkid 1:2015-04-29 23:23:17.002 u timeout
linkid 1:2015-04-29 23:23:17.004 iec 104 link fail
linkid 2:2015-04-29 23:23:18.002 u timeout
linkid 1:2015-04-29 23:23:18.003 u timeout
linkid 2:2015-04-29 23:23:18.004 iec 104 link fail
linkid 1:2015-04-29 23:23:18.005 iec 104 link fail
linkid 1:2015-04-29 23:23:32.010 u timeout
linkid 1:2015-04-29 23:23:32.012 iec 104 link fail
linkid 2:2015-04-29 23:23:33.001 u timeout
linkid 2:2015-04-29 23:23:33.003 iec 104 link fail
linkid 1:2015-04-29 23:23:33.007 u timeout
linkid 1:2015-04-29 23:23:33.009 iec 104 link fail
linkid 1:2015-04-29 23:23:47.005 u timeout
linkid 1:2015-04-29 23:23:47.008 iec 104 link fail
linkid 1:2015-04-29 23:23:48.008 u timeout
linkid 2:2015-04-29 23:23:48.008 u timeout
linkid 1:2015-04-29 23:23:48.010 iec 104 link fail
linkid 2:2015-04-29 23:23:48.010 iec 104 link fail
linkid 1:2015-04-29 23:24:02.006 u timeout
linkid 1:2015-04-29 23:24:02.008 iec 104 link fail
linkid 1:2015-04-29 23:24:03.000 u timeout
linkid 2:2015-04-29 23:24:03.001 u timeout
linkid 1:2015-04-29 23:24:03.003 iec 104 link fail
linkid 2:2015-04-29 23:24:03.003 iec 104 link fail
linkid 1:2015-04-29 23:24:17.010 u timeout
linkid 1:2015-04-29 23:24:17.012 iec 104 link fail
linkid 2:2015-04-29 23:24:18.003 u timeout
linkid 2:2015-04-29 23:24:18.005 iec 104 link fail
linkid 1:2015-04-29 23:24:18.009 u timeout
linkid 1:2015-04-29 23:24:18.010 iec 104 link fail
linkid 1:2015-04-29 23:24:32.004 u timeout
linkid 1:2015-04-29 23:24:32.006 iec 104 link fail
linkid 2:2015-04-29 23:24:33.002 u timeout
linkid 1:2015-04-29 23:24:33.005 u timeout
linkid 2:2015-04-29 23:24:33.004 iec 104 link fail
linkid 1:2015-04-29 23:24:33.007 iec 104 link fail
linkid 1:2015-04-29 23:24:47.007 u timeout
linkid 1:2015-04-29 23:24:47.009 iec 104 link fail
linkid 1:2015-04-29 23:24:48.005 u timeout
linkid 1:2015-04-29 23:24:48.008 iec 104 link fail
linkid 2:2015-04-29 23:24:48.009 u timeout
linkid 2:2015-04-29 23:24:48.011 iec 104 link fail
linkid 1:2015-04-29 23:25:02.003 u timeout
linkid 1:2015-04-29 23:25:02.005 iec 104 link fail
linkid 2:2015-04-29 23:25:03.003 u timeout
linkid 2:2015-04-29 23:25:03.005 iec 104 link fail
linkid 1:2015-04-29 23:25:03.007 u timeout
linkid 1:2015-04-29 23:25:03.008 iec 104 link fail
linkid 1:2015-04-29 23:25:17.009 u timeout
linkid 1:2015-04-29 23:25:17.011 iec 104 link fail
linkid 1:2015-04-29 23:25:18.001 u timeout
linkid 1:2015-04-29 23:25:18.003 iec 104 link fail
linkid 2:2015-04-29 23:25:18.010 u timeout
linkid 2:2015-04-29 23:25:18.012 iec 104 link fail
linkid 1:2015-04-29 23:25:32.008 u timeout
linkid 1:2015-04-29 23:25:32.010 iec 104 link fail
linkid 2:2015-04-29 23:25:33.007 u timeout
linkid 1:2015-04-29 23:25:33.008 u timeout
linkid 2:2015-04-29 23:25:33.009 iec 104 link fail
linkid 1:2015-04-29 23:25:33.010 iec 104 link fail
linkid 1:2015-04-29 23:25:47.003 u timeout
linkid 1:2015-04-29 23:25:47.005 iec 104 link fail
linkid 1:2015-04-29 23:25:48.007 u timeout
linkid 2:2015-04-29 23:25:48.007 u timeout
linkid 1:2015-04-29 23:25:48.009 iec 104 link fail
linkid 2:2015-04-29 23:25:48.009 iec 104 link fail
linkid 1:2015-04-29 23:26:02.008 u timeout
linkid 1:2015-04-29 23:26:02.010 iec 104 link fail
linkid 1:2015-04-29 23:26:03.002 u timeout
linkid 1:2015-04-29 23:26:03.004 iec 104 link fail
linkid 2:2015-04-29 23:26:03.010 u timeout
linkid 2:2015-04-29 23:26:03.012 iec 104 link fail
linkid 1:2015-04-29 23:26:17.000 u timeout
linkid 1:2015-04-29 23:26:17.003 iec 104 link fail
linkid 2:2015-04-29 23:26:18.003 u timeout
linkid 2:2015-04-29 23:26:18.005 iec 104 link fail
linkid 1:2015-04-29 23:26:18.009 u timeout
linkid 1:2015-04-29 23:26:18.011 iec 104 link fail
linkid 1:2015-04-29 23:26:32.004 u timeout
linkid 1:2015-04-29 23:26:32.006 iec 104 link fail
linkid 1:2015-04-29 23:26:33.005 u timeout
linkid 2:2015-04-29 23:26:33.006 u timeout
linkid 1:2015-04-29 23:26:33.008 iec 104 link fail
linkid 2:2015-04-29 23:26:33.008 iec 104 link fail
linkid 1:2015-04-29 23:26:47.006 u timeout
linkid 1:2015-04-29 23:26:47.008 iec 104 link fail
linkid 2:2015-04-29 23:26:48.006 u timeout
linkid 1:2015-04-29 23:26:48.007 u timeout
linkid 2:2015-04-29 23:26:48.008 iec 104 link fail
linkid 1:2015-04-29 23:26:48.009 iec 104 link fail
linkid 1:2015-04-29 23:27:02.003 u timeout
linkid 1:2015-04-29 23:27:02.006 iec 104 link fail
linkid 1:2015-04-29 23:27:03.000 u timeout
linkid 2:2015-04-29 23:27:03.002 u timeout
linkid 1:2015-04-29 23:27:03.004 iec 104 link fail
linkid 2:2015-04-29 23:27:03.006 iec 104 link fail
linkid 1:2015-04-29 23:27:17.010 u timeout
linkid 1:2015-04-29 23:27:17.012 iec 104 link fail
linkid 2:2015-04-29 23:27:18.005 u timeout
linkid 1:2015-04-29 23:27:18.006 u timeout
linkid 2:2015-04-29 23:27:18.008 iec 104 link fail
linkid 1:2015-04-29 23:27:18.008 iec 104 link fail
linkid 1:2015-04-29 23:27:32.010 u timeout
linkid 1:2015-04-29 23:27:32.012 iec 104 link fail
linkid 2:2015-04-29 23:27:33.000 u timeout
linkid 2:2015-04-29 23:27:33.002 iec 104 link fail
linkid 1:2015-04-29 23:27:33.010 u timeout
linkid 1:2015-04-29 23:27:33.012 iec 104 link fail
linkid 1:2015-04-29 23:27:47.004 u timeout
linkid 1:2015-04-29 23:27:47.007 iec 104 link fail
linkid 2:2015-04-29 23:27:48.002 u timeout
linkid 1:2015-04-29 23:27:48.004 u timeout
linkid 2:2015-04-29 23:27:48.005 iec 104 link fail
linkid 1:2015-04-29 23:27:48.006 iec 104 link fail
linkid 1:2015-04-29 23:28:02.009 u timeout
linkid 1:2015-04-29 23:28:02.012 iec 104 link fail
linkid 2:2015-04-29 23:28:03.003 u timeout
linkid 1:2015-04-29 23:28:03.004 u timeout
linkid 1:2015-04-29 23:28:03.006 iec 104 link fail
linkid 2:2015-04-29 23:28:03.007 iec 104 link fail
linkid 1:2015-04-29 23:28:17.005 u timeout
linkid 1:2015-04-29 23:28:17.009 iec 104 link fail
linkid 1:2015-04-29 23:28:18.006 u timeout
linkid 2:2015-04-29 23:28:18.006 u timeout
linkid 1:2015-04-29 23:28:18.009 iec 104 link fail
linkid 2:2015-04-29 23:28:18.009 iec 104 link fail
linkid 1:2015-04-29 23:28:32.002 u timeout
linkid 1:2015-04-29 23:28:32.005 iec 104 link fail
linkid 2:2015-04-29 23:28:33.000 u timeout
linkid 2:2015-04-29 23:28:33.002 iec 104 link fail
linkid 1:2015-04-29 23:28:33.005 u timeout
linkid 1:2015-04-29 23:28:33.006 iec 104 link fail
linkid 1:2015-04-29 23:28:47.006 u timeout
linkid 1:2015-04-29 23:28:47.008 iec 104 link fail
linkid 2:2015-04-29 23:28:48.006 u timeout
linkid 2:2015-04-29 23:28:48.009 iec 104 link fail
linkid 1:2015-04-29 23:28:48.009 u timeout
linkid 1:2015-04-29 23:28:48.011 iec 104 link fail
linkid 1:2015-04-29 23:29:02.009 u timeout
linkid 1:2015-04-29 23:29:02.011 iec 104 link fail
linkid 1:2015-04-29 23:29:03.003 u timeout
linkid 2:2015-04-29 23:29:03.004 u timeout
linkid 1:2015-04-29 23:29:03.005 iec 104 link fail
linkid 2:2015-04-29 23:29:03.007 iec 104 link fail
linkid 1:2015-04-29 23:29:17.005 u timeout
linkid 1:2015-04-29 23:29:17.007 iec 104 link fail
linkid 2:2015-04-29 23:29:18.006 u timeout
linkid 1:2015-04-29 23:29:18.007 u timeout
linkid 2:2015-04-29 23:29:18.008 iec 104 link fail
linkid 1:2015-04-29 23:29:18.009 iec 104 link fail
linkid 1:2015-04-29 23:29:32.008 u timeout
linkid 1:2015-04-29 23:29:32.011 iec 104 link fail
linkid 2:2015-04-29 23:29:33.009 u timeout
linkid 1:2015-04-29 23:29:33.010 iec 104 link fail
linkid 2:2015-04-29 23:29:33.010 iec 104 link fail
linkid 1:2015-04-29 23:29:47.006 u timeout
linkid 1:2015-04-29 23:29:47.008 iec 104 link fail
linkid 1:2015-04-29 23:29:48.001 u timeout
linkid 1:2015-04-29 23:29:48.003 iec 104 link fail
linkid 2:2015-04-29 23:29:48.006 u timeout
linkid 2:2015-04-29 23:29:48.009 iec 104 link fail
linkid 1:2015-04-29 23:30:02.002 u timeout
linkid 1:2015-04-29 23:30:02.004 iec 104 link fail
linkid 1:2015-04-29 23:30:03.006 u timeout
linkid 2:2015-04-29 23:30:03.007 u timeout
linkid 1:2015-04-29 23:30:03.009 iec 104 link fail
linkid 2:2015-04-29 23:30:03.010 iec 104 link fail
linkid 1:2015-04-29 23:30:17.003 u timeout
linkid 1:2015-04-29 23:30:17.005 iec 104 link fail
linkid 1:2015-04-29 23:30:18.005 u timeout
linkid 1:2015-04-29 23:30:18.007 iec 104 link fail
linkid 2:2015-04-29 23:30:18.008 u timeout
linkid 2:2015-04-29 23:30:18.010 iec 104 link fail
linkid 1:2015-04-29 23:30:32.005 u timeout
linkid 1:2015-04-29 23:30:32.008 iec 104 link fail
linkid 2:2015-04-29 23:30:33.005 u timeout
linkid 1:2015-04-29 23:30:33.006 u timeout
linkid 2:2015-04-29 23:30:33.008 iec 104 link fail
linkid 1:2015-04-29 23:30:33.008 iec 104 link fail
linkid 1:2015-04-29 23:30:47.008 u timeout
linkid 1:2015-04-29 23:30:47.011 iec 104 link fail
linkid 1:2015-04-29 23:30:48.001 u timeout
linkid 1:2015-04-29 23:30:48.003 iec 104 link fail
linkid 2:2015-04-29 23:30:48.004 u timeout
linkid 2:2015-04-29 23:30:48.006 iec 104 link fail
linkid 1:2015-04-29 23:31:02.004 u timeout
linkid 1:2015-04-29 23:31:02.006 iec 104 link fail
linkid 1:2015-04-29 23:31:03.000 u timeout
linkid 1:2015-04-29 23:31:03.003 iec 104 link fail
linkid 2:2015-04-29 23:31:03.004 u timeout
linkid 2:2015-04-29 23:31:03.006 iec 104 link fail
linkid 1:2015-04-29 23:31:17.002 u timeout
linkid 1:2015-04-29 23:31:17.004 iec 104 link fail
linkid 1:2015-04-29 23:31:18.005 u timeout
linkid 1:2015-04-29 23:31:18.007 iec 104 link fail
linkid 2:2015-04-29 23:31:18.009 u timeout
linkid 2:2015-04-29 23:31:18.011 iec 104 link fail
linkid 1:2015-04-29 23:31:32.006 u timeout
linkid 1:2015-04-29 23:31:32.008 iec 104 link fail
linkid 2:2015-04-29 23:31:33.005 u timeout
linkid 1:2015-04-29 23:31:33.006 u timeout
linkid 2:2015-04-29 23:31:33.007 iec 104 link fail
linkid 1:2015-04-29 23:31:33.012 iec 104 link fail
linkid 1:2015-04-29 23:31:47.006 u timeout
linkid 1:2015-04-29 23:31:47.007 iec 104 link fail
linkid 1:2015-04-29 23:31:48.004 u timeout
linkid 1:2015-04-29 23:31:48.006 iec 104 link fail
linkid 2:2015-04-29 23:31:48.009 u timeout
linkid 2:2015-04-29 23:31:48.011 iec 104 link fail
linkid 1:2015-04-29 23:32:02.009 u timeout
linkid 1:2015-04-29 23:32:02.011 iec 104 link fail
linkid 1:2015-04-29 23:32:03.003 u timeout
linkid 2:2015-04-29 23:32:03.003 u timeout
linkid 2:2015-04-29 23:32:03.005 iec 104 link fail
linkid 1:2015-04-29 23:32:03.005 iec 104 link fail
linkid 1:2015-04-29 23:32:17.000 u timeout
linkid 1:2015-04-29 23:32:17.002 iec 104 link fail
linkid 2:2015-04-29 23:32:18.004 u timeout
linkid 1:2015-04-29 23:32:18.004 u timeout
linkid 2:2015-04-29 23:32:18.006 iec 104 link fail
linkid 1:2015-04-29 23:32:18.006 iec 104 link fail
linkid 1:2015-04-29 23:32:32.004 u timeout
linkid 1:2015-04-29 23:32:32.006 iec 104 link fail
linkid 2:2015-04-29 23:32:33.003 u timeout
linkid 2:2015-04-29 23:32:33.005 iec 104 link fail
linkid 1:2015-04-29 23:32:33.005 u timeout
linkid 1:2015-04-29 23:32:33.008 iec 104 link fail
linkid 1:2015-04-29 23:32:47.005 u timeout
linkid 1:2015-04-29 23:32:47.007 iec 104 link fail
linkid 1:2015-04-29 23:32:48.006 u timeout
linkid 1:2015-04-29 23:32:48.008 iec 104 link fail
linkid 2:2015-04-29 23:32:48.008 u timeout
linkid 2:2015-04-29 23:32:48.010 iec 104 link fail
linkid 1:2015-04-29 23:33:02.006 u timeout
linkid 1:2015-04-29 23:33:02.007 iec 104 link fail
linkid 2:2015-04-29 23:33:03.003 u timeout
linkid 2:2015-04-29 23:33:03.005 iec 104 link fail
linkid 1:2015-04-29 23:33:03.008 u timeout
linkid 1:2015-04-29 23:33:03.010 iec 104 link fail
linkid 1:2015-04-29 23:33:17.009 u timeout
linkid 1:2015-04-29 23:33:17.011 iec 104 link fail
linkid 2:2015-04-29 23:33:18.003 u timeout
linkid 1:2015-04-29 23:33:18.003 u timeout
linkid 2:2015-04-29 23:33:18.005 iec 104 link fail
linkid 1:2015-04-29 23:33:18.005 iec 104 link fail
linkid 1:2015-04-29 23:33:32.003 u timeout
linkid 1:2015-04-29 23:33:32.005 iec 104 link fail
linkid 2:2015-04-29 23:33:33.002 u timeout
linkid 1:2015-04-29 23:33:33.003 u timeout
linkid 2:2015-04-29 23:33:33.004 iec 104 link fail
linkid 1:2015-04-29 23:33:33.006 iec 104 link fail
linkid 1:2015-04-29 23:33:47.007 u timeout
linkid 1:2015-04-29 23:33:47.009 iec 104 link fail
linkid 2:2015-04-29 23:33:48.003 u timeout
linkid 1:2015-04-29 23:33:48.004 u timeout
linkid 2:2015-04-29 23:33:48.005 iec 104 link fail
linkid 1:2015-04-29 23:33:48.006 iec 104 link fail
linkid 1:2015-04-29 23:34:02.000 u timeout
linkid 1:2015-04-29 23:34:02.003 iec 104 link fail
linkid 2:2015-04-29 23:34:03.002 u timeout
linkid 2:2015-04-29 23:34:03.004 iec 104 link fail
linkid 1:2015-04-29 23:34:03.010 u timeout
linkid 1:2015-04-29 23:34:03.012 iec 104 link fail
linkid 1:2015-04-29 23:34:17.003 u timeout
linkid 1:2015-04-29 23:34:17.005 iec 104 link fail
linkid 2:2015-04-29 23:34:18.002 u timeout
linkid 2:2015-04-29 23:34:18.004 iec 104 link fail
linkid 1:2015-04-29 23:34:18.006 u timeout
linkid 1:2015-04-29 23:34:18.008 iec 104 link fail
linkid 1:2015-04-29 23:34:32.008 u timeout
linkid 1:2015-04-29 23:34:32.011 iec 104 link fail
linkid 1:2015-04-29 23:34:33.002 u timeout
linkid 1:2015-04-29 23:34:33.004 iec 104 link fail
linkid 2:2015-04-29 23:34:33.008 u timeout
linkid 2:2015-04-29 23:34:33.010 iec 104 link fail
linkid 1:2015-04-29 23:34:47.006 u timeout
linkid 1:2015-04-29 23:34:47.008 iec 104 link fail
linkid 2:2015-04-29 23:34:48.003 u timeout
linkid 1:2015-04-29 23:34:48.004 u timeout
linkid 2:2015-04-29 23:34:48.005 iec 104 link fail
linkid 1:2015-04-29 23:34:48.006 iec 104 link fail
linkid 1:2015-04-29 23:35:02.003 u timeout
linkid 1:2015-04-29 23:35:02.005 iec 104 link fail
linkid 2:2015-04-29 23:35:03.002 u timeout
linkid 2:2015-04-29 23:35:03.005 iec 104 link fail
linkid 1:2015-04-29 23:35:03.007 u timeout
linkid 1:2015-04-29 23:35:03.009 iec 104 link fail
linkid 1:2015-04-29 23:35:17.005 u timeout
linkid 1:2015-04-29 23:35:17.006 iec 104 link fail
linkid 1:2015-04-29 23:35:18.001 u timeout
linkid 1:2015-04-29 23:35:18.004 iec 104 link fail
linkid 2:2015-04-29 23:35:18.006 u timeout
linkid 2:2015-04-29 23:35:18.008 iec 104 link fail
linkid 1:2015-04-29 23:35:32.002 u timeout
linkid 1:2015-04-29 23:35:32.004 iec 104 link fail
linkid 2:2015-04-29 23:35:33.008 u timeout
linkid 1:2015-04-29 23:35:33.009 u timeout
linkid 2:2015-04-29 23:35:33.010 iec 104 link fail
linkid 1:2015-04-29 23:35:47.009 u timeout
linkid 1:2015-04-29 23:35:47.011 iec 104 link fail
linkid 2:2015-04-29 23:35:48.002 u timeout
linkid 2:2015-04-29 23:35:48.004 iec 104 link fail
linkid 1:2015-04-29 23:35:48.010 u timeout
linkid 1:2015-04-29 23:35:48.012 iec 104 link fail
linkid 1:2015-04-29 23:36:02.007 u timeout
linkid 1:2015-04-29 23:36:02.009 iec 104 link fail
linkid 1:2015-04-29 23:36:03.005 u timeout
linkid 2:2015-04-29 23:36:03.006 u timeout
linkid 1:2015-04-29 23:36:03.007 iec 104 link fail
linkid 2:2015-04-29 23:36:03.008 iec 104 link fail
linkid 1:2015-04-29 23:36:17.008 u timeout
linkid 1:2015-04-29 23:36:17.010 iec 104 link fail
linkid 2:2015-04-29 23:36:18.003 u timeout
linkid 1:2015-04-29 23:36:18.004 u timeout
linkid 2:2015-04-29 23:36:18.005 iec 104 link fail
linkid 1:2015-04-29 23:36:18.006 iec 104 link fail
linkid 1:2015-04-29 23:36:32.001 u timeout
linkid 1:2015-04-29 23:36:32.003 iec 104 link fail
linkid 1:2015-04-29 23:36:33.001 u timeout
linkid 2:2015-04-29 23:36:33.002 u timeout
linkid 1:2015-04-29 23:36:33.003 iec 104 link fail
linkid 2:2015-04-29 23:36:33.004 iec 104 link fail
linkid 1:2015-04-29 23:36:47.005 u timeout
linkid 1:2015-04-29 23:36:47.009 iec 104 link fail
linkid 1:2015-04-29 23:36:48.001 u timeout
linkid 1:2015-04-29 23:36:48.003 iec 104 link fail
linkid 2:2015-04-29 23:36:48.003 u timeout
linkid 2:2015-04-29 23:36:48.006 iec 104 link fail
linkid 1:2015-04-29 23:37:02.006 u timeout
linkid 1:2015-04-29 23:37:02.008 iec 104 link fail
linkid 1:2015-04-29 23:37:03.007 u timeout
linkid 2:2015-04-29 23:37:03.007 u timeout
linkid 1:2015-04-29 23:37:03.009 iec 104 link fail
linkid 2:2015-04-29 23:37:03.009 iec 104 link fail
linkid 1:2015-04-29 23:37:17.008 u timeout
linkid 1:2015-04-29 23:37:17.010 iec 104 link fail
linkid 1:2015-04-29 23:37:18.002 u timeout
linkid 1:2015-04-29 23:37:18.004 iec 104 link fail
linkid 2:2015-04-29 23:37:18.008 u timeout
linkid 2:2015-04-29 23:37:18.009 iec 104 link fail
linkid 1:2015-04-29 23:37:32.000 u timeout
linkid 1:2015-04-29 23:37:32.002 iec 104 link fail
linkid 2:2015-04-29 23:37:33.004 u timeout
linkid 2:2015-04-29 23:37:33.006 iec 104 link fail
linkid 1:2015-04-29 23:37:33.010 u timeout
linkid 1:2015-04-29 23:37:33.012 iec 104 link fail
linkid 1:2015-04-29 23:37:47.005 u timeout
linkid 1:2015-04-29 23:37:47.007 iec 104 link fail
linkid 2:2015-04-29 23:37:48.004 u timeout
linkid 1:2015-04-29 23:37:48.006 u timeout
linkid 1:2015-04-29 23:37:48.008 iec 104 link fail
linkid 2:2015-04-29 23:37:48.009 iec 104 link fail
linkid 1:2015-04-29 23:38:02.009 u timeout
linkid 1:2015-04-29 23:38:02.011 iec 104 link fail
linkid 1:2015-04-29 23:38:03.003 u timeout
linkid 1:2015-04-29 23:38:03.005 iec 104 link fail
linkid 2:2015-04-29 23:38:03.008 u timeout
linkid 2:2015-04-29 23:38:03.010 iec 104 link fail
linkid 1:2015-04-29 23:38:17.006 u timeout
linkid 1:2015-04-29 23:38:17.008 iec 104 link fail
linkid 1:2015-04-29 23:38:18.003 u timeout
linkid 2:2015-04-29 23:38:18.004 u timeout
linkid 1:2015-04-29 23:38:18.005 iec 104 link fail
linkid 2:2015-04-29 23:38:18.006 iec 104 link fail
linkid 1:2015-04-29 23:38:32.005 u timeout
linkid 1:2015-04-29 23:38:32.008 iec 104 link fail
linkid 1:2015-04-29 23:38:33.003 u timeout
linkid 1:2015-04-29 23:38:33.005 iec 104 link fail
linkid 2:2015-04-29 23:38:33.005 u timeout
linkid 2:2015-04-29 23:38:33.007 iec 104 link fail
linkid 1:2015-04-29 23:38:47.004 u timeout
linkid 1:2015-04-29 23:38:47.007 iec 104 link fail
linkid 2:2015-04-29 23:38:48.001 u timeout
linkid 2:2015-04-29 23:38:48.003 iec 104 link fail
linkid 1:2015-04-29 23:38:48.005 u timeout
linkid 1:2015-04-29 23:38:48.007 iec 104 link fail
linkid 1:2015-04-29 23:39:02.005 u timeout
linkid 1:2015-04-29 23:39:02.007 iec 104 link fail
linkid 1:2015-04-29 23:39:03.007 u timeout
linkid 2:2015-04-29 23:39:03.008 u timeout
linkid 1:2015-04-29 23:39:03.010 iec 104 link fail
linkid 2:2015-04-29 23:39:03.010 iec 104 link fail
linkid 1:2015-04-29 23:39:17.001 u timeout
linkid 1:2015-04-29 23:39:17.003 iec 104 link fail
linkid 1:2015-04-29 23:39:18.001 u timeout
linkid 1:2015-04-29 23:39:18.003 iec 104 link fail
linkid 2:2015-04-29 23:39:18.008 u timeout
linkid 2:2015-04-29 23:39:18.010 iec 104 link fail
linkid 1:2015-04-29 23:39:32.005 u timeout
linkid 1:2015-04-29 23:39:32.007 iec 104 link fail
linkid 1:2015-04-29 23:39:33.003 u timeout
linkid 1:2015-04-29 23:39:33.005 iec 104 link fail
linkid 2:2015-04-29 23:39:33.007 u timeout
linkid 2:2015-04-29 23:39:33.009 iec 104 link fail
linkid 1:2015-04-29 23:39:47.006 u timeout
linkid 1:2015-04-29 23:39:47.007 iec 104 link fail
linkid 2:2015-04-29 23:39:48.008 u timeout
linkid 1:2015-04-29 23:39:48.009 u timeout
linkid 2:2015-04-29 23:39:48.010 iec 104 link fail
linkid 1:2015-04-29 23:39:48.011 iec 104 link fail
linkid 1:2015-04-29 23:40:02.008 u timeout
linkid 1:2015-04-29 23:40:02.010 iec 104 link fail
linkid 1:2015-04-29 23:40:03.002 u timeout
linkid 1:2015-04-29 23:40:03.004 iec 104 link fail
linkid 2:2015-04-29 23:40:03.008 u timeout
linkid 2:2015-04-29 23:40:03.010 iec 104 link fail
linkid 1:2015-04-29 23:40:17.004 u timeout
linkid 1:2015-04-29 23:40:17.006 iec 104 link fail
linkid 1:2015-04-29 23:40:18.005 u timeout
linkid 2:2015-04-29 23:40:18.005 u timeout
linkid 1:2015-04-29 23:40:18.007 iec 104 link fail
linkid 2:2015-04-29 23:40:18.007 iec 104 link fail
linkid 1:2015-04-29 23:40:32.003 u timeout
linkid 1:2015-04-29 23:40:32.005 iec 104 link fail
linkid 1:2015-04-29 23:40:33.003 u timeout
linkid 2:2015-04-29 23:40:33.004 u timeout
linkid 1:2015-04-29 23:40:33.006 iec 104 link fail
linkid 2:2015-04-29 23:40:33.006 iec 104 link fail
linkid 1:2015-04-29 23:40:47.006 u timeout
linkid 1:2015-04-29 23:40:47.009 iec 104 link fail
linkid 1:2015-04-29 23:40:48.006 u timeout
linkid 2:2015-04-29 23:40:48.006 u timeout
linkid 1:2015-04-29 23:40:48.008 iec 104 link fail
linkid 2:2015-04-29 23:40:48.008 iec 104 link fail
linkid 1:2015-04-29 23:41:02.001 u timeout
linkid 1:2015-04-29 23:41:02.004 iec 104 link fail
linkid 2:2015-04-29 23:41:03.002 u timeout
linkid 2:2015-04-29 23:41:03.004 iec 104 link fail
linkid 1:2015-04-29 23:41:03.004 u timeout
linkid 1:2015-04-29 23:41:03.006 iec 104 link fail
linkid 1:2015-04-29 23:41:17.005 u timeout
linkid 1:2015-04-29 23:41:17.007 iec 104 link fail
linkid 1:2015-04-29 23:41:18.007 u timeout
linkid 2:2015-04-29 23:41:18.007 u timeout
linkid 1:2015-04-29 23:41:18.009 iec 104 link fail
linkid 2:2015-04-29 23:41:18.009 iec 104 link fail
linkid 1:2015-04-29 23:41:32.007 u timeout
linkid 1:2015-04-29 23:41:32.010 iec 104 link fail
linkid 1:2015-04-29 23:41:33.005 u timeout
linkid 2:2015-04-29 23:41:33.007 u timeout
linkid 1:2015-04-29 23:41:33.009 iec 104 link fail
linkid 2:2015-04-29 23:41:33.009 iec 104 link fail
linkid 1:2015-04-29 23:41:47.009 u timeout
linkid 1:2015-04-29 23:41:47.012 iec 104 link fail
linkid 2:2015-04-29 23:41:48.000 u timeout
linkid 2:2015-04-29 23:41:48.002 iec 104 link fail
linkid 1:2015-04-29 23:41:48.005 u timeout
linkid 1:2015-04-29 23:41:48.008 iec 104 link fail
linkid 1:2015-04-29 23:42:02.007 u timeout
linkid 1:2015-04-29 23:42:02.009 iec 104 link fail
linkid 2:2015-04-29 23:42:03.008 u timeout
linkid 1:2015-04-29 23:42:03.009 u timeout
linkid 2:2015-04-29 23:42:03.010 iec 104 link fail
linkid 1:2015-04-29 23:42:03.011 iec 104 link fail
linkid 1:2015-04-29 23:42:17.006 u timeout
linkid 1:2015-04-29 23:42:17.008 iec 104 link fail
linkid 1:2015-04-29 23:42:18.002 u timeout
linkid 1:2015-04-29 23:42:18.004 iec 104 link fail
linkid 2:2015-04-29 23:42:18.005 u timeout
linkid 2:2015-04-29 23:42:18.007 iec 104 link fail
linkid 1:2015-04-29 23:42:32.009 u timeout
linkid 1:2015-04-29 23:42:32.011 iec 104 link fail
linkid 2:2015-04-29 23:42:33.003 u timeout
linkid 2:2015-04-29 23:42:33.006 iec 104 link fail
linkid 1:2015-04-29 23:42:33.007 u timeout
linkid 1:2015-04-29 23:42:33.009 iec 104 link fail
linkid 1:2015-04-29 23:42:47.005 u timeout
linkid 1:2015-04-29 23:42:47.007 iec 104 link fail
linkid 2:2015-04-29 23:42:48.005 u timeout
linkid 1:2015-04-29 23:42:48.006 u timeout
linkid 1:2015-04-29 23:42:48.008 iec 104 link fail
linkid 2:2015-04-29 23:42:48.009 iec 104 link fail
linkid 1:2015-04-29 23:43:02.001 u timeout
linkid 1:2015-04-29 23:43:02.003 iec 104 link fail
linkid 2:2015-04-29 23:43:03.000 u timeout
linkid 2:2015-04-29 23:43:03.002 iec 104 link fail
linkid 1:2015-04-29 23:43:03.008 u timeout
linkid 1:2015-04-29 23:43:03.010 iec 104 link fail
linkid 1:2015-04-29 23:43:17.005 u timeout
linkid 1:2015-04-29 23:43:17.007 iec 104 link fail
linkid 2:2015-04-29 23:43:18.009 u timeout
linkid 1:2015-04-29 23:43:18.010 u timeout
linkid 2:2015-04-29 23:43:18.012 iec 104 link fail
linkid 1:2015-04-29 23:43:18.012 iec 104 link fail
linkid 1:2015-04-29 23:43:32.001 u timeout
linkid 1:2015-04-29 23:43:32.004 iec 104 link fail
linkid 2:2015-04-29 23:43:33.002 u timeout
linkid 2:2015-04-29 23:43:33.004 iec 104 link fail
linkid 1:2015-04-29 23:43:33.005 u timeout
linkid 1:2015-04-29 23:43:33.007 iec 104 link fail
linkid 1:2015-04-29 23:43:47.010 u timeout
linkid 1:2015-04-29 23:43:47.012 iec 104 link fail
linkid 1:2015-04-29 23:43:48.002 u timeout
linkid 1:2015-04-29 23:43:48.004 iec 104 link fail
linkid 2:2015-04-29 23:43:48.010 u timeout
linkid 2:2015-04-29 23:43:48.012 iec 104 link fail
linkid 1:2015-04-29 23:44:02.008 u timeout
linkid 1:2015-04-29 23:44:02.010 iec 104 link fail
linkid 1:2015-04-29 23:44:03.002 u timeout
linkid 2:2015-04-29 23:44:03.002 u timeout
linkid 1:2015-04-29 23:44:03.004 iec 104 link fail
linkid 2:2015-04-29 23:44:03.004 iec 104 link fail
linkid 1:2015-04-29 23:44:17.002 u timeout
linkid 1:2015-04-29 23:44:17.004 iec 104 link fail
linkid 1:2015-04-29 23:44:18.004 u timeout
linkid 2:2015-04-29 23:44:18.004 u timeout
linkid 1:2015-04-29 23:44:18.008 iec 104 link fail
linkid 2:2015-04-29 23:44:18.008 iec 104 link fail
linkid 1:2015-04-29 23:44:32.003 u timeout
linkid 1:2015-04-29 23:44:32.005 iec 104 link fail
linkid 2:2015-04-29 23:44:33.005 u timeout
linkid 1:2015-04-29 23:44:33.006 u timeout
linkid 2:2015-04-29 23:44:33.007 iec 104 link fail
linkid 1:2015-04-29 23:44:33.008 iec 104 link fail
linkid 1:2015-04-29 23:44:47.002 u timeout
linkid 1:2015-04-29 23:44:47.004 iec 104 link fail
linkid 1:2015-04-29 23:44:48.004 u timeout
linkid 1:2015-04-29 23:44:48.006 iec 104 link fail
linkid 2:2015-04-29 23:44:48.007 u timeout
linkid 2:2015-04-29 23:44:48.009 iec 104 link fail
linkid 1:2015-04-29 23:45:02.002 u timeout
linkid 1:2015-04-29 23:45:02.004 iec 104 link fail
linkid 2:2015-04-29 23:45:03.004 u timeout
linkid 1:2015-04-29 23:45:03.004 u timeout
linkid 1:2015-04-29 23:45:03.006 iec 104 link fail
linkid 2:2015-04-29 23:45:03.006 iec 104 link fail
linkid 1:2015-04-29 23:45:17.007 u timeout
linkid 1:2015-04-29 23:45:17.009 iec 104 link fail
linkid 2:2015-04-29 23:45:18.008 u timeout
linkid 1:2015-04-29 23:45:18.009 u timeout
linkid 2:2015-04-29 23:45:18.010 iec 104 link fail
linkid 1:2015-04-29 23:45:18.011 iec 104 link fail
linkid 1:2015-04-29 23:45:32.004 u timeout
linkid 1:2015-04-29 23:45:32.006 iec 104 link fail
linkid 1:2015-04-29 23:45:33.002 u timeout
linkid 2:2015-04-29 23:45:33.003 u timeout
linkid 1:2015-04-29 23:45:33.005 iec 104 link fail
linkid 2:2015-04-29 23:45:33.005 iec 104 link fail
linkid 1:2015-04-29 23:45:47.007 u timeout
linkid 1:2015-04-29 23:45:47.010 iec 104 link fail
linkid 2:2015-04-29 23:45:48.007 u timeout
linkid 1:2015-04-29 23:45:48.008 u timeout
linkid 2:2015-04-29 23:45:48.009 iec 104 link fail
linkid 1:2015-04-29 23:45:48.010 iec 104 link fail
linkid 1:2015-04-29 23:46:02.001 u timeout
linkid 1:2015-04-29 23:46:02.003 iec 104 link fail
linkid 1:2015-04-29 23:46:03.000 u timeout
linkid 1:2015-04-29 23:46:03.002 iec 104 link fail
linkid 2:2015-04-29 23:46:03.006 u timeout
linkid 2:2015-04-29 23:46:03.008 iec 104 link fail
linkid 1:2015-04-29 23:46:17.009 u timeout
linkid 1:2015-04-29 23:46:17.011 iec 104 link fail
linkid 1:2015-04-29 23:46:18.001 u timeout
linkid 1:2015-04-29 23:46:18.003 iec 104 link fail
linkid 2:2015-04-29 23:46:18.010 u timeout
linkid 2:2015-04-29 23:46:18.012 iec 104 link fail
linkid 1:2015-04-29 23:46:32.006 u timeout
linkid 1:2015-04-29 23:46:32.009 iec 104 link fail
linkid 1:2015-04-29 23:46:33.004 u timeout
linkid 2:2015-04-29 23:46:33.006 u timeout
linkid 1:2015-04-29 23:46:33.007 iec 104 link fail
linkid 2:2015-04-29 23:46:33.008 iec 104 link fail
linkid 1:2015-04-29 23:46:47.001 u timeout
linkid 1:2015-04-29 23:46:47.004 iec 104 link fail
linkid 1:2015-04-29 23:46:48.002 u timeout
linkid 1:2015-04-29 23:46:48.004 iec 104 link fail
linkid 2:2015-04-29 23:46:48.008 u timeout
linkid 2:2015-04-29 23:46:48.010 iec 104 link fail
linkid 1:2015-04-29 23:47:02.008 u timeout
linkid 1:2015-04-29 23:47:02.010 iec 104 link fail
linkid 2:2015-04-29 23:47:03.001 u timeout
linkid 2:2015-04-29 23:47:03.003 iec 104 link fail
linkid 1:2015-04-29 23:47:03.005 u timeout
linkid 1:2015-04-29 23:47:03.007 iec 104 link fail
linkid 1:2015-04-29 23:47:17.008 u timeout
linkid 1:2015-04-29 23:47:17.010 iec 104 link fail
linkid 1:2015-04-29 23:47:18.005 u timeout
linkid 2:2015-04-29 23:47:18.006 u timeout
linkid 2:2015-04-29 23:47:18.008 iec 104 link fail
linkid 1:2015-04-29 23:47:18.008 iec 104 link fail
linkid 1:2015-04-29 23:47:32.002 u timeout
linkid 1:2015-04-29 23:47:32.004 iec 104 link fail
linkid 2:2015-04-29 23:47:33.003 u timeout
linkid 2:2015-04-29 23:47:33.005 iec 104 link fail
linkid 1:2015-04-29 23:47:33.008 u timeout
linkid 1:2015-04-29 23:47:33.010 iec 104 link fail
linkid 1:2015-04-29 23:47:47.000 u timeout
linkid 1:2015-04-29 23:47:47.003 iec 104 link fail
linkid 2:2015-04-29 23:47:48.002 u timeout
linkid 1:2015-04-29 23:47:48.002 u timeout
linkid 1:2015-04-29 23:47:48.004 iec 104 link fail
linkid 2:2015-04-29 23:47:48.005 iec 104 link fail
linkid 1:2015-04-29 23:48:02.009 u timeout
linkid 1:2015-04-29 23:48:02.011 iec 104 link fail
linkid 2:2015-04-29 23:48:03.003 u timeout
linkid 1:2015-04-29 23:48:03.003 u timeout
linkid 1:2015-04-29 23:48:03.005 iec 104 link fail
linkid 2:2015-04-29 23:48:03.006 iec 104 link fail
linkid 1:2015-04-29 23:48:17.010 u timeout
linkid 1:2015-04-29 23:48:17.012 iec 104 link fail
linkid 2:2015-04-29 23:48:18.001 u timeout
linkid 2:2015-04-29 23:48:18.003 iec 104 link fail
linkid 1:2015-04-29 23:48:18.009 u timeout
linkid 1:2015-04-29 23:48:18.013 iec 104 link fail
linkid 1:2015-04-29 23:48:32.006 u timeout
linkid 1:2015-04-29 23:48:32.010 iec 104 link fail
linkid 2:2015-04-29 23:48:33.005 u timeout
linkid 2:2015-04-29 23:48:33.008 iec 104 link fail
linkid 1:2015-04-29 23:48:33.008 u timeout
linkid 1:2015-04-29 23:48:33.010 iec 104 link fail
linkid 1:2015-04-29 23:48:47.001 u timeout
linkid 1:2015-04-29 23:48:47.003 iec 104 link fail
linkid 2:2015-04-29 23:48:48.001 u timeout
linkid 2:2015-04-29 23:48:48.003 iec 104 link fail
linkid 1:2015-04-29 23:48:48.010 u timeout
linkid 1:2015-04-29 23:48:48.012 iec 104 link fail
linkid 1:2015-04-29 23:49:02.008 u timeout
linkid 1:2015-04-29 23:49:02.011 iec 104 link fail
linkid 1:2015-04-29 23:49:03.003 u timeout
linkid 2:2015-04-29 23:49:03.004 u timeout
linkid 1:2015-04-29 23:49:03.006 iec 104 link fail
linkid 2:2015-04-29 23:49:03.007 iec 104 link fail
linkid 1:2015-04-29 23:49:17.002 u timeout
linkid 1:2015-04-29 23:49:17.005 iec 104 link fail
linkid 1:2015-04-29 23:49:18.003 u timeout
linkid 2:2015-04-29 23:49:18.003 u timeout
linkid 1:2015-04-29 23:49:18.005 iec 104 link fail
linkid 2:2015-04-29 23:49:18.006 iec 104 link fail
linkid 1:2015-04-29 23:49:32.010 u timeout
linkid 1:2015-04-29 23:49:32.012 iec 104 link fail
linkid 2:2015-04-29 23:49:33.003 u timeout
linkid 2:2015-04-29 23:49:33.005 iec 104 link fail
linkid 1:2015-04-29 23:49:33.005 u timeout
linkid 1:2015-04-29 23:49:33.007 iec 104 link fail
linkid 1:2015-04-29 23:49:47.009 u timeout
linkid 1:2015-04-29 23:49:47.011 iec 104 link fail
linkid 1:2015-04-29 23:49:48.003 u timeout
linkid 1:2015-04-29 23:49:48.005 iec 104 link fail
linkid 2:2015-04-29 23:49:48.005 u timeout
linkid 2:2015-04-29 23:49:48.007 iec 104 link fail
linkid 1:2015-04-29 23:50:02.003 u timeout
linkid 1:2015-04-29 23:50:02.006 iec 104 link fail
linkid 2:2015-04-29 23:50:03.005 u timeout
linkid 1:2015-04-29 23:50:03.005 u timeout
linkid 2:2015-04-29 23:50:03.007 iec 104 link fail
linkid 1:2015-04-29 23:50:03.007 iec 104 link fail
linkid 1:2015-04-29 23:50:17.005 u timeout
linkid 1:2015-04-29 23:50:17.007 iec 104 link fail
linkid 2:2015-04-29 23:50:18.006 u timeout
linkid 1:2015-04-29 23:50:18.006 u timeout
linkid 2:2015-04-29 23:50:18.008 iec 104 link fail
linkid 1:2015-04-29 23:50:18.008 iec 104 link fail
linkid 1:2015-04-29 23:50:32.006 u timeout
linkid 1:2015-04-29 23:50:32.008 iec 104 link fail
linkid 1:2015-04-29 23:50:33.007 u timeout
linkid 2:2015-04-29 23:50:33.007 u timeout
linkid 1:2015-04-29 23:50:33.009 iec 104 link fail
linkid 2:2015-04-29 23:50:33.009 iec 104 link fail
linkid 1:2015-04-29 23:50:47.003 u timeout
linkid 1:2015-04-29 23:50:47.005 iec 104 link fail
linkid 2:2015-04-29 23:50:48.002 u timeout
linkid 2:2015-04-29 23:50:48.004 iec 104 link fail
linkid 1:2015-04-29 23:50:48.008 u timeout
linkid 1:2015-04-29 23:50:48.011 iec 104 link fail
linkid 1:2015-04-29 23:51:02.006 u timeout
linkid 1:2015-04-29 23:51:02.009 iec 104 link fail
linkid 2:2015-04-29 23:51:03.002 u timeout
linkid 2:2015-04-29 23:51:03.004 iec 104 link fail
linkid 1:2015-04-29 23:51:03.007 u timeout
linkid 1:2015-04-29 23:51:03.009 iec 104 link fail
linkid 1:2015-04-29 23:51:17.004 u timeout
linkid 1:2015-04-29 23:51:17.006 iec 104 link fail
linkid 1:2015-04-29 23:51:18.006 u timeout
linkid 1:2015-04-29 23:51:18.009 iec 104 link fail
linkid 2:2015-04-29 23:51:18.011 u timeout
linkid 2:2015-04-29 23:51:18.013 iec 104 link fail
linkid 1:2015-04-29 23:51:32.003 u timeout
linkid 1:2015-04-29 23:51:32.006 iec 104 link fail
linkid 1:2015-04-29 23:51:33.007 u timeout
linkid 2:2015-04-29 23:51:33.007 u timeout
linkid 1:2015-04-29 23:51:33.009 iec 104 link fail
linkid 2:2015-04-29 23:51:33.009 iec 104 link fail
linkid 1:2015-04-29 23:51:47.004 u timeout
linkid 1:2015-04-29 23:51:47.006 iec 104 link fail
linkid 2:2015-04-29 23:51:48.009 u timeout
linkid 1:2015-04-29 23:51:48.009 u timeout
linkid 2:2015-04-29 23:51:48.011 iec 104 link fail
linkid 1:2015-04-29 23:51:48.012 iec 104 link fail
linkid 1:2015-04-29 23:52:02.002 u timeout
linkid 1:2015-04-29 23:52:02.004 iec 104 link fail
linkid 2:2015-04-29 23:52:03.006 u timeout
linkid 2:2015-04-29 23:52:03.008 iec 104 link fail
linkid 1:2015-04-29 23:52:03.008 u timeout
linkid 1:2015-04-29 23:52:03.010 iec 104 link fail
linkid 1:2015-04-29 23:52:17.002 u timeout
linkid 1:2015-04-29 23:52:17.004 iec 104 link fail
linkid 2:2015-04-29 23:52:18.004 u timeout
linkid 2:2015-04-29 23:52:18.006 iec 104 link fail
linkid 1:2015-04-29 23:52:18.008 u timeout
linkid 1:2015-04-29 23:52:18.010 iec 104 link fail
linkid 1:2015-04-29 23:52:32.002 u timeout
linkid 1:2015-04-29 23:52:32.004 iec 104 link fail
linkid 1:2015-04-29 23:52:33.002 u timeout
linkid 2:2015-04-29 23:52:33.003 u timeout
linkid 1:2015-04-29 23:52:33.005 iec 104 link fail
linkid 2:2015-04-29 23:52:33.005 iec 104 link fail
linkid 1:2015-04-29 23:52:47.007 u timeout
linkid 1:2015-04-29 23:52:47.009 iec 104 link fail
linkid 2:2015-04-29 23:52:48.009 u timeout
linkid 1:2015-04-29 23:52:48.009 u timeout
linkid 2:2015-04-29 23:52:48.011 iec 104 link fail
linkid 1:2015-04-29 23:52:48.011 iec 104 link fail
linkid 1:2015-04-29 23:53:02.009 u timeout
linkid 1:2015-04-29 23:53:02.011 iec 104 link fail
linkid 2:2015-04-29 23:53:03.008 u timeout
linkid 1:2015-04-29 23:53:03.009 u timeout
linkid 1:2015-04-29 23:53:03.011 iec 104 link fail
linkid 2:2015-04-29 23:53:03.011 iec 104 link fail
linkid 1:2015-04-29 23:53:17.005 u timeout
linkid 1:2015-04-29 23:53:17.007 iec 104 link fail
linkid 1:2015-04-29 23:53:18.005 u timeout
linkid 2:2015-04-29 23:53:18.007 u timeout
linkid 1:2015-04-29 23:53:18.008 iec 104 link fail
linkid 2:2015-04-29 23:53:18.009 iec 104 link fail
linkid 1:2015-04-29 23:53:32.003 u timeout
linkid 1:2015-04-29 23:53:32.005 iec 104 link fail
linkid 1:2015-04-29 23:53:33.007 u timeout
linkid 1:2015-04-29 23:53:33.009 iec 104 link fail
linkid 2:2015-04-29 23:53:33.009 u timeout
linkid 2:2015-04-29 23:53:33.011 iec 104 link fail
linkid 1:2015-04-29 23:53:47.004 u timeout
linkid 1:2015-04-29 23:53:47.007 iec 104 link fail
linkid 1:2015-04-29 23:53:48.001 u timeout
linkid 1:2015-04-29 23:53:48.005 iec 104 link fail
linkid 2:2015-04-29 23:53:48.005 u timeout
linkid 2:2015-04-29 23:53:48.007 iec 104 link fail
linkid 1:2015-04-29 23:54:02.003 u timeout
linkid 1:2015-04-29 23:54:02.005 iec 104 link fail
linkid 1:2015-04-29 23:54:03.004 u timeout
linkid 2:2015-04-29 23:54:03.005 u timeout
linkid 1:2015-04-29 23:54:03.007 iec 104 link fail
linkid 2:2015-04-29 23:54:03.007 iec 104 link fail
linkid 1:2015-04-29 23:54:17.007 u timeout
linkid 1:2015-04-29 23:54:17.009 iec 104 link fail
linkid 1:2015-04-29 23:54:18.004 u timeout
linkid 1:2015-04-29 23:54:18.006 iec 104 link fail
linkid 2:2015-04-29 23:54:18.007 u timeout
linkid 2:2015-04-29 23:54:18.009 iec 104 link fail
linkid 1:2015-04-29 23:54:32.010 u timeout
linkid 1:2015-04-29 23:54:32.012 iec 104 link fail
linkid 2:2015-04-29 23:54:33.003 u timeout
linkid 2:2015-04-29 23:54:33.004 iec 104 link fail
linkid 1:2015-04-29 23:54:33.005 u timeout
linkid 1:2015-04-29 23:54:33.007 iec 104 link fail
linkid 1:2015-04-29 23:54:47.000 u timeout
linkid 1:2015-04-29 23:54:47.004 iec 104 link fail
linkid 2:2015-04-29 23:54:48.002 u timeout
linkid 2:2015-04-29 23:54:48.004 iec 104 link fail
linkid 1:2015-04-29 23:54:48.006 u timeout
linkid 1:2015-04-29 23:54:48.008 iec 104 link fail
linkid 1:2015-04-29 23:55:02.009 u timeout
linkid 1:2015-04-29 23:55:02.011 iec 104 link fail
linkid 2:2015-04-29 23:55:03.009 u timeout
linkid 1:2015-04-29 23:55:03.009 u timeout
linkid 2:2015-04-29 23:55:03.011 iec 104 link fail
linkid 1:2015-04-29 23:55:03.011 iec 104 link fail
linkid 1:2015-04-29 23:55:17.006 u timeout
linkid 1:2015-04-29 23:55:17.008 iec 104 link fail
linkid 2:2015-04-29 23:55:18.006 u timeout
linkid 2:2015-04-29 23:55:18.008 iec 104 link fail
linkid 1:2015-04-29 23:55:18.009 u timeout
linkid 1:2015-04-29 23:55:18.011 iec 104 link fail
linkid 1:2015-04-29 23:55:32.001 u timeout
linkid 1:2015-04-29 23:55:32.003 iec 104 link fail
linkid 1:2015-04-29 23:55:33.001 u timeout
linkid 1:2015-04-29 23:55:33.004 iec 104 link fail
linkid 2:2015-04-29 23:55:33.006 u timeout
linkid 2:2015-04-29 23:55:33.008 iec 104 link fail
linkid 1:2015-04-29 23:55:47.001 u timeout
linkid 1:2015-04-29 23:55:47.004 iec 104 link fail
linkid 2:2015-04-29 23:55:48.003 u timeout
linkid 1:2015-04-29 23:55:48.003 u timeout
linkid 2:2015-04-29 23:55:48.005 iec 104 link fail
linkid 1:2015-04-29 23:55:48.005 iec 104 link fail
linkid 1:2015-04-29 23:56:02.006 u timeout
linkid 1:2015-04-29 23:56:02.008 iec 104 link fail
linkid 2:2015-04-29 23:56:03.007 u timeout
linkid 1:2015-04-29 23:56:03.007 u timeout
linkid 2:2015-04-29 23:56:03.009 iec 104 link fail
linkid 1:2015-04-29 23:56:03.009 iec 104 link fail
linkid 1:2015-04-29 23:56:17.009 u timeout
linkid 1:2015-04-29 23:56:17.011 iec 104 link fail
linkid 2:2015-04-29 23:56:18.003 u timeout
linkid 2:2015-04-29 23:56:18.005 iec 104 link fail
linkid 1:2015-04-29 23:56:18.009 u timeout
linkid 1:2015-04-29 23:56:18.011 iec 104 link fail
linkid 1:2015-04-29 23:56:32.009 u timeout
linkid 1:2015-04-29 23:56:32.011 iec 104 link fail
linkid 2:2015-04-29 23:56:33.005 u timeout
linkid 2:2015-04-29 23:56:33.008 iec 104 link fail
linkid 1:2015-04-29 23:56:33.008 u timeout
linkid 1:2015-04-29 23:56:33.010 iec 104 link fail
linkid 1:2015-04-29 23:56:47.007 u timeout
linkid 1:2015-04-29 23:56:47.009 iec 104 link fail
linkid 2:2015-04-29 23:56:48.003 u timeout
linkid 1:2015-04-29 23:56:48.003 u timeout
linkid 2:2015-04-29 23:56:48.005 iec 104 link fail
linkid 1:2015-04-29 23:56:48.005 iec 104 link fail
linkid 1:2015-04-29 23:57:02.004 u timeout
linkid 1:2015-04-29 23:57:02.006 iec 104 link fail
linkid 2:2015-04-29 23:57:03.008 u timeout
linkid 1:2015-04-29 23:57:03.009 u timeout
linkid 2:2015-04-29 23:57:03.010 iec 104 link fail
linkid 1:2015-04-29 23:57:03.011 iec 104 link fail
linkid 1:2015-04-29 23:57:17.002 u timeout
linkid 1:2015-04-29 23:57:17.004 iec 104 link fail
linkid 2:2015-04-29 23:57:18.002 u timeout
linkid 2:2015-04-29 23:57:18.004 iec 104 link fail
linkid 1:2015-04-29 23:57:18.009 u timeout
linkid 1:2015-04-29 23:57:18.011 iec 104 link fail
linkid 1:2015-04-29 23:57:32.007 u timeout
linkid 1:2015-04-29 23:57:32.010 iec 104 link fail
linkid 2:2015-04-29 23:57:33.008 u timeout
linkid 1:2015-04-29 23:57:33.009 u timeout
linkid 2:2015-04-29 23:57:33.010 iec 104 link fail
linkid 1:2015-04-29 23:57:33.011 iec 104 link fail
linkid 1:2015-04-29 23:57:47.002 u timeout
linkid 1:2015-04-29 23:57:47.004 iec 104 link fail
linkid 2:2015-04-29 23:57:48.004 u timeout
linkid 2:2015-04-29 23:57:48.006 iec 104 link fail
linkid 1:2015-04-29 23:57:48.008 u timeout
linkid 1:2015-04-29 23:57:48.011 iec 104 link fail
linkid 1:2015-04-29 23:58:02.006 u timeout
linkid 1:2015-04-29 23:58:02.008 iec 104 link fail
linkid 1:2015-04-29 23:58:03.006 u timeout
linkid 2:2015-04-29 23:58:03.007 u timeout
linkid 1:2015-04-29 23:58:03.009 iec 104 link fail
linkid 2:2015-04-29 23:58:03.009 iec 104 link fail
linkid 1:2015-04-29 23:58:17.001 u timeout
linkid 1:2015-04-29 23:58:17.003 iec 104 link fail
linkid 2:2015-04-29 23:58:18.002 u timeout
linkid 2:2015-04-29 23:58:18.004 iec 104 link fail
linkid 1:2015-04-29 23:58:18.005 u timeout
linkid 1:2015-04-29 23:58:18.007 iec 104 link fail
linkid 1:2015-04-29 23:58:32.006 u timeout
linkid 1:2015-04-29 23:58:32.008 iec 104 link fail
linkid 1:2015-04-29 23:58:33.001 u timeout
linkid 1:2015-04-29 23:58:33.003 iec 104 link fail
linkid 2:2015-04-29 23:58:33.005 u timeout
linkid 2:2015-04-29 23:58:33.007 iec 104 link fail
linkid 1:2015-04-29 23:58:47.008 u timeout
linkid 1:2015-04-29 23:58:47.012 iec 104 link fail
linkid 2:2015-04-29 23:58:48.002 u timeout
linkid 2:2015-04-29 23:58:48.003 iec 104 link fail
linkid 1:2015-04-29 23:58:48.008 u timeout
linkid 1:2015-04-29 23:58:48.010 iec 104 link fail
linkid 1:2015-04-29 23:59:02.009 u timeout
linkid 1:2015-04-29 23:59:02.011 iec 104 link fail
linkid 1:2015-04-29 23:59:03.002 u timeout
linkid 1:2015-04-29 23:59:03.004 iec 104 link fail
linkid 2:2015-04-29 23:59:03.009 u timeout
linkid 2:2015-04-29 23:59:03.011 iec 104 link fail
linkid 1:2015-04-29 23:59:17.000 u timeout
linkid 1:2015-04-29 23:59:17.002 iec 104 link fail
linkid 1:2015-04-29 23:59:18.002 u timeout
linkid 2:2015-04-29 23:59:18.002 u timeout
linkid 1:2015-04-29 23:59:18.004 iec 104 link fail
linkid 2:2015-04-29 23:59:18.004 iec 104 link fail
linkid 1:2015-04-29 23:59:32.006 u timeout
linkid 1:2015-04-29 23:59:32.008 iec 104 link fail
linkid 1:2015-04-29 23:59:33.003 u timeout
linkid 2:2015-04-29 23:59:33.003 u timeout
linkid 1:2015-04-29 23:59:33.005 iec 104 link fail
linkid 2:2015-04-29 23:59:33.005 iec 104 link fail
linkid 1:2015-04-29 23:59:47.002 u timeout
linkid 1:2015-04-29 23:59:47.004 iec 104 link fail
linkid 1:2015-04-29 23:59:48.001 u timeout
linkid 1:2015-04-29 23:59:48.003 iec 104 link fail
linkid 2:2015-04-29 23:59:48.004 u timeout
linkid 2:2015-04-29 23:59:48.006 iec 104 link fail
