..\..\bin\tinyxml.ilk
F:\GKPRO\PROGRAM\LDNS\BIN\TINYXML.DLL
F:\Gkpro\program\ldns\bin\tinyxml.exp
F:\GKPRO\PROGRAM\LDNS\BIN\TINYXML.ILK
F:\Gkpro\program\ldns\bin\tinyxml.lib
F:\Gkpro\program\ldns\vc10\tinyxml\..\..\bin\tinyxml.dll
F:\Gkpro\program\ldns\vc10\tinyxml\Debug\cl.command.1.tlog
F:\Gkpro\program\ldns\vc10\tinyxml\Debug\CL.read.1.tlog
F:\Gkpro\program\ldns\vc10\tinyxml\Debug\CL.write.1.tlog
F:\Gkpro\program\ldns\vc10\tinyxml\Debug\link.7752.read.1.tlog
F:\Gkpro\program\ldns\vc10\tinyxml\Debug\link.7752.write.1.tlog
F:\Gkpro\program\ldns\vc10\tinyxml\Debug\link.7752-cvtres.read.1.tlog
F:\Gkpro\program\ldns\vc10\tinyxml\Debug\link.7752-cvtres.write.1.tlog
F:\Gkpro\program\ldns\vc10\tinyxml\Debug\link.command.1.tlog
F:\Gkpro\program\ldns\vc10\tinyxml\Debug\link.read.1.tlog
F:\Gkpro\program\ldns\vc10\tinyxml\Debug\link.write.1.tlog
F:\Gkpro\program\ldns\vc10\tinyxml\Debug\link-cvtres.read.1.tlog
F:\Gkpro\program\ldns\vc10\tinyxml\Debug\link-cvtres.write.1.tlog
F:\Gkpro\program\ldns\vc10\tinyxml\Debug\mt.command.1.tlog
F:\Gkpro\program\ldns\vc10\tinyxml\Debug\mt.read.1.tlog
F:\Gkpro\program\ldns\vc10\tinyxml\Debug\mt.write.1.tlog
F:\Gkpro\program\ldns\vc10\tinyxml\Debug\rc.command.1.tlog
F:\Gkpro\program\ldns\vc10\tinyxml\Debug\rc.read.1.tlog
F:\Gkpro\program\ldns\vc10\tinyxml\Debug\rc.write.1.tlog
F:\GKPRO\PROGRAM\LDNS\VC10\TINYXML\DEBUG\TINYSTR.OBJ
F:\GKPRO\PROGRAM\LDNS\VC10\TINYXML\DEBUG\TINYXML.DLL.EMBED.MANIFEST
F:\GKPRO\PROGRAM\LDNS\VC10\TINYXML\DEBUG\TINYXML.DLL.EMBED.MANIFEST.RES
F:\GKPRO\PROGRAM\LDNS\VC10\TINYXML\DEBUG\TINYXML.DLL.INTERMEDIATE.MANIFEST
F:\GKPRO\PROGRAM\LDNS\VC10\TINYXML\DEBUG\TINYXML.OBJ
F:\Gkpro\program\ldns\vc10\tinyxml\Debug\tinyxml.write.1.tlog
F:\Gkpro\program\ldns\vc10\tinyxml\Debug\tinyxml_manifest.rc
F:\GKPRO\PROGRAM\LDNS\VC10\TINYXML\DEBUG\TINYXMLERROR.OBJ
F:\GKPRO\PROGRAM\LDNS\VC10\TINYXML\DEBUG\TINYXMLPARSER.OBJ
F:\Gkpro\program\ldns\vc10\tinyxml\Debug\vc100.idb
F:\GKPRO\PROGRAM\LDNS\VC10\TINYXML\DEBUG\VC100.PDB
