F:\GKPRO\PROGRAM\LDNS\BIN\TINYXML.DLL
F:\Gkpro\program\ldns\bin\tinyxml.exp
F:\Gkpro\program\ldns\bin\tinyxml.lib
F:\Gkpro\program\ldns\vc10\tinyxml\..\..\bin\tinyxml.dll
F:\Gkpro\program\ldns\vc10\tinyxml\Release\cl.command.1.tlog
F:\Gkpro\program\ldns\vc10\tinyxml\Release\CL.read.1.tlog
F:\Gkpro\program\ldns\vc10\tinyxml\Release\CL.write.1.tlog
F:\Gkpro\program\ldns\vc10\tinyxml\Release\link.command.1.tlog
F:\Gkpro\program\ldns\vc10\tinyxml\Release\link.read.1.tlog
F:\Gkpro\program\ldns\vc10\tinyxml\Release\link.write.1.tlog
F:\Gkpro\program\ldns\vc10\tinyxml\Release\mt.command.1.tlog
F:\Gkpro\program\ldns\vc10\tinyxml\Release\mt.read.1.tlog
F:\Gkpro\program\ldns\vc10\tinyxml\Release\mt.write.1.tlog
F:\GKPRO\PROGRAM\LDNS\VC10\TINYXML\RELEASE\TINYSTR.OBJ
F:\GKPRO\PROGRAM\LDNS\VC10\TINYXML\RELEASE\TINYXML.DLL.INTERMEDIATE.MANIFEST
F:\GKPRO\PROGRAM\LDNS\VC10\TINYXML\RELEASE\TINYXML.OBJ
F:\Gkpro\program\ldns\vc10\tinyxml\Release\tinyxml.vcxprojResolveAssemblyReference.cache
F:\Gkpro\program\ldns\vc10\tinyxml\Release\tinyxml.write.1.tlog
F:\GKPRO\PROGRAM\LDNS\VC10\TINYXML\RELEASE\TINYXMLERROR.OBJ
F:\GKPRO\PROGRAM\LDNS\VC10\TINYXML\RELEASE\TINYXMLPARSER.OBJ
F:\GKPRO\PROGRAM\LDNS\VC10\TINYXML\RELEASE\VC100.PDB
