F:\GKPRO\PROGRAM\LDNS\VC10\UTILITIES\DEBUG\CBROWSEDIR.OBJ
F:\Gkpro\program\ldns\vc10\Utilities\Debug\CFuncUtil.dll.embed.manifest
F:\GKPRO\PROGRAM\LDNS\VC10\UTILITIES\DEBUG\CFUNCUTIL.DLL.EMBED.MANIFEST.RES
F:\GKPRO\PROGRAM\LDNS\VC10\UTILITIES\DEBUG\CFUNCUTIL.OBJ
F:\Gkpro\program\ldns\vc10\Utilities\Debug\CFuncUtil.write.1.tlog
F:\Gkpro\program\ldns\vc10\Utilities\Debug\CFuncUtil_manifest.rc
F:\Gkpro\program\ldns\vc10\Utilities\Debug\cl.command.1.tlog
F:\Gkpro\program\ldns\vc10\Utilities\Debug\CL.read.1.tlog
F:\Gkpro\program\ldns\vc10\Utilities\Debug\CL.write.1.tlog
F:\GKPRO\PROGRAM\LDNS\VC10\UTILITIES\DEBUG\DELTELOG.OBJ
F:\Gkpro\program\ldns\vc10\Utilities\Debug\link.command.1.tlog
F:\Gkpro\program\ldns\vc10\Utilities\Debug\link.read.1.tlog
F:\Gkpro\program\ldns\vc10\Utilities\Debug\link.write.1.tlog
F:\Gkpro\program\ldns\vc10\Utilities\Debug\rc.command.1.tlog
F:\Gkpro\program\ldns\vc10\Utilities\Debug\rc.read.1.tlog
F:\Gkpro\program\ldns\vc10\Utilities\Debug\rc.write.1.tlog
F:\GKPRO\PROGRAM\LDNS\VC10\UTILITIES\DEBUG\STDAFX.OBJ
F:\GKPRO\PROGRAM\LDNS\VC10\UTILITIES\DEBUG\TIMERTASK.OBJ
F:\Gkpro\program\ldns\vc10\Utilities\Debug\Utilities.vcxprojResolveAssemblyReference.cache
F:\Gkpro\program\ldns\vc10\Utilities\Debug\vc100.idb
F:\GKPRO\PROGRAM\LDNS\VC10\UTILITIES\DEBUG\VC100.PDB
