生成启动时间为 2016-7-13 11:20:59。
     1>项目“E:\e3pro2\program\ldns\code\vc10\makeSignatrue\makeSignatrue.vcxproj”在节点 2 上(build 个目标)。
     1>InitializeBuildStatus:
         正在对“Release\makeSignatrue.unsuccessfulbuild”执行 Touch 任务。
       ClCompile:
         C:\Program Files\Microsoft Visual Studio 10.0\VC\bin\CL.exe /c /Zi /nologo /W3 /WX- /O2 /Oi /Oy- /GL /D WIN32 /D NDEBUG /D _CONSOLE /D WINDOWS_ENV /D _MBCS /Gm- /EHsc /MD /GS /Gy /fp:precise /Zc:wchar_t /Zc:forScope /Fo"Release\\" /Fd"Release\vc100.pdb" /Gd /TP /analyze- /errorReport:prompt ..\..\makeSignatrue\main.cpp
         main.cpp
     1>..\..\makeSignatrue\main.cpp(172): warning C4996: 'fopen': This function or variable may be unsafe. Consider using fopen_s instead. To disable deprecation, use _CRT_SECURE_NO_WARNINGS. See online help for details.
                 C:\Program Files\Microsoft Visual Studio 10.0\VC\include\stdio.h(234) : 参见“fopen”的声明
       Link:
         C:\Program Files\Microsoft Visual Studio 10.0\VC\bin\link.exe /ERRORREPORT:PROMPT /OUT:"..\..\Release\makeSignatrue.exe" /INCREMENTAL:NO /NOLOGO kernel32.lib user32.lib gdi32.lib winspool.lib comdlg32.lib advapi32.lib shell32.lib ole32.lib oleaut32.lib uuid.lib odbc32.lib odbccp32.lib /MANIFEST /ManifestFile:"Release\makeSignatrue.exe.intermediate.manifest" /MANIFESTUAC:"level='asInvoker' uiAccess='false'" /DEBUG /PDB:"E:\e3pro2\program\ldns\code\Release\makeSignatrue.pdb" /SUBSYSTEM:CONSOLE /OPT:REF /OPT:ICF /LTCG /TLBID:1 /DYNAMICBASE /NXCOMPAT /IMPLIB:"..\..\Release\makeSignatrue.lib" /MACHINE:X86 Release\main.obj
         正在生成代码
         已完成代码的生成
         makeSignatrue.vcxproj -> E:\e3pro2\program\ldns\code\vc10\makeSignatrue\..\..\Release\makeSignatrue.exe
       Manifest:
         C:\Program Files\Microsoft SDKs\Windows\v7.0A\bin\mt.exe /nologo /verbose /outputresource:"..\..\Release\makeSignatrue.exe;#1" /manifest Release\makeSignatrue.exe.intermediate.manifest
       FinalizeBuildStatus:
         正在删除文件“Release\makeSignatrue.unsuccessfulbuild”。
         正在对“Release\makeSignatrue.lastbuildstate”执行 Touch 任务。
     1>已完成生成项目“E:\e3pro2\program\ldns\code\vc10\makeSignatrue\makeSignatrue.vcxproj”(build 个目标)的操作。

生成成功。

已用时间 00:00:02.11
