09:28:50 lookup begin ,lib name=CommModbusStd.dll

09:28:50 load begin 

09:28:50 lookup begin ,lib name=CommModbusTcpServerStand.dll

09:28:50 load begin 

09:28:50 lookup begin ,lib name=CommModbusStd.dll

09:28:50 load begin 

09:29:34 lookup begin ,lib name=CommModbusStd.dll

09:29:34 load begin 

09:29:34 lookup begin ,lib name=CommModbusTcpServerStand.dll

09:29:34 load begin 

09:29:34 lookup begin ,lib name=CommModbusStd.dll

09:29:34 load begin 

09:31:11 lookup begin ,lib name=CommModbusStd.dll

09:31:11 load begin 

09:31:11 lookup begin ,lib name=CommModbusTcpServerStand.dll

09:31:11 load begin 

09:31:11 lookup begin ,lib name=CommModbusStd.dll

09:31:11 load begin 

09:37:51 lookup begin ,lib name=CommModbusStd.dll

09:37:51 load begin 

09:37:51 lookup begin ,lib name=CommModbusTcpServerStand.dll

09:37:51 load begin 

09:37:51 lookup begin ,lib name=CommModbusStd.dll

09:37:51 load begin 

09:37:57 lookup begin ,lib name=CommModbusStd.dll

09:37:57 load begin 

09:37:57 lookup begin ,lib name=CommModbusTcpServerStand.dll

09:37:57 load begin 

09:37:58 lookup begin ,lib name=CommModbusStd.dll

09:37:58 load begin 

09:40:50 lookup begin ,lib name=CommModbusStd.dll

09:40:50 load begin 

09:40:50 lookup begin ,lib name=CommModbusTcpServerStand.dll

09:40:50 load begin 

09:40:50 lookup begin ,lib name=CommModbusStd.dll

09:40:50 load begin 

09:42:29 lookup begin ,lib name=CommModbusStd.dll

09:42:29 load begin 

09:42:29 lookup begin ,lib name=CommModbusTcpServerStand.dll

09:42:29 load begin 

09:42:29 lookup begin ,lib name=CommModbusStd.dll

09:42:29 load begin 

09:44:13 lookup begin ,lib name=CommModbusStd.dll

09:44:13 load begin 

09:44:13 lookup begin ,lib name=CommModbusTcpServerStand.dll

09:44:13 load begin 

09:44:13 lookup begin ,lib name=CommModbusStd.dll

09:44:13 load begin 

09:46:01 lookup begin ,lib name=CommModbusStd.dll

09:46:01 load begin 

09:46:01 lookup begin ,lib name=CommModbusTcpServerStand.dll

09:46:01 load begin 

09:46:01 lookup begin ,lib name=CommModbusStd.dll

09:46:01 load begin 

09:54:46 lookup begin ,lib name=CommModbusStd.dll

09:54:46 load begin 

09:58:36 lookup begin ,lib name=CommModbusStd.dll

09:58:36 load begin 

10:00:47 lookup begin ,lib name=CommModbusStd.dll

10:00:47 load begin 

10:04:28 lookup begin ,lib name=CommModbusStd.dll

10:04:28 load begin 

10:07:30 lookup begin ,lib name=CommModbusStd.dll

10:07:30 load begin 

10:14:57 lookup begin ,lib name=CommModbusStd.dll

10:14:57 load begin 

10:15:48 lookup begin ,lib name=CommModbusStd.dll

10:15:48 load begin 

10:19:24 lookup begin ,lib name=CommModbusStd.dll

10:19:24 load begin 

10:25:46 lookup begin ,lib name=CommModbusStd.dll

10:25:46 load begin 

10:30:25 lookup begin ,lib name=CommModbusStd.dll

10:30:25 load begin 

10:43:00 lookup begin ,lib name=CommModbusStd.dll

10:43:00 load begin 

10:44:28 lookup begin ,lib name=CommModbusStd.dll

10:44:28 load begin 

10:45:52 lookup begin ,lib name=CommModbusStd.dll

10:45:52 load begin 

10:46:31 lookup begin ,lib name=CommModbusStd.dll

10:46:31 load begin 

10:50:00 lookup begin ,lib name=CommModbusStd.dll

10:50:00 load begin 

10:50:36 lookup begin ,lib name=CommModbusStd.dll

10:50:36 load begin 

10:52:53 lookup begin ,lib name=CommModbusStd.dll

10:52:53 load begin 

10:53:35 lookup begin ,lib name=CommModbusStd.dll

10:53:35 load begin 

10:53:40 lookup begin ,lib name=CommModbusStd.dll

10:53:40 load begin 

10:57:10 lookup begin ,lib name=CommModbusStd.dll

10:57:10 load begin 

10:58:07 lookup begin ,lib name=CommModbusStd.dll

10:58:07 load begin 

10:58:18 lookup begin ,lib name=CommModbusStd.dll

10:58:18 load begin 

11:03:49 lookup begin ,lib name=CommModbusStd.dll

11:03:49 load begin 

11:04:00 lookup begin ,lib name=CommModbusStd.dll

11:04:00 load begin 

11:04:15 lookup begin ,lib name=CommModbusStd.dll

11:04:15 load begin 

11:04:48 lookup begin ,lib name=CommModbusStd.dll

11:04:48 load begin 

11:05:14 lookup begin ,lib name=CommModbusStd.dll

11:05:14 load begin 

11:05:38 lookup begin ,lib name=CommModbusStd.dll

11:05:38 load begin 

11:07:44 lookup begin ,lib name=CommModbusStd.dll

11:07:44 load begin 

11:15:44 lookup begin ,lib name=CommModbusStd.dll

11:15:44 load begin 

11:17:00 lookup begin ,lib name=CommModbusStd.dll

11:17:00 load begin 

11:27:45 lookup begin ,lib name=CommModbusStd.dll

11:27:45 load begin 

11:27:45 ERROR:LIB: unable to load library: CommModbusStd.dll info: ός;

11:27:45 ERROR:LIB: library not loaded, unable to get function pointer create_protocol_object

11:28:17 lookup begin ,lib name=CommModbusStd.dll

11:28:17 load begin 

11:32:41 lookup begin ,lib name=CommModbusStd.dll

11:32:41 load begin 

11:40:28 lookup begin ,lib name=CommModbusStd.dll

11:40:28 load begin 

11:40:33 lookup begin ,lib name=CommModbusStd.dll

11:40:33 load begin 

11:46:35 lookup begin ,lib name=CommModbusStd.dll

11:46:35 load begin 

11:47:42 lookup begin ,lib name=CommModbusStd.dll

11:47:42 load begin 

11:49:45 lookup begin ,lib name=CommModbusStd.dll

11:49:45 load begin 

11:54:30 lookup begin ,lib name=CommModbusStd.dll

11:54:30 load begin 

12:22:39 lookup begin ,lib name=CommModbusStd.dll

12:22:39 load begin 

12:34:47 lookup begin ,lib name=CommModbusStd.dll

12:34:47 load begin 

12:37:18 lookup begin ,lib name=CommModbusStd.dll

12:37:18 load begin 

12:38:23 lookup begin ,lib name=CommModbusStd.dll

12:38:23 load begin 

12:40:04 lookup begin ,lib name=CommModbusStd.dll

12:40:04 load begin 

13:00:10 lookup begin ,lib name=CommModbusStd.dll

13:00:10 load begin 

13:21:59 lookup begin ,lib name=CommModbusStd.dll

13:21:59 load begin 

13:48:32 lookup begin ,lib name=CommModbusStd.dll

13:48:32 load begin 

13:48:55 lookup begin ,lib name=CommModbusStd.dll

13:48:55 load begin 

13:49:45 lookup begin ,lib name=CommModbusStd.dll

13:49:45 load begin 

13:52:12 lookup begin ,lib name=CommModbusStd.dll

13:52:12 load begin 

13:52:25 lookup begin ,lib name=CommModbusStd.dll

13:52:25 load begin 

13:52:27 lookup begin ,lib name=CommModbusStd.dll

13:52:27 load begin 

13:52:33 lookup begin ,lib name=CommModbusStd.dll

13:52:33 load begin 

13:53:15 lookup begin ,lib name=CommModbusStd.dll

13:53:15 load begin 

13:54:08 lookup begin ,lib name=CommModbusStd.dll

13:54:08 load begin 

13:55:23 lookup begin ,lib name=CommModbusStd.dll

13:55:23 load begin 

13:55:53 lookup begin ,lib name=CommModbusStd.dll

13:55:53 load begin 

13:56:16 lookup begin ,lib name=CommModbusStd.dll

13:56:16 load begin 

13:56:22 lookup begin ,lib name=CommModbusStd.dll

13:56:22 load begin 

13:56:28 lookup begin ,lib name=CommModbusStd.dll

13:56:28 load begin 

14:02:00 lookup begin ,lib name=CommModbusStd.dll

14:02:00 load begin 

14:07:01 lookup begin ,lib name=CommModbusStd.dll

14:07:01 load begin 

14:07:13 lookup begin ,lib name=CommModbusStd.dll

14:07:13 load begin 

14:10:52 lookup begin ,lib name=CommModbusStd.dll

14:10:52 load begin 

14:12:18 lookup begin ,lib name=CommModbusStd.dll

14:12:18 load begin 

14:14:41 lookup begin ,lib name=CommModbusStd.dll

14:14:41 load begin 

14:15:10 lookup begin ,lib name=CommModbusStd.dll

14:15:10 load begin 

14:24:03 lookup begin ,lib name=CommModbusStd.dll

14:24:03 load begin 

14:24:16 lookup begin ,lib name=CommModbusStd.dll

14:24:16 load begin 

14:24:32 lookup begin ,lib name=CommModbusStd.dll

14:24:32 load begin 

14:24:41 lookup begin ,lib name=CommModbusStd.dll

14:24:41 load begin 

