15:04:49 lookup begin ,lib name=CommHttpQHCGQ.dll

15:04:49 load begin 

15:04:49 ERROR:LIB: unable to load library: CommHttpQHCGQ.dll info: ¨ø}

15:04:49 ERROR:LIB: library not loaded, unable to get function pointer create_protocol_object

15:06:17 lookup begin ,lib name=CommHttpQHCGQ.dll

15:06:17 load begin 

15:07:30 lookup begin ,lib name=CommHttpQHCGQ.dll

15:07:30 load begin 

15:07:41 lookup begin ,lib name=CommHttpQHCGQ.dll

15:07:41 load begin 

15:09:25 lookup begin ,lib name=CommHttpQHCGQ.dll

15:09:25 load begin 

15:09:25 ERROR:LIB: unable to load library: CommHttpQHCGQ.dll info: 8õñ

15:09:25 ERROR:LIB: library not loaded, unable to get function pointer create_protocol_object

15:10:02 lookup begin ,lib name=CommHttpQHCGQ.dll

15:10:02 load begin 

15:10:48 lookup begin ,lib name=CommHttpQHCGQ.dll

15:10:48 load begin 

15:11:09 lookup begin ,lib name=CommHttpQHCGQ.dll

15:11:09 load begin 

15:12:06 lookup begin ,lib name=CommHttpQHCGQ.dll

15:12:06 load begin 

15:15:17 lookup begin ,lib name=CommHttpQHCGQ.dll

15:15:17 load begin 

15:15:58 lookup begin ,lib name=CommHttpQHCGQ.dll

15:15:58 load begin 

15:20:42 lookup begin ,lib name=CommHttpQHCGQ.dll

15:20:42 load begin 

15:21:04 lookup begin ,lib name=CommHttpQHCGQ.dll

15:21:04 load begin 

15:21:04 ERROR:LIB: unable to load library: CommHttpQHCGQ.dll info: ˆõP

15:21:04 ERROR:LIB: library not loaded, unable to get function pointer create_protocol_object

15:21:20 lookup begin ,lib name=CommHttpQHCGQ.dll

15:21:20 load begin 

15:39:12 lookup begin ,lib name=CommHttpQHCGQ.dll

15:39:12 load begin 

15:39:35 lookup begin ,lib name=CommHttpQHCGQ.dll

15:39:35 load begin 

15:47:29 lookup begin ,lib name=CommHttpQHCGQ.dll

15:47:29 load begin 

16:02:10 lookup begin ,lib name=CommHttpQHCGQ.dll

16:02:10 load begin 

16:02:39 lookup begin ,lib name=CommHttpQHCGQ.dll

16:02:39 load begin 

16:25:11 lookup begin ,lib name=CommHttpQHCGQ.dll

16:25:11 load begin 

16:25:51 lookup begin ,lib name=CommHttpQHCGQ.dll

16:25:51 load begin 

16:28:33 lookup begin ,lib name=CommHttpQHCGQ.dll

16:28:33 load begin 

16:28:57 lookup begin ,lib name=CommHttpQHCGQ.dll

16:28:57 load begin 

16:30:19 lookup begin ,lib name=CommHttpQHCGQ.dll

16:30:19 load begin 

16:31:25 lookup begin ,lib name=CommHttpQHCGQ.dll

16:31:25 load begin 

16:31:26 ERROR:LIB: unable to load library: CommHttpQHCGQ.dll info:  óÙ

16:31:26 ERROR:LIB: library not loaded, unable to get function pointer create_protocol_object

16:31:40 lookup begin ,lib name=CommHttpQHCGQ.dll

16:31:40 load begin 

16:34:11 lookup begin ,lib name=CommHttpQHCGQ.dll

16:34:11 load begin 

16:35:34 lookup begin ,lib name=CommHttpQHCGQ.dll

16:35:34 load begin 

16:36:30 lookup begin ,lib name=CommHttpQHCGQ.dll

16:36:30 load begin 

16:41:08 lookup begin ,lib name=CommHttpQHCGQ.dll

16:41:08 load begin 

16:42:31 lookup begin ,lib name=CommHttpQHCGQ.dll

16:42:31 load begin 

16:44:08 lookup begin ,lib name=CommHttpQHCGQ.dll

16:44:08 load begin 

16:44:38 lookup begin ,lib name=CommHttpQHCGQ.dll

16:44:38 load begin 

16:45:27 lookup begin ,lib name=CommHttpQHCGQ.dll

16:45:27 load begin 

16:50:15 lookup begin ,lib name=CommHttpQHCGQ.dll

16:50:15 load begin 

16:50:22 lookup begin ,lib name=CommHttpQHCGQ.dll

16:50:22 load begin 

16:51:22 lookup begin ,lib name=CommHttpQHCGQ.dll

16:51:22 load begin 

22:00:26 lookup begin ,lib name=CommHttpQHCGQ.dll

22:00:26 load begin 

22:00:41 lookup begin ,lib name=CommHttpQHCGQ.dll

22:00:41 load begin 

22:00:59 lookup begin ,lib name=CommHttpQHCGQ.dll

22:00:59 load begin 

22:01:39 lookup begin ,lib name=CommHttpQHCGQ.dll

22:01:39 load begin 

22:15:04 lookup begin ,lib name=CommHttpQHCGQ.dll

22:15:04 load begin 

22:18:00 lookup begin ,lib name=CommHttpQHCGQ.dll

22:18:00 load begin 

22:20:51 lookup begin ,lib name=CommHttpQHCGQ.dll

22:20:51 load begin 

