,,\..\Release\CFuncUtil.pdb
E:\e3pro2\program\ldns\code\vc10\Utilities\,,\..\Release\CFuncUtil.dll
E:\e3pro2\program\ldns\code\vc10\Utilities\,,\..\Release\CFuncUtil.dll.intermediate.manifest
E:\E3PRO2\PROGRAM\LDNS\CODE\VC10\UTILITIES\RELEASE\CBROWSEDIR.OBJ
E:\E3PRO2\PROGRAM\LDNS\CODE\VC10\UTILITIES\RELEASE\CFUNCUTIL.DLL
E:\E3PRO2\PROGRAM\LDNS\CODE\VC10\UTILITIES\RELEASE\CFUNCUTIL.DLL.INTERMEDIATE.MANIFEST
E:\e3pro2\program\ldns\code\vc10\Utilities\Release\CFuncUtil.exp
E:\e3pro2\program\ldns\code\vc10\Utilities\Release\CFuncUtil.lib
E:\E3PRO2\PROGRAM\LDNS\CODE\VC10\UTILITIES\RELEASE\CFUNCUTIL.OBJ
E:\E3PRO2\PROGRAM\LDNS\CODE\VC10\UTILITIES\RELEASE\CFUNCUTIL.PDB
E:\e3pro2\program\ldns\code\vc10\Utilities\Release\CFuncUtil.write.1.tlog
E:\e3pro2\program\ldns\code\vc10\Utilities\Release\cl.command.1.tlog
E:\e3pro2\program\ldns\code\vc10\Utilities\Release\CL.read.1.tlog
E:\e3pro2\program\ldns\code\vc10\Utilities\Release\CL.write.1.tlog
E:\e3pro2\program\ldns\code\vc10\Utilities\Release\link.command.1.tlog
E:\e3pro2\program\ldns\code\vc10\Utilities\Release\link.read.1.tlog
E:\e3pro2\program\ldns\code\vc10\Utilities\Release\link.write.1.tlog
E:\e3pro2\program\ldns\code\vc10\Utilities\Release\mt.command.1.tlog
E:\e3pro2\program\ldns\code\vc10\Utilities\Release\mt.read.1.tlog
E:\e3pro2\program\ldns\code\vc10\Utilities\Release\mt.write.1.tlog
E:\E3PRO2\PROGRAM\LDNS\CODE\VC10\UTILITIES\RELEASE\VC100.PDB
