..\..\..\bin\CommLightStd.ilk
..\..\..\bin\CommLightStd.pdb
F:\CODE\BIN\COMMLIGHTSTD.DLL
F:\CODE\BIN\COMMLIGHTSTD.DLL.MANIFEST
F:\code\bin\CommLightStd.exp
F:\CODE\BIN\COMMLIGHTSTD.ILK
F:\code\bin\CommLightStd.lib
F:\CODE\BIN\COMMLIGHTSTD.PDB
F:\code\vc10_plungin\plungins\CommLightStd\..\..\..\bin\CommLightStd.dll
F:\code\vc10_plungin\plungins\CommLightStd\..\..\..\bin\CommLightStd.dll.manifest
F:\code\vc10_plungin\plungins\CommLightStd\Debug\cl.command.1.tlog
F:\code\vc10_plungin\plungins\CommLightStd\Debug\CL.read.1.tlog
F:\code\vc10_plungin\plungins\CommLightStd\Debug\CL.write.1.tlog
F:\CODE\VC10_PLUNGIN\PLUNGINS\COMMLIGHTSTD\DEBUG\COMMHTTPLIGHT.RES
F:\CODE\VC10_PLUNGIN\PLUNGINS\COMMLIGHTSTD\DEBUG\COMMLIGHTSTD.DLL.INTERMEDIATE.MANIFEST
F:\code\vc10_plungin\plungins\CommLightStd\Debug\CommLightStd.vcxprojResolveAssemblyReference.cache
F:\code\vc10_plungin\plungins\CommLightStd\Debug\CommLightStd.write.1.tlog
F:\code\vc10_plungin\plungins\CommLightStd\Debug\link.command.1.tlog
F:\code\vc10_plungin\plungins\CommLightStd\Debug\link.read.1.tlog
F:\code\vc10_plungin\plungins\CommLightStd\Debug\link.write.1.tlog
F:\code\vc10_plungin\plungins\CommLightStd\Debug\link-cvtres.read.1.tlog
F:\code\vc10_plungin\plungins\CommLightStd\Debug\link-cvtres.write.1.tlog
F:\code\vc10_plungin\plungins\CommLightStd\Debug\mt.command.1.tlog
F:\code\vc10_plungin\plungins\CommLightStd\Debug\mt.read.1.tlog
F:\code\vc10_plungin\plungins\CommLightStd\Debug\mt.write.1.tlog
F:\CODE\VC10_PLUNGIN\PLUNGINS\COMMLIGHTSTD\DEBUG\Q_PROTOCOLLIGHT.OBJ
F:\code\vc10_plungin\plungins\CommLightStd\Debug\rc.command.1.tlog
F:\code\vc10_plungin\plungins\CommLightStd\Debug\rc.read.1.tlog
F:\code\vc10_plungin\plungins\CommLightStd\Debug\rc.write.1.tlog
F:\code\vc10_plungin\plungins\CommLightStd\Debug\vc100.idb
F:\CODE\VC10_PLUNGIN\PLUNGINS\COMMLIGHTSTD\DEBUG\VC100.PDB
